<?xml version="1.0" encoding="UTF-8"?>
<coverage generated="1765721059162" clover="3.2.0">
  <project timestamp="1765721059162" name="All files">
    <metrics statements="3273" coveredstatements="645" conditionals="2319" coveredconditionals="425" methods="416" coveredmethods="110" elements="6008" coveredelements="1180" complexity="0" loc="3273" ncloc="3273" packages="3" files="9" classes="9"/>
    <package name="backend">
      <metrics statements="3006" coveredstatements="543" conditionals="2135" coveredconditionals="362" methods="393" coveredmethods="102"/>
      <file name="auth.js" path="/home/runner/work/kars/kars/backend/auth.js">
        <metrics statements="49" coveredstatements="46" conditionals="24" coveredconditionals="23" methods="9" coveredmethods="9"/>
        <line num="6" count="4" type="cond" truecount="3" falsecount="1"/>
        <line num="7" count="0" type="stmt"/>
        <line num="10" count="4" type="cond" truecount="2" falsecount="0"/>
        <line num="11" count="4" type="stmt"/>
        <line num="14" count="4" type="stmt"/>
        <line num="15" count="12" type="stmt"/>
        <line num="28" count="4" type="stmt"/>
        <line num="29" count="14" type="stmt"/>
        <line num="30" count="14" type="stmt"/>
        <line num="32" count="5" type="stmt"/>
        <line num="37" count="4" type="stmt"/>
        <line num="38" count="6" type="stmt"/>
        <line num="42" count="4" type="stmt"/>
        <line num="43" count="3" type="stmt"/>
        <line num="47" count="4" type="stmt"/>
        <line num="48" count="9" type="stmt"/>
        <line num="49" count="9" type="stmt"/>
        <line num="51" count="9" type="cond" truecount="4" falsecount="0"/>
        <line num="52" count="2" type="stmt"/>
        <line num="55" count="7" type="stmt"/>
        <line num="56" count="7" type="stmt"/>
        <line num="58" count="7" type="cond" truecount="2" falsecount="0"/>
        <line num="59" count="1" type="stmt"/>
        <line num="63" count="6" type="stmt"/>
        <line num="64" count="6" type="stmt"/>
        <line num="66" count="0" type="stmt"/>
        <line num="67" count="0" type="stmt"/>
        <line num="72" count="4" type="stmt"/>
        <line num="73" count="12" type="stmt"/>
        <line num="74" count="12" type="cond" truecount="2" falsecount="0"/>
        <line num="75" count="1" type="stmt"/>
        <line num="79" count="11" type="cond" truecount="2" falsecount="0"/>
        <line num="80" count="2" type="stmt"/>
        <line num="84" count="15" type="stmt"/>
        <line num="85" count="9" type="stmt"/>
        <line num="87" count="9" type="cond" truecount="2" falsecount="0"/>
        <line num="88" count="3" type="stmt"/>
        <line num="91" count="6" type="stmt"/>
        <line num="96" count="4" type="stmt"/>
        <line num="97" count="5" type="stmt"/>
        <line num="98" count="5" type="stmt"/>
        <line num="100" count="4" type="cond" truecount="4" falsecount="0"/>
        <line num="101" count="3" type="stmt"/>
        <line num="102" count="3" type="stmt"/>
        <line num="104" count="3" type="cond" truecount="2" falsecount="0"/>
        <line num="105" count="1" type="stmt"/>
        <line num="109" count="4" type="stmt"/>
        <line num="111" count="1" type="stmt"/>
        <line num="112" count="1" type="stmt"/>
      </file>
      <file name="database.js" path="/home/runner/work/kars/kars/backend/database.js">
        <metrics statements="922" coveredstatements="460" conditionals="848" coveredconditionals="326" methods="167" coveredmethods="82"/>
        <line num="7" count="11" type="stmt"/>
        <line num="9" count="11" type="stmt"/>
        <line num="10" count="11" type="stmt"/>
        <line num="13" count="11" type="cond" truecount="2" falsecount="0"/>
        <line num="14" count="11" type="stmt"/>
        <line num="15" count="11" type="stmt"/>
        <line num="20" count="11" type="stmt"/>
        <line num="22" count="11" type="stmt"/>
        <line num="27" count="11" type="stmt"/>
        <line num="28" count="22" type="stmt"/>
        <line num="29" count="22" type="stmt"/>
        <line num="30" count="22" type="stmt"/>
        <line num="33" count="0" type="stmt"/>
        <line num="34" count="0" type="stmt"/>
        <line num="36" count="0" type="stmt"/>
        <line num="38" count="0" type="stmt"/>
        <line num="42" count="11" type="stmt"/>
        <line num="43" count="11" type="stmt"/>
        <line num="46" count="11" type="cond" truecount="2" falsecount="0"/>
        <line num="47" count="11" type="cond" truecount="2" falsecount="0"/>
        <line num="48" count="11" type="stmt"/>
        <line num="50" count="11" type="cond" truecount="1" falsecount="1"/>
        <line num="51" count="11" type="cond" truecount="2" falsecount="0"/>
        <line num="52" count="11" type="cond" truecount="2" falsecount="0"/>
        <line num="53" count="11" type="cond" truecount="3" falsecount="0"/>
        <line num="60" count="11" type="stmt"/>
        <line num="61" count="0" type="cond" truecount="0" falsecount="2"/>
        <line num="64" count="0" type="cond" truecount="0" falsecount="2"/>
        <line num="65" count="0" type="stmt"/>
        <line num="70" count="0" type="cond" truecount="0" falsecount="5"/>
        <line num="71" count="0" type="stmt"/>
        <line num="76" count="0" type="stmt"/>
        <line num="81" count="0" type="cond" truecount="0" falsecount="2"/>
        <line num="82" count="0" type="cond" truecount="0" falsecount="2"/>
        <line num="86" count="0" type="cond" truecount="0" falsecount="2"/>
        <line num="87" count="0" type="stmt"/>
        <line num="90" count="0" type="stmt"/>
        <line num="115" count="11" type="stmt"/>
        <line num="116" count="0" type="cond" truecount="0" falsecount="2"/>
        <line num="117" count="0" type="stmt"/>
        <line num="121" count="0" type="cond" truecount="0" falsecount="4"/>
        <line num="122" count="0" type="stmt"/>
        <line num="127" count="0" type="stmt"/>
        <line num="129" count="0" type="stmt"/>
        <line num="149" count="11" type="cond" truecount="0" falsecount="1"/>
        <line num="150" count="0" type="cond" truecount="0" falsecount="2"/>
        <line num="151" count="0" type="stmt"/>
        <line num="155" count="0" type="stmt"/>
        <line num="156" count="0" type="cond" truecount="0" falsecount="2"/>
        <line num="157" count="0" type="cond" truecount="0" falsecount="2"/>
        <line num="158" count="0" type="stmt"/>
        <line num="160" count="0" type="stmt"/>
        <line num="163" count="0" type="stmt"/>
        <line num="170" count="11" type="stmt"/>
        <line num="171" count="0" type="cond" truecount="0" falsecount="2"/>
        <line num="172" count="0" type="stmt"/>
        <line num="176" count="0" type="stmt"/>
        <line num="181" count="0" type="cond" truecount="0" falsecount="2"/>
        <line num="182" count="0" type="stmt"/>
        <line num="183" count="0" type="cond" truecount="0" falsecount="2"/>
        <line num="184" count="0" type="stmt"/>
        <line num="186" count="0" type="stmt"/>
        <line num="189" count="0" type="stmt"/>
        <line num="191" count="0" type="stmt"/>
        <line num="197" count="0" type="cond" truecount="0" falsecount="4"/>
        <line num="198" count="0" type="stmt"/>
        <line num="199" count="0" type="stmt"/>
        <line num="201" count="0" type="cond" truecount="0" falsecount="4"/>
        <line num="202" count="0" type="stmt"/>
        <line num="204" count="0" type="stmt"/>
        <line num="207" count="0" type="stmt"/>
        <line num="208" count="0" type="stmt"/>
        <line num="210" count="0" type="stmt"/>
        <line num="215" count="0" type="stmt"/>
        <line num="218" count="11" type="stmt"/>
        <line num="219" count="11" type="stmt"/>
        <line num="220" count="11" type="stmt"/>
        <line num="221" count="11" type="stmt"/>
        <line num="223" count="11" type="cond" truecount="2" falsecount="2"/>
        <line num="224" count="0" type="stmt"/>
        <line num="225" count="0" type="stmt"/>
        <line num="229" count="0" type="stmt"/>
        <line num="230" count="0" type="stmt"/>
        <line num="232" count="0" type="stmt"/>
        <line num="234" count="11" type="cond" truecount="2" falsecount="2"/>
        <line num="235" count="0" type="stmt"/>
        <line num="238" count="11" type="stmt"/>
        <line num="240" count="11" type="cond" truecount="1" falsecount="1"/>
        <line num="241" count="11" type="stmt"/>
        <line num="244" count="11" type="stmt"/>
        <line num="245" count="0" type="cond" truecount="0" falsecount="2"/>
        <line num="246" count="0" type="stmt"/>
        <line num="247" count="0" type="stmt"/>
        <line num="250" count="11" type="cond" truecount="1" falsecount="0"/>
        <line num="251" count="103" type="cond" truecount="1" falsecount="1"/>
        <line num="252" count="0" type="stmt"/>
        <line num="253" count="0" type="stmt"/>
        <line num="255" count="103" type="stmt"/>
        <line num="256" count="103" type="stmt"/>
        <line num="259" count="11" type="cond" truecount="1" falsecount="0"/>
        <line num="260" count="313" type="cond" truecount="1" falsecount="1"/>
        <line num="261" count="0" type="stmt"/>
        <line num="262" count="0" type="cond" truecount="0" falsecount="2"/>
        <line num="264" count="313" type="stmt"/>
        <line num="265" count="313" type="cond" truecount="2" falsecount="0"/>
        <line num="268" count="11" type="cond" truecount="1" falsecount="0"/>
        <line num="269" count="580" type="cond" truecount="1" falsecount="1"/>
        <line num="270" count="0" type="stmt"/>
        <line num="271" count="0" type="stmt"/>
        <line num="277" count="580" type="stmt"/>
        <line num="278" count="580" type="stmt"/>
        <line num="279" count="580" type="stmt"/>
        <line num="282" count="11" type="stmt"/>
        <line num="284" count="11" type="stmt"/>
        <line num="285" count="11" type="stmt"/>
        <line num="290" count="11" type="stmt"/>
        <line num="293" count="11" type="stmt"/>
        <line num="295" count="11" type="stmt"/>
        <line num="296" count="9" type="cond" truecount="1" falsecount="1"/>
        <line num="342" count="9" type="cond" truecount="1" falsecount="1"/>
        <line num="362" count="9" type="cond" truecount="1" falsecount="1"/>
        <line num="386" count="9" type="cond" truecount="1" falsecount="1"/>
        <line num="432" count="9" type="cond" truecount="1" falsecount="1"/>
        <line num="459" count="9" type="cond" truecount="1" falsecount="1"/>
        <line num="495" count="9" type="cond" truecount="1" falsecount="1"/>
        <line num="531" count="9" type="cond" truecount="1" falsecount="1"/>
        <line num="553" count="9" type="cond" truecount="1" falsecount="1"/>
        <line num="581" count="9" type="cond" truecount="1" falsecount="1"/>
        <line num="605" count="9" type="cond" truecount="1" falsecount="1"/>
        <line num="639" count="9" type="cond" truecount="1" falsecount="1"/>
        <line num="660" count="9" type="cond" truecount="1" falsecount="1"/>
        <line num="695" count="9" type="cond" truecount="1" falsecount="1"/>
        <line num="729" count="9" type="cond" truecount="1" falsecount="1"/>
        <line num="753" count="9" type="cond" truecount="1" falsecount="1"/>
        <line num="783" count="9" type="cond" truecount="1" falsecount="1"/>
        <line num="808" count="9" type="stmt"/>
        <line num="809" count="9" type="stmt"/>
        <line num="810" count="9" type="stmt"/>
        <line num="811" count="9" type="stmt"/>
        <line num="812" count="9" type="stmt"/>
        <line num="813" count="9" type="stmt"/>
        <line num="814" count="9" type="stmt"/>
        <line num="815" count="9" type="stmt"/>
        <line num="816" count="9" type="stmt"/>
        <line num="817" count="9" type="stmt"/>
        <line num="818" count="9" type="stmt"/>
        <line num="819" count="9" type="stmt"/>
        <line num="820" count="9" type="stmt"/>
        <line num="821" count="9" type="stmt"/>
        <line num="822" count="9" type="stmt"/>
        <line num="823" count="9" type="stmt"/>
        <line num="824" count="9" type="stmt"/>
        <line num="828" count="9" type="stmt"/>
        <line num="829" count="9" type="cond" truecount="1" falsecount="1"/>
        <line num="837" count="171" type="stmt"/>
        <line num="838" count="90" type="stmt"/>
        <line num="840" count="9" type="cond" truecount="2" falsecount="2"/>
        <line num="841" count="0" type="stmt"/>
        <line num="844" count="0" type="cond" truecount="0" falsecount="2"/>
        <line num="845" count="0" type="stmt"/>
        <line num="847" count="0" type="stmt"/>
        <line num="852" count="0" type="stmt"/>
        <line num="853" count="0" type="stmt"/>
        <line num="854" count="0" type="stmt"/>
        <line num="855" count="0" type="cond" truecount="0" falsecount="2"/>
        <line num="856" count="0" type="stmt"/>
        <line num="859" count="0" type="stmt"/>
        <line num="860" count="0" type="cond" truecount="0" falsecount="2"/>
        <line num="863" count="0" type="stmt"/>
        <line num="864" count="0" type="cond" truecount="0" falsecount="2"/>
        <line num="865" count="0" type="stmt"/>
        <line num="866" count="0" type="stmt"/>
        <line num="872" count="0" type="cond" truecount="0" falsecount="2"/>
        <line num="874" count="0" type="stmt"/>
        <line num="876" count="0" type="stmt"/>
        <line num="880" count="0" type="stmt"/>
        <line num="881" count="0" type="cond" truecount="0" falsecount="2"/>
        <line num="882" count="0" type="stmt"/>
        <line num="883" count="0" type="stmt"/>
        <line num="884" count="0" type="cond" truecount="0" falsecount="2"/>
        <line num="885" count="0" type="stmt"/>
        <line num="890" count="0" type="stmt"/>
        <line num="915" count="0" type="stmt"/>
        <line num="926" count="0" type="stmt"/>
        <line num="927" count="0" type="stmt"/>
        <line num="930" count="0" type="stmt"/>
        <line num="933" count="0" type="stmt"/>
        <line num="938" count="9" type="stmt"/>
        <line num="939" count="9" type="cond" truecount="1" falsecount="1"/>
        <line num="947" count="171" type="stmt"/>
        <line num="949" count="9" type="cond" truecount="1" falsecount="1"/>
        <line num="950" count="0" type="stmt"/>
        <line num="953" count="0" type="stmt"/>
        <line num="956" count="0" type="stmt"/>
        <line num="958" count="0" type="stmt"/>
        <line num="961" count="0" type="stmt"/>
        <line num="966" count="9" type="stmt"/>
        <line num="967" count="9" type="cond" truecount="1" falsecount="1"/>
        <line num="968" count="0" type="stmt"/>
        <line num="969" count="0" type="stmt"/>
        <line num="974" count="9" type="stmt"/>
        <line num="984" count="9" type="stmt"/>
        <line num="985" count="9" type="cond" truecount="1" falsecount="1"/>
        <line num="993" count="45" type="stmt"/>
        <line num="995" count="9" type="cond" truecount="1" falsecount="1"/>
        <line num="996" count="0" type="stmt"/>
        <line num="999" count="0" type="stmt"/>
        <line num="1000" count="0" type="stmt"/>
        <line num="1001" count="0" type="stmt"/>
        <line num="1002" count="0" type="stmt"/>
        <line num="1003" count="0" type="stmt"/>
        <line num="1004" count="0" type="stmt"/>
        <line num="1005" count="0" type="stmt"/>
        <line num="1008" count="0" type="stmt"/>
        <line num="1010" count="0" type="stmt"/>
        <line num="1014" count="108" type="stmt"/>
        <line num="1015" count="9" type="cond" truecount="1" falsecount="1"/>
        <line num="1016" count="0" type="stmt"/>
        <line num="1017" count="0" type="stmt"/>
        <line num="1018" count="0" type="stmt"/>
        <line num="1021" count="0" type="stmt"/>
        <line num="1026" count="9" type="stmt"/>
        <line num="1027" count="9" type="cond" truecount="1" falsecount="1"/>
        <line num="1035" count="81" type="stmt"/>
        <line num="1036" count="9" type="cond" truecount="1" falsecount="1"/>
        <line num="1037" count="0" type="stmt"/>
        <line num="1038" count="0" type="stmt"/>
        <line num="1039" count="0" type="stmt"/>
        <line num="1040" count="0" type="stmt"/>
        <line num="1043" count="0" type="stmt"/>
        <line num="1048" count="9" type="stmt"/>
        <line num="1049" count="9" type="cond" truecount="1" falsecount="1"/>
        <line num="1050" count="0" type="stmt"/>
        <line num="1051" count="0" type="stmt"/>
        <line num="1058" count="9" type="stmt"/>
        <line num="1059" count="9" type="cond" truecount="1" falsecount="1"/>
        <line num="1060" count="0" type="stmt"/>
        <line num="1061" count="0" type="stmt"/>
        <line num="1068" count="9" type="stmt"/>
        <line num="1069" count="9" type="cond" truecount="1" falsecount="1"/>
        <line num="1070" count="0" type="stmt"/>
        <line num="1071" count="0" type="stmt"/>
        <line num="1078" count="9" type="stmt"/>
        <line num="1079" count="9" type="cond" truecount="1" falsecount="1"/>
        <line num="1081" count="9" type="cond" truecount="1" falsecount="1"/>
        <line num="1082" count="0" type="stmt"/>
        <line num="1083" count="0" type="stmt"/>
        <line num="1084" count="0" type="stmt"/>
        <line num="1099" count="0" type="stmt"/>
        <line num="1100" count="0" type="cond" truecount="0" falsecount="2"/>
        <line num="1106" count="0" type="stmt"/>
        <line num="1108" count="0" type="stmt"/>
        <line num="1112" count="9" type="stmt"/>
        <line num="1113" count="9" type="stmt"/>
        <line num="1114" count="9" type="stmt"/>
        <line num="1115" count="9" type="stmt"/>
        <line num="1116" count="9" type="stmt"/>
        <line num="1117" count="9" type="stmt"/>
        <line num="1118" count="9" type="stmt"/>
        <line num="1119" count="9" type="stmt"/>
        <line num="1121" count="9" type="stmt"/>
        <line num="1122" count="9" type="stmt"/>
        <line num="1124" count="0" type="stmt"/>
        <line num="1126" count="9" type="stmt"/>
        <line num="1127" count="9" type="stmt"/>
        <line num="1128" count="9" type="stmt"/>
        <line num="1129" count="9" type="stmt"/>
        <line num="1130" count="9" type="stmt"/>
        <line num="1131" count="9" type="stmt"/>
        <line num="1132" count="9" type="stmt"/>
        <line num="1133" count="9" type="stmt"/>
        <line num="1135" count="9" type="stmt"/>
        <line num="1136" count="9" type="cond" truecount="1" falsecount="1"/>
        <line num="1143" count="135" type="stmt"/>
        <line num="1144" count="9" type="cond" truecount="1" falsecount="1"/>
        <line num="1145" count="9" type="stmt"/>
        <line num="1148" count="0" type="stmt"/>
        <line num="1151" count="9" type="cond" truecount="1" falsecount="1"/>
        <line num="1164" count="11" type="cond" truecount="0" falsecount="1"/>
        <line num="1165" count="340" type="cond" truecount="2" falsecount="0"/>
        <line num="1168" count="251" type="cond" truecount="1" falsecount="1"/>
        <line num="1169" count="251" type="stmt"/>
        <line num="1170" count="251" type="cond" truecount="1" falsecount="1"/>
        <line num="1171" count="0" type="stmt"/>
        <line num="1173" count="251" type="stmt"/>
        <line num="1177" count="0" type="cond" truecount="0" falsecount="2"/>
        <line num="1178" count="0" type="cond" truecount="0" falsecount="2"/>
        <line num="1179" count="0" type="stmt"/>
        <line num="1181" count="0" type="stmt"/>
        <line num="1185" count="0" type="stmt"/>
        <line num="1195" count="11" type="stmt"/>
        <line num="1196" count="5" type="cond" truecount="4" falsecount="0"/>
        <line num="1199" count="11" type="stmt"/>
        <line num="1202" count="52" type="stmt"/>
        <line num="1205" count="52" type="stmt"/>
        <line num="1206" count="52" type="cond" truecount="1" falsecount="1"/>
        <line num="1207" count="52" type="stmt"/>
        <line num="1208" count="52" type="cond" truecount="2" falsecount="0"/>
        <line num="1212" count="52" type="stmt"/>
        <line num="1213" count="52" type="cond" truecount="2" falsecount="0"/>
        <line num="1214" count="48" type="stmt"/>
        <line num="1215" count="48" type="cond" truecount="2" falsecount="0"/>
        <line num="1219" count="52" type="cond" truecount="2" falsecount="0"/>
        <line num="1220" count="52" type="cond" truecount="4" falsecount="0"/>
        <line num="1221" count="51" type="stmt"/>
        <line num="1222" count="51" type="cond" truecount="1" falsecount="1"/>
        <line num="1223" count="0" type="stmt"/>
        <line num="1225" count="51" type="stmt"/>
        <line num="1227" count="52" type="cond" truecount="1" falsecount="1"/>
        <line num="1228" count="0" type="stmt"/>
        <line num="1231" count="52" type="stmt"/>
        <line num="1243" count="52" type="stmt"/>
        <line num="1264" count="52" type="cond" truecount="1" falsecount="1"/>
        <line num="1265" count="52" type="stmt"/>
        <line num="1268" count="7" type="stmt"/>
        <line num="1284" count="7" type="stmt"/>
        <line num="1285" count="7" type="stmt"/>
        <line num="1292" count="21" type="stmt"/>
        <line num="1308" count="21" type="stmt"/>
        <line num="1309" count="21" type="cond" truecount="1" falsecount="1"/>
        <line num="1310" count="21" type="stmt"/>
        <line num="1317" count="0" type="stmt"/>
        <line num="1333" count="0" type="stmt"/>
        <line num="1336" count="0" type="cond" truecount="0" falsecount="2"/>
        <line num="1337" count="0" type="stmt"/>
        <line num="1338" count="0" type="stmt"/>
        <line num="1341" count="0" type="cond" truecount="0" falsecount="2"/>
        <line num="1342" count="0" type="stmt"/>
        <line num="1343" count="0" type="stmt"/>
        <line num="1346" count="0" type="cond" truecount="0" falsecount="2"/>
        <line num="1347" count="0" type="stmt"/>
        <line num="1348" count="0" type="stmt"/>
        <line num="1351" count="0" type="cond" truecount="0" falsecount="2"/>
        <line num="1352" count="0" type="stmt"/>
        <line num="1353" count="0" type="stmt"/>
        <line num="1356" count="0" type="stmt"/>
        <line num="1358" count="0" type="stmt"/>
        <line num="1359" count="0" type="stmt"/>
        <line num="1366" count="0" type="stmt"/>
        <line num="1367" count="0" type="stmt"/>
        <line num="1374" count="3" type="stmt"/>
        <line num="1377" count="3" type="stmt"/>
        <line num="1378" count="3" type="cond" truecount="1" falsecount="1"/>
        <line num="1379" count="3" type="stmt"/>
        <line num="1380" count="3" type="cond" truecount="1" falsecount="1"/>
        <line num="1384" count="3" type="stmt"/>
        <line num="1385" count="3" type="cond" truecount="1" falsecount="1"/>
        <line num="1386" count="3" type="stmt"/>
        <line num="1387" count="3" type="cond" truecount="1" falsecount="1"/>
        <line num="1391" count="3" type="cond" truecount="2" falsecount="0"/>
        <line num="1392" count="3" type="cond" truecount="4" falsecount="0"/>
        <line num="1393" count="1" type="stmt"/>
        <line num="1394" count="1" type="cond" truecount="1" falsecount="1"/>
        <line num="1395" count="0" type="stmt"/>
        <line num="1397" count="1" type="stmt"/>
        <line num="1399" count="3" type="cond" truecount="1" falsecount="1"/>
        <line num="1400" count="0" type="stmt"/>
        <line num="1405" count="3" type="stmt"/>
        <line num="1433" count="53" type="stmt"/>
        <line num="1435" count="0" type="stmt"/>
        <line num="1451" count="0" type="stmt"/>
        <line num="1452" count="0" type="stmt"/>
        <line num="1459" count="6" type="stmt"/>
        <line num="1475" count="6" type="stmt"/>
        <line num="1476" count="9" type="stmt"/>
        <line num="1483" count="1" type="stmt"/>
        <line num="1486" count="1" type="stmt"/>
        <line num="1487" count="1" type="cond" truecount="1" falsecount="1"/>
        <line num="1488" count="1" type="stmt"/>
        <line num="1489" count="1" type="cond" truecount="2" falsecount="0"/>
        <line num="1494" count="1" type="stmt"/>
        <line num="1501" count="10" type="stmt"/>
        <line num="1504" count="10" type="stmt"/>
        <line num="1511" count="10" type="stmt"/>
        <line num="1512" count="10" type="cond" truecount="1" falsecount="1"/>
        <line num="1513" count="10" type="stmt"/>
        <line num="1514" count="10" type="cond" truecount="2" falsecount="0"/>
        <line num="1520" count="10" type="cond" truecount="1" falsecount="1"/>
        <line num="1521" count="10" type="cond" truecount="2" falsecount="0"/>
        <line num="1522" count="10" type="cond" truecount="2" falsecount="0"/>
        <line num="1523" count="10" type="cond" truecount="2" falsecount="0"/>
        <line num="1525" count="10" type="stmt"/>
        <line num="1532" count="10" type="stmt"/>
        <line num="1533" count="10" type="cond" truecount="1" falsecount="1"/>
        <line num="1535" count="10" type="stmt"/>
        <line num="1542" count="0" type="stmt"/>
        <line num="1543" count="0" type="stmt"/>
        <line num="1550" count="5" type="cond" truecount="4" falsecount="0"/>
        <line num="1551" count="20" type="stmt"/>
        <line num="1552" count="4" type="stmt"/>
        <line num="1568" count="4" type="stmt"/>
        <line num="1569" count="15" type="stmt"/>
        <line num="1576" count="1" type="cond" truecount="3" falsecount="1"/>
        <line num="1577" count="1" type="stmt"/>
        <line num="1578" count="5" type="stmt"/>
        <line num="1579" count="1" type="stmt"/>
        <line num="1584" count="1" type="cond" truecount="1" falsecount="1"/>
        <line num="1587" count="1" type="cond" truecount="3" falsecount="1"/>
        <line num="1588" count="5" type="stmt"/>
        <line num="1589" count="1" type="stmt"/>
        <line num="1590" count="1" type="stmt"/>
        <line num="1593" count="2" type="cond" truecount="3" falsecount="1"/>
        <line num="1594" count="2" type="stmt"/>
        <line num="1597" count="2" type="stmt"/>
        <line num="1598" count="2" type="cond" truecount="1" falsecount="1"/>
        <line num="1599" count="2" type="stmt"/>
        <line num="1600" count="2" type="cond" truecount="2" falsecount="0"/>
        <line num="1603" count="7" type="stmt"/>
        <line num="1604" count="2" type="stmt"/>
        <line num="1611" count="2" type="cond" truecount="3" falsecount="3"/>
        <line num="1614" count="2" type="stmt"/>
        <line num="1615" count="3" type="stmt"/>
        <line num="1622" count="6" type="stmt"/>
        <line num="1637" count="6" type="stmt"/>
        <line num="1639" count="6" type="cond" truecount="4" falsecount="0"/>
        <line num="1641" count="4" type="stmt"/>
        <line num="1644" count="2" type="stmt"/>
        <line num="1646" count="2" type="stmt"/>
        <line num="1649" count="6" type="stmt"/>
        <line num="1650" count="6" type="stmt"/>
        <line num="1663" count="11" type="stmt"/>
        <line num="1664" count="4" type="stmt"/>
        <line num="1665" count="4" type="cond" truecount="2" falsecount="0"/>
        <line num="1668" count="3" type="stmt"/>
        <line num="1675" count="3" type="stmt"/>
        <line num="1681" count="3" type="stmt"/>
        <line num="1687" count="11" type="stmt"/>
        <line num="1689" count="6" type="stmt"/>
        <line num="1690" count="6" type="stmt"/>
        <line num="1695" count="6" type="cond" truecount="1" falsecount="1"/>
        <line num="1696" count="6" type="cond" truecount="1" falsecount="1"/>
        <line num="1697" count="6" type="stmt"/>
        <line num="1700" count="0" type="stmt"/>
        <line num="1701" count="0" type="stmt"/>
        <line num="1706" count="0" type="stmt"/>
        <line num="1713" count="0" type="cond" truecount="0" falsecount="2"/>
        <line num="1714" count="0" type="stmt"/>
        <line num="1717" count="0" type="stmt"/>
        <line num="1718" count="0" type="stmt"/>
        <line num="1725" count="6" type="stmt"/>
        <line num="1726" count="6" type="cond" truecount="1" falsecount="1"/>
        <line num="1733" count="0" type="stmt"/>
        <line num="1734" count="0" type="cond" truecount="0" falsecount="2"/>
        <line num="1741" count="0" type="stmt"/>
        <line num="1742" count="0" type="cond" truecount="0" falsecount="2"/>
        <line num="1748" count="0" type="stmt"/>
        <line num="1754" count="0" type="stmt"/>
        <line num="1755" count="0" type="stmt"/>
        <line num="1762" count="0" type="stmt"/>
        <line num="1763" count="0" type="stmt"/>
        <line num="1769" count="6" type="stmt"/>
        <line num="1771" count="0" type="stmt"/>
        <line num="1772" count="0" type="cond" truecount="0" falsecount="2"/>
        <line num="1775" count="0" type="stmt"/>
        <line num="1776" count="0" type="cond" truecount="0" falsecount="2"/>
        <line num="1780" count="11" type="stmt"/>
        <line num="1782" count="4" type="stmt"/>
        <line num="1783" count="4" type="cond" truecount="1" falsecount="1"/>
        <line num="1785" count="4" type="stmt"/>
        <line num="1791" count="2" type="stmt"/>
        <line num="1792" count="2" type="stmt"/>
        <line num="1794" count="2" type="cond" truecount="1" falsecount="1"/>
        <line num="1795" count="0" type="stmt"/>
        <line num="1796" count="0" type="stmt"/>
        <line num="1799" count="2" type="cond" truecount="1" falsecount="1"/>
        <line num="1800" count="0" type="stmt"/>
        <line num="1801" count="0" type="stmt"/>
        <line num="1804" count="2" type="cond" truecount="1" falsecount="1"/>
        <line num="1805" count="0" type="stmt"/>
        <line num="1806" count="0" type="stmt"/>
        <line num="1809" count="2" type="cond" truecount="1" falsecount="1"/>
        <line num="1810" count="0" type="stmt"/>
        <line num="1811" count="0" type="stmt"/>
        <line num="1814" count="2" type="cond" truecount="1" falsecount="1"/>
        <line num="1815" count="0" type="stmt"/>
        <line num="1816" count="0" type="stmt"/>
        <line num="1819" count="2" type="cond" truecount="1" falsecount="1"/>
        <line num="1820" count="0" type="stmt"/>
        <line num="1821" count="0" type="stmt"/>
        <line num="1824" count="2" type="stmt"/>
        <line num="1826" count="2" type="cond" truecount="1" falsecount="1"/>
        <line num="1827" count="0" type="stmt"/>
        <line num="1828" count="0" type="stmt"/>
        <line num="1831" count="2" type="stmt"/>
        <line num="1832" count="14" type="stmt"/>
        <line num="1838" count="0" type="stmt"/>
        <line num="1843" count="0" type="stmt"/>
        <line num="1846" count="0" type="stmt"/>
        <line num="1847" count="0" type="stmt"/>
        <line num="1850" count="0" type="stmt"/>
        <line num="1858" count="0" type="stmt"/>
        <line num="1860" count="0" type="cond" truecount="0" falsecount="2"/>
        <line num="1861" count="0" type="stmt"/>
        <line num="1862" count="0" type="stmt"/>
        <line num="1865" count="0" type="cond" truecount="0" falsecount="2"/>
        <line num="1866" count="0" type="stmt"/>
        <line num="1867" count="0" type="stmt"/>
        <line num="1870" count="0" type="stmt"/>
        <line num="1872" count="0" type="stmt"/>
        <line num="1873" count="0" type="stmt"/>
        <line num="1877" count="11" type="stmt"/>
        <line num="1879" count="29" type="stmt"/>
        <line num="1880" count="29" type="stmt"/>
        <line num="1885" count="29" type="stmt"/>
        <line num="1897" count="29" type="cond" truecount="1" falsecount="1"/>
        <line num="1898" count="29" type="stmt"/>
        <line num="1901" count="19" type="stmt"/>
        <line num="1902" count="19" type="cond" truecount="2" falsecount="0"/>
        <line num="1903" count="18" type="stmt"/>
        <line num="1910" count="19" type="stmt"/>
        <line num="1911" count="19" type="cond" truecount="1" falsecount="1"/>
        <line num="1912" count="19" type="stmt"/>
        <line num="1919" count="7" type="stmt"/>
        <line num="1920" count="24" type="stmt"/>
        <line num="1927" count="1" type="stmt"/>
        <line num="1928" count="1" type="stmt"/>
        <line num="1934" count="2" type="stmt"/>
        <line num="1936" count="0" type="stmt"/>
        <line num="1937" count="0" type="stmt"/>
        <line num="1939" count="37" type="stmt"/>
        <line num="1940" count="0" type="stmt"/>
        <line num="1954" count="0" type="stmt"/>
        <line num="1956" count="0" type="stmt"/>
        <line num="1957" count="0" type="cond" truecount="0" falsecount="2"/>
        <line num="1958" count="0" type="stmt"/>
        <line num="1965" count="7" type="stmt"/>
        <line num="1968" count="7" type="cond" truecount="3" falsecount="0"/>
        <line num="1971" count="7" type="cond" truecount="2" falsecount="0"/>
        <line num="1973" count="7" type="stmt"/>
        <line num="1978" count="7" type="stmt"/>
        <line num="1992" count="7" type="cond" truecount="1" falsecount="1"/>
        <line num="1993" count="7" type="stmt"/>
        <line num="1995" count="0" type="stmt"/>
        <line num="1996" count="3" type="stmt"/>
        <line num="2001" count="0" type="stmt"/>
        <line num="2006" count="6" type="stmt"/>
        <line num="2007" count="3" type="stmt"/>
        <line num="2013" count="4" type="stmt"/>
        <line num="2016" count="4" type="cond" truecount="4" falsecount="0"/>
        <line num="2019" count="3" type="stmt"/>
        <line num="2020" count="3" type="cond" truecount="1" falsecount="1"/>
        <line num="2021" count="0" type="stmt"/>
        <line num="2022" count="0" type="stmt"/>
        <line num="2026" count="3" type="stmt"/>
        <line num="2027" count="3" type="stmt"/>
        <line num="2030" count="2" type="cond" truecount="1" falsecount="1"/>
        <line num="2031" count="0" type="stmt"/>
        <line num="2035" count="1" type="stmt"/>
        <line num="2038" count="2" type="stmt"/>
        <line num="2040" count="2" type="cond" truecount="2" falsecount="0"/>
        <line num="2042" count="1" type="stmt"/>
        <line num="2043" count="1" type="stmt"/>
        <line num="2044" count="1" type="stmt"/>
        <line num="2047" count="14" type="cond" truecount="4" falsecount="0"/>
        <line num="2050" count="60" type="stmt"/>
        <line num="2052" count="13" type="cond" truecount="2" falsecount="0"/>
        <line num="2054" count="1" type="stmt"/>
        <line num="2060" count="58" type="stmt"/>
        <line num="2061" count="12" type="stmt"/>
        <line num="2062" count="12" type="stmt"/>
        <line num="2063" count="12" type="stmt"/>
        <line num="2075" count="0" type="stmt"/>
        <line num="2076" count="0" type="stmt"/>
        <line num="2084" count="11" type="stmt"/>
        <line num="2086" count="0" type="stmt"/>
        <line num="2087" count="0" type="stmt"/>
        <line num="2094" count="0" type="stmt"/>
        <line num="2095" count="0" type="cond" truecount="0" falsecount="2"/>
        <line num="2096" count="0" type="stmt"/>
        <line num="2103" count="0" type="stmt"/>
        <line num="2104" count="0" type="cond" truecount="0" falsecount="2"/>
        <line num="2105" count="0" type="stmt"/>
        <line num="2112" count="0" type="stmt"/>
        <line num="2113" count="0" type="stmt"/>
        <line num="2119" count="0" type="stmt"/>
        <line num="2129" count="0" type="cond" truecount="0" falsecount="2"/>
        <line num="2130" count="0" type="stmt"/>
        <line num="2132" count="0" type="stmt"/>
        <line num="2133" count="0" type="stmt"/>
        <line num="2136" count="11" type="stmt"/>
        <line num="2138" count="0" type="stmt"/>
        <line num="2139" count="0" type="cond" truecount="0" falsecount="2"/>
        <line num="2140" count="0" type="stmt"/>
        <line num="2146" count="0" type="stmt"/>
        <line num="2147" count="0" type="stmt"/>
        <line num="2181" count="11" type="stmt"/>
        <line num="2182" count="0" type="stmt"/>
        <line num="2184" count="0" type="stmt"/>
        <line num="2185" count="0" type="stmt"/>
        <line num="2218" count="0" type="stmt"/>
        <line num="2219" count="0" type="stmt"/>
        <line num="2230" count="11" type="stmt"/>
        <line num="2232" count="0" type="stmt"/>
        <line num="2235" count="0" type="cond" truecount="0" falsecount="2"/>
        <line num="2236" count="0" type="stmt"/>
        <line num="2237" count="0" type="stmt"/>
        <line num="2241" count="0" type="stmt"/>
        <line num="2244" count="0" type="stmt"/>
        <line num="2250" count="0" type="stmt"/>
        <line num="2253" count="0" type="stmt"/>
        <line num="2254" count="0" type="cond" truecount="0" falsecount="2"/>
        <line num="2255" count="0" type="stmt"/>
        <line num="2267" count="0" type="stmt"/>
        <line num="2288" count="11" type="stmt"/>
        <line num="2290" count="0" type="stmt"/>
        <line num="2293" count="0" type="cond" truecount="0" falsecount="2"/>
        <line num="2294" count="0" type="stmt"/>
        <line num="2295" count="0" type="stmt"/>
        <line num="2299" count="0" type="stmt"/>
        <line num="2302" count="0" type="stmt"/>
        <line num="2315" count="0" type="stmt"/>
        <line num="2316" count="0" type="cond" truecount="0" falsecount="2"/>
        <line num="2319" count="0" type="stmt"/>
        <line num="2322" count="0" type="stmt"/>
        <line num="2323" count="0" type="stmt"/>
        <line num="2325" count="0" type="cond" truecount="0" falsecount="2"/>
        <line num="2326" count="0" type="stmt"/>
        <line num="2327" count="0" type="cond" truecount="0" falsecount="2"/>
        <line num="2329" count="0" type="cond" truecount="0" falsecount="4"/>
        <line num="2330" count="0" type="stmt"/>
        <line num="2331" count="0" type="stmt"/>
        <line num="2333" count="0" type="cond" truecount="0" falsecount="2"/>
        <line num="2334" count="0" type="stmt"/>
        <line num="2335" count="0" type="cond" truecount="0" falsecount="2"/>
        <line num="2337" count="0" type="cond" truecount="0" falsecount="2"/>
        <line num="2338" count="0" type="stmt"/>
        <line num="2339" count="0" type="stmt"/>
        <line num="2342" count="0" type="stmt"/>
        <line num="2343" count="0" type="stmt"/>
        <line num="2345" count="0" type="cond" truecount="0" falsecount="2"/>
        <line num="2346" count="0" type="stmt"/>
        <line num="2349" count="0" type="stmt"/>
        <line num="2356" count="0" type="stmt"/>
        <line num="2357" count="0" type="stmt"/>
        <line num="2368" count="11" type="stmt"/>
        <line num="2370" count="0" type="stmt"/>
        <line num="2375" count="0" type="stmt"/>
        <line num="2384" count="0" type="cond" truecount="0" falsecount="2"/>
        <line num="2385" count="0" type="stmt"/>
        <line num="2388" count="0" type="stmt"/>
        <line num="2393" count="0" type="stmt"/>
        <line num="2401" count="11" type="stmt"/>
        <line num="2403" count="8" type="stmt"/>
        <line num="2406" count="8" type="cond" truecount="1" falsecount="1"/>
        <line num="2407" count="0" type="stmt"/>
        <line num="2408" count="0" type="stmt"/>
        <line num="2412" count="0" type="stmt"/>
        <line num="2415" count="8" type="stmt"/>
        <line num="2426" count="2" type="stmt"/>
        <line num="2427" count="2" type="cond" truecount="2" falsecount="0"/>
        <line num="2430" count="8" type="stmt"/>
        <line num="2433" count="8" type="stmt"/>
        <line num="2434" count="8" type="stmt"/>
        <line num="2436" count="8" type="cond" truecount="2" falsecount="0"/>
        <line num="2437" count="3" type="stmt"/>
        <line num="2438" count="3" type="cond" truecount="2" falsecount="0"/>
        <line num="2440" count="8" type="cond" truecount="2" falsecount="0"/>
        <line num="2441" count="2" type="stmt"/>
        <line num="2442" count="2" type="cond" truecount="2" falsecount="0"/>
        <line num="2444" count="8" type="cond" truecount="2" falsecount="0"/>
        <line num="2445" count="3" type="stmt"/>
        <line num="2446" count="3" type="cond" truecount="1" falsecount="1"/>
        <line num="2448" count="8" type="cond" truecount="2" falsecount="0"/>
        <line num="2449" count="3" type="stmt"/>
        <line num="2450" count="3" type="cond" truecount="2" falsecount="0"/>
        <line num="2452" count="8" type="cond" truecount="2" falsecount="0"/>
        <line num="2453" count="2" type="stmt"/>
        <line num="2454" count="2" type="cond" truecount="2" falsecount="0"/>
        <line num="2457" count="8" type="cond" truecount="4" falsecount="0"/>
        <line num="2458" count="2" type="stmt"/>
        <line num="2459" count="2" type="stmt"/>
        <line num="2462" count="8" type="cond" truecount="2" falsecount="0"/>
        <line num="2463" count="2" type="stmt"/>
        <line num="2464" count="2" type="stmt"/>
        <line num="2466" count="8" type="cond" truecount="2" falsecount="0"/>
        <line num="2467" count="1" type="stmt"/>
        <line num="2468" count="1" type="cond" truecount="1" falsecount="1"/>
        <line num="2470" count="8" type="cond" truecount="2" falsecount="0"/>
        <line num="2471" count="2" type="stmt"/>
        <line num="2472" count="2" type="cond" truecount="1" falsecount="1"/>
        <line num="2474" count="8" type="cond" truecount="2" falsecount="0"/>
        <line num="2475" count="2" type="stmt"/>
        <line num="2476" count="2" type="cond" truecount="2" falsecount="0"/>
        <line num="2478" count="8" type="cond" truecount="2" falsecount="0"/>
        <line num="2479" count="2" type="stmt"/>
        <line num="2480" count="2" type="cond" truecount="2" falsecount="0"/>
        <line num="2483" count="8" type="stmt"/>
        <line num="2484" count="8" type="stmt"/>
        <line num="2486" count="8" type="cond" truecount="1" falsecount="1"/>
        <line num="2488" count="0" type="stmt"/>
        <line num="2491" count="8" type="stmt"/>
        <line num="2499" count="11" type="stmt"/>
        <line num="2500" count="0" type="stmt"/>
        <line num="2505" count="0" type="stmt"/>
        <line num="2506" count="0" type="stmt"/>
        <line num="2507" count="0" type="stmt"/>
        <line num="2508" count="0" type="stmt"/>
        <line num="2510" count="0" type="stmt"/>
        <line num="2511" count="0" type="stmt"/>
        <line num="2515" count="11" type="stmt"/>
        <line num="2516" count="0" type="stmt"/>
        <line num="2522" count="0" type="cond" truecount="0" falsecount="2"/>
        <line num="2523" count="0" type="stmt"/>
        <line num="2526" count="0" type="cond" truecount="0" falsecount="2"/>
        <line num="2527" count="0" type="cond" truecount="0" falsecount="2"/>
        <line num="2528" count="0" type="stmt"/>
        <line num="2530" count="0" type="stmt"/>
        <line num="2533" count="0" type="stmt"/>
        <line num="2534" count="0" type="stmt"/>
        <line num="2540" count="0" type="stmt"/>
        <line num="2541" count="0" type="stmt"/>
        <line num="2549" count="11" type="stmt"/>
        <line num="2551" count="11" type="stmt"/>
        <line num="2552" count="0" type="cond" truecount="0" falsecount="2"/>
        <line num="2553" count="0" type="stmt"/>
        <line num="2554" count="0" type="cond" truecount="0" falsecount="2"/>
        <line num="2557" count="11" type="stmt"/>
        <line num="2558" count="0" type="cond" truecount="0" falsecount="4"/>
        <line num="2559" count="0" type="stmt"/>
        <line num="2562" count="0" type="stmt"/>
        <line num="2563" count="0" type="stmt"/>
        <line num="2565" count="0" type="stmt"/>
        <line num="2566" count="0" type="stmt"/>
        <line num="2567" count="0" type="stmt"/>
        <line num="2569" count="0" type="stmt"/>
        <line num="2570" count="0" type="stmt"/>
        <line num="2571" count="0" type="stmt"/>
        <line num="2572" count="0" type="stmt"/>
        <line num="2574" count="0" type="stmt"/>
        <line num="2575" count="0" type="stmt"/>
        <line num="2582" count="0" type="stmt"/>
        <line num="2583" count="0" type="stmt"/>
        <line num="2608" count="0" type="stmt"/>
        <line num="2609" count="0" type="stmt"/>
        <line num="2634" count="0" type="stmt"/>
        <line num="2635" count="0" type="stmt"/>
        <line num="2652" count="0" type="stmt"/>
        <line num="2653" count="0" type="stmt"/>
        <line num="2654" count="0" type="stmt"/>
        <line num="2655" count="0" type="stmt"/>
        <line num="2657" count="0" type="stmt"/>
        <line num="2659" count="0" type="stmt"/>
        <line num="2666" count="0" type="stmt"/>
        <line num="2667" count="0" type="stmt"/>
        <line num="2669" count="0" type="stmt"/>
        <line num="2670" count="0" type="stmt"/>
        <line num="2674" count="11" type="stmt"/>
        <line num="2676" count="10" type="stmt"/>
        <line num="2677" count="10" type="cond" truecount="1" falsecount="1"/>
        <line num="2678" count="0" type="stmt"/>
        <line num="2682" count="0" type="stmt"/>
        <line num="2684" count="10" type="stmt"/>
        <line num="2688" count="10" type="stmt"/>
        <line num="2693" count="8" type="stmt"/>
        <line num="2697" count="8" type="cond" truecount="2" falsecount="0"/>
        <line num="2698" count="4" type="stmt"/>
        <line num="2704" count="4" type="stmt"/>
        <line num="2708" count="1" type="stmt"/>
        <line num="2715" count="1" type="stmt"/>
        <line num="2716" count="1" type="stmt"/>
        <line num="2723" count="1" type="stmt"/>
        <line num="2730" count="11" type="stmt"/>
        <line num="2732" count="2" type="stmt"/>
        <line num="2733" count="2" type="stmt"/>
        <line num="2735" count="2" type="cond" truecount="1" falsecount="1"/>
        <line num="2736" count="0" type="stmt"/>
        <line num="2742" count="0" type="stmt"/>
        <line num="2744" count="2" type="stmt"/>
        <line num="2750" count="2" type="stmt"/>
        <line num="2755" count="1" type="stmt"/>
        <line num="2756" count="3" type="stmt"/>
        <line num="2766" count="6" type="stmt"/>
        <line num="2767" count="6" type="cond" truecount="1" falsecount="1"/>
        <line num="2768" count="6" type="stmt"/>
        <line num="2776" count="0" type="stmt"/>
        <line num="2780" count="4" type="stmt"/>
        <line num="2781" count="4" type="stmt"/>
        <line num="2782" count="4" type="stmt"/>
        <line num="2784" count="4" type="cond" truecount="1" falsecount="1"/>
        <line num="2785" count="0" type="cond" truecount="0" falsecount="2"/>
        <line num="2786" count="0" type="stmt"/>
        <line num="2788" count="4" type="cond" truecount="1" falsecount="1"/>
        <line num="2789" count="0" type="cond" truecount="0" falsecount="2"/>
        <line num="2790" count="0" type="stmt"/>
        <line num="2792" count="4" type="cond" truecount="1" falsecount="1"/>
        <line num="2793" count="0" type="cond" truecount="0" falsecount="2"/>
        <line num="2794" count="0" type="stmt"/>
        <line num="2796" count="4" type="cond" truecount="2" falsecount="0"/>
        <line num="2797" count="3" type="cond" truecount="1" falsecount="1"/>
        <line num="2798" count="3" type="stmt"/>
        <line num="2800" count="4" type="cond" truecount="2" falsecount="0"/>
        <line num="2801" count="1" type="cond" truecount="1" falsecount="1"/>
        <line num="2802" count="1" type="stmt"/>
        <line num="2804" count="4" type="cond" truecount="1" falsecount="1"/>
        <line num="2805" count="0" type="cond" truecount="0" falsecount="2"/>
        <line num="2806" count="0" type="stmt"/>
        <line num="2808" count="4" type="cond" truecount="1" falsecount="1"/>
        <line num="2809" count="0" type="cond" truecount="0" falsecount="2"/>
        <line num="2810" count="0" type="stmt"/>
        <line num="2813" count="4" type="cond" truecount="1" falsecount="1"/>
        <line num="2814" count="4" type="stmt"/>
        <line num="2815" count="4" type="stmt"/>
        <line num="2817" count="4" type="stmt"/>
        <line num="2824" count="0" type="stmt"/>
        <line num="2828" count="11" type="stmt"/>
        <line num="2830" count="1" type="stmt"/>
        <line num="2831" count="1" type="cond" truecount="1" falsecount="1"/>
        <line num="2832" count="0" type="stmt"/>
        <line num="2837" count="0" type="stmt"/>
        <line num="2839" count="1" type="stmt"/>
        <line num="2844" count="1" type="stmt"/>
        <line num="2849" count="1" type="stmt"/>
        <line num="2850" count="1" type="stmt"/>
        <line num="2862" count="1" type="stmt"/>
        <line num="2863" count="1" type="cond" truecount="1" falsecount="1"/>
        <line num="2864" count="1" type="stmt"/>
        <line num="2874" count="0" type="stmt"/>
        <line num="2878" count="0" type="stmt"/>
        <line num="2882" count="0" type="cond" truecount="0" falsecount="2"/>
        <line num="2883" count="0" type="stmt"/>
        <line num="2893" count="0" type="stmt"/>
        <line num="2897" count="0" type="stmt"/>
        <line num="2898" count="0" type="stmt"/>
        <line num="2910" count="1" type="stmt"/>
        <line num="2911" count="1" type="stmt"/>
        <line num="2912" count="1" type="stmt"/>
        <line num="2914" count="1" type="cond" truecount="1" falsecount="1"/>
        <line num="2915" count="1" type="cond" truecount="1" falsecount="1"/>
        <line num="2916" count="1" type="stmt"/>
        <line num="2918" count="1" type="cond" truecount="1" falsecount="1"/>
        <line num="2919" count="0" type="cond" truecount="0" falsecount="2"/>
        <line num="2920" count="0" type="stmt"/>
        <line num="2922" count="1" type="cond" truecount="1" falsecount="1"/>
        <line num="2923" count="1" type="cond" truecount="1" falsecount="1"/>
        <line num="2924" count="1" type="stmt"/>
        <line num="2926" count="1" type="cond" truecount="1" falsecount="1"/>
        <line num="2927" count="0" type="cond" truecount="0" falsecount="2"/>
        <line num="2928" count="0" type="stmt"/>
        <line num="2930" count="1" type="cond" truecount="1" falsecount="1"/>
        <line num="2931" count="0" type="cond" truecount="0" falsecount="2"/>
        <line num="2932" count="0" type="stmt"/>
        <line num="2934" count="1" type="cond" truecount="1" falsecount="1"/>
        <line num="2935" count="0" type="cond" truecount="0" falsecount="2"/>
        <line num="2936" count="0" type="stmt"/>
        <line num="2939" count="1" type="cond" truecount="1" falsecount="1"/>
        <line num="2940" count="1" type="stmt"/>
        <line num="2941" count="1" type="stmt"/>
        <line num="2943" count="1" type="stmt"/>
        <line num="2950" count="11" type="stmt"/>
        <line num="2952" count="0" type="cond" truecount="0" falsecount="2"/>
        <line num="2953" count="0" type="stmt"/>
        <line num="2958" count="0" type="stmt"/>
        <line num="2960" count="0" type="stmt"/>
        <line num="2965" count="0" type="stmt"/>
        <line num="2970" count="0" type="stmt"/>
        <line num="2971" count="0" type="stmt"/>
        <line num="2978" count="0" type="stmt"/>
        <line num="2979" count="0" type="stmt"/>
        <line num="2981" count="0" type="cond" truecount="0" falsecount="2"/>
        <line num="2982" count="0" type="cond" truecount="0" falsecount="2"/>
        <line num="2983" count="0" type="stmt"/>
        <line num="2985" count="0" type="cond" truecount="0" falsecount="2"/>
        <line num="2986" count="0" type="cond" truecount="0" falsecount="2"/>
        <line num="2987" count="0" type="stmt"/>
        <line num="2989" count="0" type="cond" truecount="0" falsecount="2"/>
        <line num="2990" count="0" type="cond" truecount="0" falsecount="2"/>
        <line num="2991" count="0" type="stmt"/>
        <line num="2994" count="0" type="stmt"/>
        <line num="2996" count="0" type="stmt"/>
        <line num="3003" count="11" type="stmt"/>
        <line num="3005" count="0" type="stmt"/>
        <line num="3006" count="0" type="cond" truecount="0" falsecount="2"/>
        <line num="3007" count="0" type="stmt"/>
        <line num="3012" count="0" type="stmt"/>
        <line num="3014" count="0" type="stmt"/>
        <line num="3019" count="0" type="stmt"/>
        <line num="3024" count="0" type="stmt"/>
        <line num="3025" count="0" type="stmt"/>
        <line num="3032" count="11" type="stmt"/>
        <line num="3034" count="0" type="stmt"/>
        <line num="3035" count="0" type="stmt"/>
        <line num="3043" count="0" type="stmt"/>
        <line num="3044" count="0" type="stmt"/>
        <line num="3052" count="0" type="stmt"/>
        <line num="3053" count="0" type="cond" truecount="0" falsecount="2"/>
        <line num="3061" count="0" type="stmt"/>
        <line num="3062" count="0" type="cond" truecount="0" falsecount="2"/>
        <line num="3070" count="0" type="stmt"/>
        <line num="3071" count="0" type="stmt"/>
        <line num="3076" count="0" type="stmt"/>
        <line num="3085" count="0" type="cond" truecount="0" falsecount="2"/>
        <line num="3086" count="0" type="stmt"/>
        <line num="3090" count="0" type="stmt"/>
        <line num="3091" count="0" type="stmt"/>
        <line num="3092" count="0" type="stmt"/>
        <line num="3094" count="0" type="cond" truecount="0" falsecount="2"/>
        <line num="3095" count="0" type="cond" truecount="0" falsecount="2"/>
        <line num="3096" count="0" type="stmt"/>
        <line num="3098" count="0" type="cond" truecount="0" falsecount="2"/>
        <line num="3099" count="0" type="cond" truecount="0" falsecount="2"/>
        <line num="3100" count="0" type="stmt"/>
        <line num="3102" count="0" type="cond" truecount="0" falsecount="2"/>
        <line num="3103" count="0" type="cond" truecount="0" falsecount="2"/>
        <line num="3104" count="0" type="stmt"/>
        <line num="3106" count="0" type="cond" truecount="0" falsecount="2"/>
        <line num="3107" count="0" type="cond" truecount="0" falsecount="2"/>
        <line num="3108" count="0" type="stmt"/>
        <line num="3110" count="0" type="cond" truecount="0" falsecount="2"/>
        <line num="3111" count="0" type="cond" truecount="0" falsecount="2"/>
        <line num="3112" count="0" type="stmt"/>
        <line num="3115" count="0" type="cond" truecount="0" falsecount="2"/>
        <line num="3116" count="0" type="stmt"/>
        <line num="3118" count="0" type="stmt"/>
        <line num="3120" count="0" type="stmt"/>
        <line num="3127" count="0" type="stmt"/>
        <line num="3131" count="0" type="stmt"/>
        <line num="3132" count="0" type="cond" truecount="0" falsecount="2"/>
        <line num="3135" count="0" type="stmt"/>
        <line num="3138" count="0" type="stmt"/>
        <line num="3140" count="0" type="cond" truecount="0" falsecount="4"/>
        <line num="3145" count="0" type="stmt"/>
        <line num="3146" count="0" type="stmt"/>
      </file>
      <file name="hubspot.js" path="/home/runner/work/kars/kars/backend/hubspot.js">
        <metrics statements="62" coveredstatements="0" conditionals="39" coveredconditionals="0" methods="5" coveredmethods="0"/>
        <line num="19" count="0" type="stmt"/>
        <line num="20" count="0" type="cond" truecount="0" falsecount="2"/>
        <line num="21" count="0" type="stmt"/>
        <line num="24" count="0" type="stmt"/>
        <line num="25" count="0" type="stmt"/>
        <line num="33" count="0" type="cond" truecount="0" falsecount="2"/>
        <line num="34" count="0" type="stmt"/>
        <line num="35" count="0" type="stmt"/>
        <line num="41" count="0" type="stmt"/>
        <line num="46" count="0" type="stmt"/>
        <line num="58" count="0" type="stmt"/>
        <line num="59" count="0" type="cond" truecount="0" falsecount="2"/>
        <line num="60" count="0" type="stmt"/>
        <line num="63" count="0" type="stmt"/>
        <line num="64" count="0" type="stmt"/>
        <line num="65" count="0" type="stmt"/>
        <line num="67" count="0" type="stmt"/>
        <line num="68" count="0" type="stmt"/>
        <line num="69" count="0" type="stmt"/>
        <line num="70" count="0" type="stmt"/>
        <line num="71" count="0" type="stmt"/>
        <line num="72" count="0" type="cond" truecount="0" falsecount="2"/>
        <line num="73" count="0" type="stmt"/>
        <line num="76" count="0" type="stmt"/>
        <line num="84" count="0" type="cond" truecount="0" falsecount="2"/>
        <line num="85" count="0" type="stmt"/>
        <line num="86" count="0" type="cond" truecount="0" falsecount="2"/>
        <line num="89" count="0" type="stmt"/>
        <line num="91" count="0" type="cond" truecount="0" falsecount="4"/>
        <line num="92" count="0" type="stmt"/>
        <line num="96" count="0" type="cond" truecount="0" falsecount="2"/>
        <line num="99" count="0" type="stmt"/>
        <line num="101" count="0" type="stmt"/>
        <line num="113" count="0" type="cond" truecount="0" falsecount="1"/>
        <line num="114" count="0" type="stmt"/>
        <line num="121" count="0" type="stmt"/>
        <line num="123" count="0" type="stmt"/>
        <line num="124" count="0" type="stmt"/>
        <line num="127" count="0" type="stmt"/>
        <line num="128" count="0" type="stmt"/>
        <line num="129" count="0" type="stmt"/>
        <line num="130" count="0" type="cond" truecount="0" falsecount="2"/>
        <line num="131" count="0" type="cond" truecount="0" falsecount="2"/>
        <line num="134" count="0" type="stmt"/>
        <line num="136" count="0" type="cond" truecount="0" falsecount="2"/>
        <line num="139" count="0" type="cond" truecount="0" falsecount="2"/>
        <line num="140" count="0" type="cond" truecount="0" falsecount="2"/>
        <line num="141" count="0" type="cond" truecount="0" falsecount="4"/>
        <line num="142" count="0" type="stmt"/>
        <line num="143" count="0" type="stmt"/>
        <line num="145" count="0" type="stmt"/>
        <line num="156" count="0" type="stmt"/>
        <line num="158" count="0" type="cond" truecount="0" falsecount="2"/>
        <line num="160" count="0" type="stmt"/>
        <line num="161" count="0" type="stmt"/>
        <line num="163" count="0" type="stmt"/>
        <line num="173" count="0" type="stmt"/>
        <line num="178" count="0" type="stmt"/>
        <line num="180" count="0" type="stmt"/>
        <line num="191" count="0" type="stmt"/>
        <line num="199" count="0" type="stmt"/>
        <line num="202" count="0" type="stmt"/>
      </file>
      <file name="mfa.js" path="/home/runner/work/kars/kars/backend/mfa.js">
        <metrics statements="14" coveredstatements="13" conditionals="6" coveredconditionals="6" methods="5" coveredmethods="4"/>
        <line num="7" count="2" type="stmt"/>
        <line num="14" count="2" type="stmt"/>
        <line num="16" count="2" type="stmt"/>
        <line num="25" count="0" type="stmt"/>
        <line num="35" count="4" type="stmt"/>
        <line num="36" count="4" type="stmt"/>
        <line num="38" count="35" type="stmt"/>
        <line num="39" count="35" type="stmt"/>
        <line num="41" count="4" type="stmt"/>
        <line num="46" count="5" type="cond" truecount="2" falsecount="0"/>
        <line num="47" count="2" type="stmt"/>
        <line num="53" count="11" type="cond" truecount="2" falsecount="0"/>
        <line num="55" count="6" type="stmt"/>
        <line num="56" count="6" type="stmt"/>
      </file>
      <file name="oidc.js" path="/home/runner/work/kars/kars/backend/oidc.js">
        <metrics statements="129" coveredstatements="24" conditionals="103" coveredconditionals="7" methods="19" coveredmethods="7"/>
        <line num="9" count="16" type="stmt"/>
        <line num="10" count="16" type="stmt"/>
        <line num="14" count="17" type="cond" truecount="2" falsecount="0"/>
        <line num="15" count="2" type="stmt"/>
        <line num="18" count="15" type="stmt"/>
        <line num="19" count="15" type="stmt"/>
        <line num="20" count="15" type="stmt"/>
        <line num="21" count="15" type="stmt"/>
        <line num="26" count="4551" type="cond" truecount="2" falsecount="0"/>
        <line num="27" count="2" type="stmt"/>
        <line num="30" count="4549" type="cond" truecount="2" falsecount="0"/>
        <line num="31" count="2412" type="stmt"/>
        <line num="32" count="2412" type="stmt"/>
        <line num="34" count="4551" type="stmt"/>
        <line num="38" count="2" type="stmt"/>
        <line num="42" count="27" type="stmt"/>
        <line num="46" count="1014" type="stmt"/>
        <line num="50" count="1" type="stmt"/>
        <line num="55" count="1" type="stmt"/>
        <line num="72" count="1" type="stmt"/>
        <line num="74" count="1" type="stmt"/>
        <line num="76" count="1" type="stmt"/>
        <line num="78" count="1" type="stmt"/>
        <line num="79" count="1" type="stmt"/>
        <line num="86" count="0" type="cond" truecount="0" falsecount="2"/>
        <line num="87" count="0" type="stmt"/>
        <line num="104" count="0" type="cond" truecount="0" falsecount="2"/>
        <line num="105" count="0" type="stmt"/>
        <line num="106" count="0" type="stmt"/>
        <line num="107" count="0" type="stmt"/>
        <line num="110" count="0" type="cond" truecount="0" falsecount="4"/>
        <line num="111" count="0" type="stmt"/>
        <line num="112" count="0" type="stmt"/>
        <line num="113" count="0" type="stmt"/>
        <line num="116" count="0" type="stmt"/>
        <line num="117" count="0" type="stmt"/>
        <line num="120" count="0" type="stmt"/>
        <line num="121" count="0" type="stmt"/>
        <line num="123" count="0" type="stmt"/>
        <line num="124" count="0" type="stmt"/>
        <line num="126" count="0" type="stmt"/>
        <line num="127" count="0" type="stmt"/>
        <line num="128" count="0" type="stmt"/>
        <line num="136" count="0" type="cond" truecount="0" falsecount="2"/>
        <line num="137" count="0" type="stmt"/>
        <line num="140" count="0" type="stmt"/>
        <line num="141" count="0" type="stmt"/>
        <line num="144" count="0" type="stmt"/>
        <line num="145" count="0" type="cond" truecount="0" falsecount="2"/>
        <line num="146" count="0" type="stmt"/>
        <line num="151" count="0" type="stmt"/>
        <line num="154" count="0" type="stmt"/>
        <line num="155" count="0" type="stmt"/>
        <line num="156" count="0" type="stmt"/>
        <line num="160" count="0" type="stmt"/>
        <line num="162" count="0" type="stmt"/>
        <line num="169" count="0" type="stmt"/>
        <line num="176" count="0" type="cond" truecount="0" falsecount="2"/>
        <line num="177" count="0" type="stmt"/>
        <line num="180" count="0" type="stmt"/>
        <line num="181" count="0" type="cond" truecount="0" falsecount="2"/>
        <line num="182" count="0" type="stmt"/>
        <line num="185" count="0" type="stmt"/>
        <line num="186" count="0" type="stmt"/>
        <line num="187" count="0" type="stmt"/>
        <line num="189" count="0" type="stmt"/>
        <line num="195" count="0" type="stmt"/>
        <line num="196" count="0" type="stmt"/>
        <line num="197" count="0" type="cond" truecount="0" falsecount="2"/>
        <line num="198" count="0" type="stmt"/>
        <line num="199" count="0" type="stmt"/>
        <line num="202" count="0" type="stmt"/>
        <line num="205" count="0" type="stmt"/>
        <line num="206" count="0" type="stmt"/>
        <line num="207" count="0" type="cond" truecount="0" falsecount="2"/>
        <line num="208" count="0" type="stmt"/>
        <line num="209" count="0" type="stmt"/>
        <line num="211" count="0" type="stmt"/>
        <line num="219" count="0" type="cond" truecount="0" falsecount="2"/>
        <line num="220" count="0" type="stmt"/>
        <line num="224" count="0" type="stmt"/>
        <line num="225" count="0" type="stmt"/>
        <line num="227" count="0" type="cond" truecount="0" falsecount="2"/>
        <line num="228" count="0" type="stmt"/>
        <line num="231" count="0" type="stmt"/>
        <line num="232" count="0" type="stmt"/>
        <line num="240" count="0" type="cond" truecount="0" falsecount="2"/>
        <line num="242" count="0" type="cond" truecount="0" falsecount="2"/>
        <line num="243" count="0" type="stmt"/>
        <line num="247" count="0" type="cond" truecount="0" falsecount="3"/>
        <line num="248" count="0" type="cond" truecount="0" falsecount="3"/>
        <line num="249" count="0" type="cond" truecount="0" falsecount="3"/>
        <line num="252" count="0" type="stmt"/>
        <line num="253" count="0" type="stmt"/>
        <line num="256" count="0" type="stmt"/>
        <line num="257" count="0" type="stmt"/>
        <line num="258" count="0" type="stmt"/>
        <line num="261" count="0" type="cond" truecount="0" falsecount="5"/>
        <line num="264" count="0" type="cond" truecount="0" falsecount="4"/>
        <line num="265" count="0" type="cond" truecount="0" falsecount="2"/>
        <line num="267" count="0" type="cond" truecount="0" falsecount="4"/>
        <line num="268" count="0" type="cond" truecount="0" falsecount="2"/>
        <line num="272" count="0" type="cond" truecount="0" falsecount="5"/>
        <line num="273" count="0" type="stmt"/>
        <line num="274" count="0" type="cond" truecount="0" falsecount="2"/>
        <line num="275" count="0" type="cond" truecount="0" falsecount="2"/>
        <line num="278" count="0" type="stmt"/>
        <line num="295" count="0" type="stmt"/>
        <line num="298" count="0" type="stmt"/>
        <line num="299" count="0" type="stmt"/>
        <line num="301" count="0" type="stmt"/>
        <line num="302" count="0" type="cond" truecount="0" falsecount="4"/>
        <line num="303" count="0" type="stmt"/>
        <line num="305" count="0" type="stmt"/>
        <line num="306" count="0" type="stmt"/>
        <line num="311" count="0" type="cond" truecount="0" falsecount="2"/>
        <line num="312" count="0" type="stmt"/>
        <line num="313" count="0" type="cond" truecount="0" falsecount="2"/>
        <line num="314" count="0" type="stmt"/>
        <line num="317" count="0" type="stmt"/>
        <line num="324" count="0" type="stmt"/>
        <line num="327" count="0" type="cond" truecount="0" falsecount="4"/>
        <line num="328" count="0" type="stmt"/>
        <line num="332" count="0" type="cond" truecount="0" falsecount="4"/>
        <line num="333" count="0" type="stmt"/>
        <line num="337" count="0" type="cond" truecount="0" falsecount="4"/>
        <line num="338" count="0" type="stmt"/>
        <line num="342" count="0" type="stmt"/>
        <line num="349" count="0" type="cond" truecount="0" falsecount="2"/>
      </file>
      <file name="server.js" path="/home/runner/work/kars/kars/backend/server.js">
        <metrics statements="1830" coveredstatements="0" conditionals="1115" coveredconditionals="0" methods="188" coveredmethods="0"/>
        <line num="23" count="0" type="stmt"/>
        <line num="24" count="0" type="cond" truecount="0" falsecount="2"/>
        <line num="25" count="0" type="stmt"/>
        <line num="27" count="0" type="cond" truecount="0" falsecount="2"/>
        <line num="28" count="0" type="stmt"/>
        <line num="32" count="0" type="stmt"/>
        <line num="38" count="0" type="cond" truecount="0" falsecount="1"/>
        <line num="39" count="0" type="cond" truecount="0" falsecount="4"/>
        <line num="40" count="0" type="stmt"/>
        <line num="41" count="0" type="stmt"/>
        <line num="45" count="0" type="stmt"/>
        <line num="47" count="0" type="cond" truecount="0" falsecount="5"/>
        <line num="48" count="0" type="stmt"/>
        <line num="56" count="0" type="stmt"/>
        <line num="57" count="0" type="stmt"/>
        <line num="58" count="0" type="cond" truecount="0" falsecount="2"/>
        <line num="59" count="0" type="stmt"/>
        <line num="66" count="0" type="stmt"/>
        <line num="70" count="0" type="stmt"/>
        <line num="73" count="0" type="stmt"/>
        <line num="74" count="0" type="cond" truecount="0" falsecount="2"/>
        <line num="75" count="0" type="stmt"/>
        <line num="78" count="0" type="stmt"/>
        <line num="79" count="0" type="stmt"/>
        <line num="80" count="0" type="stmt"/>
        <line num="82" count="0" type="stmt"/>
        <line num="83" count="0" type="stmt"/>
        <line num="87" count="0" type="stmt"/>
        <line num="88" count="0" type="stmt"/>
        <line num="89" count="0" type="stmt"/>
        <line num="91" count="0" type="stmt"/>
        <line num="94" count="0" type="cond" truecount="0" falsecount="2"/>
        <line num="96" count="0" type="stmt"/>
        <line num="98" count="0" type="stmt"/>
        <line num="99" count="0" type="stmt"/>
        <line num="100" count="0" type="stmt"/>
        <line num="102" count="0" type="stmt"/>
        <line num="103" count="0" type="cond" truecount="0" falsecount="2"/>
        <line num="106" count="0" type="stmt"/>
        <line num="111" count="0" type="stmt"/>
        <line num="112" count="0" type="stmt"/>
        <line num="113" count="0" type="stmt"/>
        <line num="115" count="0" type="stmt"/>
        <line num="116" count="0" type="stmt"/>
        <line num="117" count="0" type="stmt"/>
        <line num="119" count="0" type="cond" truecount="0" falsecount="3"/>
        <line num="122" count="0" type="stmt"/>
        <line num="123" count="0" type="stmt"/>
        <line num="124" count="0" type="stmt"/>
        <line num="125" count="0" type="cond" truecount="0" falsecount="4"/>
        <line num="126" count="0" type="stmt"/>
        <line num="128" count="0" type="stmt"/>
        <line num="131" count="0" type="stmt"/>
        <line num="138" count="0" type="stmt"/>
        <line num="139" count="0" type="stmt"/>
        <line num="140" count="0" type="stmt"/>
        <line num="141" count="0" type="cond" truecount="0" falsecount="2"/>
        <line num="142" count="0" type="stmt"/>
        <line num="148" count="0" type="stmt"/>
        <line num="149" count="0" type="stmt"/>
        <line num="154" count="0" type="stmt"/>
        <line num="165" count="0" type="stmt"/>
        <line num="166" count="0" type="stmt"/>
        <line num="167" count="0" type="stmt"/>
        <line num="170" count="0" type="cond" truecount="0" falsecount="2"/>
        <line num="171" count="0" type="stmt"/>
        <line num="175" count="0" type="cond" truecount="0" falsecount="4"/>
        <line num="176" count="0" type="stmt"/>
        <line num="180" count="0" type="stmt"/>
        <line num="181" count="0" type="stmt"/>
        <line num="184" count="0" type="stmt"/>
        <line num="198" count="0" type="stmt"/>
        <line num="200" count="0" type="stmt"/>
        <line num="201" count="0" type="stmt"/>
        <line num="208" count="0" type="stmt"/>
        <line num="209" count="0" type="stmt"/>
        <line num="210" count="0" type="stmt"/>
        <line num="213" count="0" type="cond" truecount="0" falsecount="4"/>
        <line num="214" count="0" type="stmt"/>
        <line num="219" count="0" type="cond" truecount="0" falsecount="5"/>
        <line num="220" count="0" type="stmt"/>
        <line num="226" count="0" type="cond" truecount="0" falsecount="4"/>
        <line num="228" count="0" type="cond" truecount="0" falsecount="2"/>
        <line num="230" count="0" type="stmt"/>
        <line num="231" count="0" type="cond" truecount="0" falsecount="2"/>
        <line num="232" count="0" type="cond" truecount="0" falsecount="2"/>
        <line num="234" count="0" type="stmt"/>
        <line num="239" count="0" type="cond" truecount="0" falsecount="2"/>
        <line num="240" count="0" type="stmt"/>
        <line num="246" count="0" type="stmt"/>
        <line num="247" count="0" type="cond" truecount="0" falsecount="2"/>
        <line num="248" count="0" type="stmt"/>
        <line num="252" count="0" type="stmt"/>
        <line num="258" count="0" type="stmt"/>
        <line num="259" count="0" type="stmt"/>
        <line num="260" count="0" type="cond" truecount="0" falsecount="2"/>
        <line num="262" count="0" type="stmt"/>
        <line num="263" count="0" type="cond" truecount="0" falsecount="4"/>
        <line num="264" count="0" type="stmt"/>
        <line num="265" count="0" type="cond" truecount="0" falsecount="2"/>
        <line num="269" count="0" type="stmt"/>
        <line num="281" count="0" type="stmt"/>
        <line num="284" count="0" type="stmt"/>
        <line num="285" count="0" type="cond" truecount="0" falsecount="4"/>
        <line num="286" count="0" type="stmt"/>
        <line num="289" count="0" type="stmt"/>
        <line num="303" count="0" type="stmt"/>
        <line num="306" count="0" type="stmt"/>
        <line num="324" count="0" type="stmt"/>
        <line num="325" count="0" type="stmt"/>
        <line num="332" count="0" type="cond" truecount="0" falsecount="2"/>
        <line num="333" count="0" type="stmt"/>
        <line num="336" count="0" type="stmt"/>
        <line num="352" count="0" type="stmt"/>
        <line num="357" count="0" type="stmt"/>
        <line num="360" count="0" type="cond" truecount="0" falsecount="2"/>
        <line num="361" count="0" type="stmt"/>
        <line num="366" count="0" type="stmt"/>
        <line num="367" count="0" type="cond" truecount="0" falsecount="4"/>
        <line num="368" count="0" type="stmt"/>
        <line num="369" count="0" type="cond" truecount="0" falsecount="2"/>
        <line num="371" count="0" type="stmt"/>
        <line num="372" count="0" type="stmt"/>
        <line num="373" count="0" type="stmt"/>
        <line num="379" count="0" type="stmt"/>
        <line num="380" count="0" type="cond" truecount="0" falsecount="4"/>
        <line num="381" count="0" type="stmt"/>
        <line num="382" count="0" type="cond" truecount="0" falsecount="2"/>
        <line num="384" count="0" type="stmt"/>
        <line num="385" count="0" type="stmt"/>
        <line num="386" count="0" type="stmt"/>
        <line num="390" count="0" type="stmt"/>
        <line num="395" count="0" type="stmt"/>
        <line num="413" count="0" type="stmt"/>
        <line num="414" count="0" type="stmt"/>
        <line num="419" count="0" type="stmt"/>
        <line num="420" count="0" type="stmt"/>
        <line num="421" count="0" type="stmt"/>
        <line num="424" count="0" type="cond" truecount="0" falsecount="4"/>
        <line num="425" count="0" type="stmt"/>
        <line num="431" count="0" type="stmt"/>
        <line num="432" count="0" type="cond" truecount="0" falsecount="2"/>
        <line num="433" count="0" type="stmt"/>
        <line num="437" count="0" type="stmt"/>
        <line num="438" count="0" type="cond" truecount="0" falsecount="2"/>
        <line num="439" count="0" type="stmt"/>
        <line num="443" count="0" type="cond" truecount="0" falsecount="2"/>
        <line num="445" count="0" type="stmt"/>
        <line num="448" count="0" type="stmt"/>
        <line num="453" count="0" type="stmt"/>
        <line num="461" count="0" type="stmt"/>
        <line num="464" count="0" type="stmt"/>
        <line num="466" count="0" type="stmt"/>
        <line num="484" count="0" type="stmt"/>
        <line num="485" count="0" type="stmt"/>
        <line num="490" count="0" type="stmt"/>
        <line num="491" count="0" type="stmt"/>
        <line num="492" count="0" type="stmt"/>
        <line num="494" count="0" type="cond" truecount="0" falsecount="2"/>
        <line num="495" count="0" type="stmt"/>
        <line num="499" count="0" type="stmt"/>
        <line num="503" count="0" type="cond" truecount="0" falsecount="2"/>
        <line num="504" count="0" type="stmt"/>
        <line num="511" count="0" type="stmt"/>
        <line num="514" count="0" type="stmt"/>
        <line num="517" count="0" type="stmt"/>
        <line num="520" count="0" type="stmt"/>
        <line num="523" count="0" type="stmt"/>
        <line num="524" count="0" type="cond" truecount="0" falsecount="2"/>
        <line num="525" count="0" type="stmt"/>
        <line num="526" count="0" type="stmt"/>
        <line num="529" count="0" type="cond" truecount="0" falsecount="4"/>
        <line num="530" count="0" type="stmt"/>
        <line num="533" count="0" type="stmt"/>
        <line num="536" count="0" type="stmt"/>
        <line num="538" count="0" type="cond" truecount="0" falsecount="2"/>
        <line num="539" count="0" type="stmt"/>
        <line num="540" count="0" type="stmt"/>
        <line num="547" count="0" type="stmt"/>
        <line num="556" count="0" type="stmt"/>
        <line num="561" count="0" type="stmt"/>
        <line num="562" count="0" type="stmt"/>
        <line num="567" count="0" type="stmt"/>
        <line num="568" count="0" type="stmt"/>
        <line num="569" count="0" type="stmt"/>
        <line num="571" count="0" type="cond" truecount="0" falsecount="2"/>
        <line num="572" count="0" type="stmt"/>
        <line num="576" count="0" type="stmt"/>
        <line num="578" count="0" type="cond" truecount="0" falsecount="2"/>
        <line num="579" count="0" type="stmt"/>
        <line num="586" count="0" type="cond" truecount="0" falsecount="2"/>
        <line num="587" count="0" type="stmt"/>
        <line num="594" count="0" type="stmt"/>
        <line num="595" count="0" type="stmt"/>
        <line num="597" count="0" type="cond" truecount="0" falsecount="2"/>
        <line num="598" count="0" type="stmt"/>
        <line num="604" count="0" type="stmt"/>
        <line num="609" count="0" type="stmt"/>
        <line num="610" count="0" type="stmt"/>
        <line num="615" count="0" type="stmt"/>
        <line num="616" count="0" type="stmt"/>
        <line num="617" count="0" type="stmt"/>
        <line num="619" count="0" type="cond" truecount="0" falsecount="4"/>
        <line num="620" count="0" type="stmt"/>
        <line num="624" count="0" type="cond" truecount="0" falsecount="2"/>
        <line num="625" count="0" type="stmt"/>
        <line num="629" count="0" type="stmt"/>
        <line num="631" count="0" type="cond" truecount="0" falsecount="2"/>
        <line num="632" count="0" type="stmt"/>
        <line num="639" count="0" type="cond" truecount="0" falsecount="2"/>
[...]
        <line num="4832" count="0" type="cond" truecount="0" falsecount="4"/>
        <line num="4833" count="0" type="stmt"/>
        <line num="4836" count="0" type="stmt"/>
        <line num="4839" count="0" type="stmt"/>
        <line num="4840" count="0" type="stmt"/>
        <line num="4843" count="0" type="stmt"/>
        <line num="4846" count="0" type="stmt"/>
        <line num="4848" count="0" type="stmt"/>
        <line num="4857" count="0" type="stmt"/>
        <line num="4858" count="0" type="stmt"/>
        <line num="4863" count="0" type="stmt"/>
        <line num="4864" count="0" type="stmt"/>
        <line num="4865" count="0" type="stmt"/>
        <line num="4867" count="0" type="cond" truecount="0" falsecount="2"/>
        <line num="4868" count="0" type="stmt"/>
        <line num="4872" count="0" type="cond" truecount="0" falsecount="2"/>
        <line num="4873" count="0" type="stmt"/>
        <line num="4876" count="0" type="stmt"/>
        <line num="4877" count="0" type="stmt"/>
        <line num="4879" count="0" type="cond" truecount="0" falsecount="2"/>
        <line num="4880" count="0" type="stmt"/>
        <line num="4884" count="0" type="stmt"/>
        <line num="4894" count="0" type="cond" truecount="0" falsecount="2"/>
        <line num="4895" count="0" type="stmt"/>
        <line num="4902" count="0" type="cond" truecount="0" falsecount="4"/>
        <line num="4903" count="0" type="stmt"/>
        <line num="4905" count="0" type="stmt"/>
        <line num="4915" count="0" type="stmt"/>
        <line num="4917" count="0" type="stmt"/>
        <line num="4918" count="0" type="stmt"/>
        <line num="4923" count="0" type="stmt"/>
        <line num="4924" count="0" type="stmt"/>
        <line num="4925" count="0" type="stmt"/>
        <line num="4927" count="0" type="cond" truecount="0" falsecount="2"/>
        <line num="4928" count="0" type="stmt"/>
        <line num="4932" count="0" type="cond" truecount="0" falsecount="2"/>
        <line num="4933" count="0" type="stmt"/>
        <line num="4936" count="0" type="stmt"/>
        <line num="4938" count="0" type="cond" truecount="0" falsecount="5"/>
        <line num="4939" count="0" type="stmt"/>
        <line num="4943" count="0" type="stmt"/>
        <line num="4955" count="0" type="cond" truecount="0" falsecount="2"/>
        <line num="4956" count="0" type="stmt"/>
        <line num="4962" count="0" type="stmt"/>
        <line num="4971" count="0" type="stmt"/>
        <line num="4973" count="0" type="stmt"/>
        <line num="4974" count="0" type="stmt"/>
        <line num="4979" count="0" type="stmt"/>
        <line num="4980" count="0" type="stmt"/>
        <line num="4981" count="0" type="stmt"/>
        <line num="4983" count="0" type="cond" truecount="0" falsecount="2"/>
        <line num="4984" count="0" type="stmt"/>
        <line num="4988" count="0" type="cond" truecount="0" falsecount="2"/>
        <line num="4989" count="0" type="stmt"/>
        <line num="4993" count="0" type="stmt"/>
        <line num="4998" count="0" type="stmt"/>
        <line num="5000" count="0" type="stmt"/>
        <line num="5010" count="0" type="stmt"/>
        <line num="5011" count="0" type="stmt"/>
        <line num="5012" count="0" type="stmt"/>
        <line num="5014" count="0" type="cond" truecount="0" falsecount="2"/>
        <line num="5015" count="0" type="stmt"/>
        <line num="5016" count="0" type="cond" truecount="0" falsecount="6"/>
        <line num="5017" count="0" type="stmt"/>
        <line num="5020" count="0" type="stmt"/>
        <line num="5023" count="0" type="stmt"/>
        <line num="5025" count="0" type="stmt"/>
        <line num="5026" count="0" type="stmt"/>
        <line num="5031" count="0" type="stmt"/>
        <line num="5032" count="0" type="stmt"/>
        <line num="5033" count="0" type="stmt"/>
        <line num="5034" count="0" type="stmt"/>
        <line num="5035" count="0" type="stmt"/>
        <line num="5037" count="0" type="stmt"/>
        <line num="5038" count="0" type="stmt"/>
        <line num="5039" count="0" type="stmt"/>
        <line num="5042" count="0" type="stmt"/>
        <line num="5043" count="0" type="stmt"/>
        <line num="5047" count="0" type="stmt"/>
      </file>
    </package>
    <package name="backend.services">
      <metrics statements="223" coveredstatements="59" conditionals="171" coveredconditionals="50" methods="19" coveredmethods="4"/>
      <file name="attestationScheduler.js" path="/home/runner/work/kars/kars/backend/services/attestationScheduler.js">
        <metrics statements="70" coveredstatements="0" conditionals="31" coveredconditionals="0" methods="9" coveredmethods="0"/>
        <line num="13" count="0" type="stmt"/>
        <line num="14" count="0" type="stmt"/>
        <line num="15" count="0" type="stmt"/>
        <line num="16" count="0" type="stmt"/>
        <line num="18" count="0" type="stmt"/>
        <line num="19" count="0" type="stmt"/>
        <line num="20" count="0" type="stmt"/>
        <line num="21" count="0" type="stmt"/>
        <line num="24" count="0" type="cond" truecount="0" falsecount="2"/>
        <line num="25" count="0" type="stmt"/>
        <line num="28" count="0" type="stmt"/>
        <line num="29" count="0" type="cond" truecount="0" falsecount="2"/>
        <line num="32" count="0" type="stmt"/>
        <line num="33" count="0" type="stmt"/>
        <line num="34" count="0" type="cond" truecount="0" falsecount="4"/>
        <line num="35" count="0" type="cond" truecount="0" falsecount="2"/>
        <line num="37" count="0" type="stmt"/>
        <line num="39" count="0" type="cond" truecount="0" falsecount="2"/>
        <line num="41" count="0" type="stmt"/>
        <line num="44" count="0" type="stmt"/>
        <line num="51" count="0" type="stmt"/>
        <line num="53" count="0" type="stmt"/>
        <line num="54" count="0" type="stmt"/>
        <line num="62" count="0" type="stmt"/>
        <line num="63" count="0" type="stmt"/>
        <line num="64" count="0" type="stmt"/>
        <line num="65" count="0" type="stmt"/>
        <line num="67" count="0" type="stmt"/>
        <line num="68" count="0" type="stmt"/>
        <line num="69" count="0" type="stmt"/>
        <line num="70" count="0" type="stmt"/>
        <line num="73" count="0" type="cond" truecount="0" falsecount="2"/>
        <line num="74" count="0" type="stmt"/>
        <line num="77" count="0" type="stmt"/>
        <line num="78" count="0" type="cond" truecount="0" falsecount="2"/>
        <line num="81" count="0" type="stmt"/>
        <line num="82" count="0" type="stmt"/>
        <line num="83" count="0" type="cond" truecount="0" falsecount="5"/>
        <line num="84" count="0" type="cond" truecount="0" falsecount="2"/>
        <line num="86" count="0" type="stmt"/>
        <line num="93" count="0" type="cond" truecount="0" falsecount="2"/>
        <line num="95" count="0" type="stmt"/>
        <line num="98" count="0" type="stmt"/>
        <line num="105" count="0" type="stmt"/>
        <line num="107" count="0" type="stmt"/>
        <line num="108" count="0" type="stmt"/>
        <line num="116" count="0" type="stmt"/>
        <line num="117" count="0" type="stmt"/>
        <line num="118" count="0" type="stmt"/>
        <line num="119" count="0" type="cond" truecount="0" falsecount="2"/>
        <line num="121" count="0" type="stmt"/>
        <line num="123" count="0" type="stmt"/>
        <line num="124" count="0" type="stmt"/>
        <line num="126" count="0" type="cond" truecount="0" falsecount="2"/>
        <line num="127" count="0" type="stmt"/>
        <line num="130" count="0" type="stmt"/>
        <line num="134" count="0" type="stmt"/>
        <line num="136" count="0" type="stmt"/>
        <line num="137" count="0" type="stmt"/>
        <line num="145" count="0" type="stmt"/>
        <line num="146" count="0" type="stmt"/>
        <line num="148" count="0" type="stmt"/>
        <line num="149" count="0" type="stmt"/>
        <line num="150" count="0" type="stmt"/>
        <line num="152" count="0" type="stmt"/>
        <line num="156" count="0" type="cond" truecount="0" falsecount="2"/>
        <line num="157" count="0" type="stmt"/>
        <line num="160" count="0" type="stmt"/>
        <line num="163" count="0" type="stmt"/>
        <line num="165" count="0" type="stmt"/>
      </file>
      <file name="smtpMailer.js" path="/home/runner/work/kars/kars/backend/services/smtpMailer.js">
        <metrics statements="153" coveredstatements="59" conditionals="140" coveredconditionals="50" methods="10" coveredmethods="4"/>
        <line num="14" count="1" type="stmt"/>
        <line num="15" count="0" type="stmt"/>
        <line num="16" count="0" type="cond" truecount="0" falsecount="4"/>
        <line num="24" count="1" type="stmt"/>
        <line num="25" count="8" type="stmt"/>
        <line num="27" count="8" type="cond" truecount="3" falsecount="1"/>
        <line num="28" count="0" type="stmt"/>
        <line num="31" count="8" type="cond" truecount="3" falsecount="1"/>
        <line num="32" count="0" type="stmt"/>
        <line num="36" count="8" type="stmt"/>
        <line num="37" count="8" type="stmt"/>
        <line num="38" count="8" type="cond" truecount="2" falsecount="0"/>
        <line num="39" count="3" type="stmt"/>
        <line num="40" count="3" type="stmt"/>
        <line num="42" count="1" type="stmt"/>
        <line num="47" count="7" type="stmt"/>
        <line num="48" count="7" type="cond" truecount="2" falsecount="0"/>
        <line num="49" count="2" type="stmt"/>
        <line num="55" count="2" type="cond" truecount="2" falsecount="2"/>
        <line num="56" count="0" type="stmt"/>
        <line num="63" count="7" type="cond" truecount="2" falsecount="0"/>
        <line num="64" count="7" type="stmt"/>
        <line num="79" count="7" type="stmt"/>
        <line num="94" count="1" type="stmt"/>
        <line num="95" count="5" type="cond" truecount="2" falsecount="2"/>
        <line num="101" count="5" type="stmt"/>
        <line num="109" count="1" type="stmt"/>
        <line num="110" count="9" type="stmt"/>
        <line num="111" count="9" type="stmt"/>
        <line num="113" count="9" type="cond" truecount="4" falsecount="0"/>
        <line num="114" count="1" type="stmt"/>
        <line num="120" count="8" type="cond" truecount="2" falsecount="0"/>
        <line num="121" count="1" type="stmt"/>
        <line num="128" count="7" type="cond" truecount="2" falsecount="0"/>
        <line num="129" count="7" type="cond" truecount="2" falsecount="0"/>
        <line num="130" count="1" type="stmt"/>
        <line num="136" count="6" type="stmt"/>
        <line num="139" count="5" type="stmt"/>
        <line num="140" count="5" type="cond" truecount="1" falsecount="1"/>
        <line num="142" count="5" type="stmt"/>
        <line num="153" count="5" type="stmt"/>
        <line num="166" count="5" type="stmt"/>
        <line num="168" count="2" type="stmt"/>
        <line num="176" count="4" type="stmt"/>
        <line num="178" count="4" type="cond" truecount="2" falsecount="0"/>
        <line num="179" count="1" type="stmt"/>
        <line num="180" count="3" type="cond" truecount="4" falsecount="0"/>
        <line num="181" count="1" type="stmt"/>
        <line num="182" count="2" type="cond" truecount="4" falsecount="0"/>
        <line num="183" count="1" type="stmt"/>
        <line num="184" count="1" type="cond" truecount="3" falsecount="1"/>
        <line num="185" count="0" type="stmt"/>
        <line num="186" count="1" type="cond" truecount="2" falsecount="2"/>
        <line num="187" count="0" type="cond" truecount="0" falsecount="2"/>
        <line num="192" count="4" type="stmt"/>
        <line num="204" count="1" type="stmt"/>
        <line num="205" count="2" type="stmt"/>
        <line num="206" count="2" type="stmt"/>
        <line num="207" count="2" type="stmt"/>
        <line num="208" count="1" type="stmt"/>
        <line num="214" count="1" type="stmt"/>
        <line num="228" count="1" type="stmt"/>
        <line num="229" count="0" type="stmt"/>
        <line num="230" count="0" type="stmt"/>
        <line num="232" count="0" type="cond" truecount="0" falsecount="4"/>
        <line num="233" count="0" type="stmt"/>
        <line num="239" count="0" type="cond" truecount="0" falsecount="2"/>
        <line num="240" count="0" type="stmt"/>
        <line num="246" count="0" type="stmt"/>
        <line num="249" count="0" type="stmt"/>
        <line num="250" count="0" type="cond" truecount="0" falsecount="2"/>
        <line num="252" count="0" type="stmt"/>
        <line num="270" count="0" type="stmt"/>
        <line num="284" count="0" type="stmt"/>
        <line num="286" count="0" type="stmt"/>
        <line num="293" count="0" type="stmt"/>
        <line num="295" count="0" type="cond" truecount="0" falsecount="2"/>
        <line num="296" count="0" type="stmt"/>
        <line num="297" count="0" type="cond" truecount="0" falsecount="4"/>
        <line num="298" count="0" type="stmt"/>
        <line num="299" count="0" type="cond" truecount="0" falsecount="4"/>
        <line num="300" count="0" type="stmt"/>
        <line num="303" count="0" type="stmt"/>
        <line num="318" count="1" type="cond" truecount="0" falsecount="1"/>
        <line num="319" count="0" type="stmt"/>
        <line num="320" count="0" type="stmt"/>
        <line num="322" count="0" type="cond" truecount="0" falsecount="4"/>
        <line num="323" count="0" type="stmt"/>
        <line num="326" count="0" type="cond" truecount="0" falsecount="2"/>
        <line num="327" count="0" type="stmt"/>
        <line num="330" count="0" type="stmt"/>
        <line num="331" count="0" type="stmt"/>
        <line num="332" count="0" type="cond" truecount="0" falsecount="2"/>
        <line num="335" count="0" type="cond" truecount="0" falsecount="2"/>
        <line num="336" count="0" type="stmt"/>
        <line num="337" count="0" type="stmt"/>
        <line num="340" count="0" type="stmt"/>
        <line num="358" count="0" type="stmt"/>
        <line num="370" count="0" type="stmt"/>
        <line num="371" count="0" type="stmt"/>
        <line num="373" count="0" type="stmt"/>
        <line num="374" count="0" type="stmt"/>
        <line num="385" count="1" type="cond" truecount="0" falsecount="1"/>
        <line num="386" count="0" type="stmt"/>
        <line num="387" count="0" type="stmt"/>
        <line num="389" count="0" type="cond" truecount="0" falsecount="4"/>
        <line num="390" count="0" type="stmt"/>
        <line num="393" count="0" type="cond" truecount="0" falsecount="2"/>
        <line num="394" count="0" type="stmt"/>
        <line num="397" count="0" type="stmt"/>
        <line num="398" count="0" type="stmt"/>
        <line num="399" count="0" type="cond" truecount="0" falsecount="2"/>
        <line num="402" count="0" type="cond" truecount="0" falsecount="2"/>
        <line num="403" count="0" type="stmt"/>
        <line num="404" count="0" type="stmt"/>
        <line num="407" count="0" type="stmt"/>
        <line num="420" count="0" type="stmt"/>
        <line num="432" count="0" type="stmt"/>
        <line num="433" count="0" type="stmt"/>
        <line num="435" count="0" type="stmt"/>
        <line num="436" count="0" type="stmt"/>
        <line num="448" count="1" type="stmt"/>
        <line num="449" count="0" type="stmt"/>
        <line num="450" count="0" type="stmt"/>
        <line num="452" count="0" type="cond" truecount="0" falsecount="4"/>
        <line num="453" count="0" type="stmt"/>
        <line num="456" count="0" type="cond" truecount="0" falsecount="2"/>
        <line num="457" count="0" type="stmt"/>
        <line num="460" count="0" type="stmt"/>
        <line num="461" count="0" type="stmt"/>
        <line num="462" count="0" type="cond" truecount="0" falsecount="2"/>
        <line num="464" count="0" type="stmt"/>
        <line num="478" count="0" type="stmt"/>
        <line num="493" count="0" type="stmt"/>
        <line num="494" count="0" type="stmt"/>
        <line num="496" count="0" type="stmt"/>
        <line num="497" count="0" type="stmt"/>
        <line num="509" count="1" type="stmt"/>
        <line num="510" count="0" type="stmt"/>
        <line num="511" count="0" type="stmt"/>
        <line num="513" count="0" type="cond" truecount="0" falsecount="4"/>
        <line num="514" count="0" type="stmt"/>
        <line num="517" count="0" type="cond" truecount="0" falsecount="2"/>
        <line num="518" count="0" type="stmt"/>
        <line num="521" count="0" type="stmt"/>
        <line num="522" count="0" type="stmt"/>
        <line num="523" count="0" type="cond" truecount="0" falsecount="2"/>
        <line num="525" count="0" type="stmt"/>
        <line num="535" count="0" type="stmt"/>
        <line num="547" count="0" type="stmt"/>
        <line num="548" count="0" type="stmt"/>
        <line num="550" count="0" type="stmt"/>
        <line num="551" count="0" type="stmt"/>
      </file>
    </package>
    <package name="backend.utils">
      <metrics statements="44" coveredstatements="43" conditionals="13" coveredconditionals="13" methods="4" coveredmethods="4"/>
      <file name="encryption.js" path="/home/runner/work/kars/kars/backend/utils/encryption.js">
        <metrics statements="44" coveredstatements="43" conditionals="13" coveredconditionals="13" methods="4" coveredmethods="4"/>
        <line num="9" count="2" type="stmt"/>
        <line num="10" count="26" type="stmt"/>
        <line num="12" count="26" type="cond" truecount="2" falsecount="0"/>
        <line num="13" count="2" type="stmt"/>
        <line num="18" count="24" type="stmt"/>
        <line num="19" count="24" type="stmt"/>
        <line num="20" count="24" type="cond" truecount="2" falsecount="0"/>
        <line num="22" count="1" type="stmt"/>
        <line num="25" count="0" type="stmt"/>
        <line num="28" count="24" type="cond" truecount="2" falsecount="0"/>
        <line num="29" count="1" type="stmt"/>
        <line num="32" count="23" type="stmt"/>
        <line num="41" count="2" type="stmt"/>
        <line num="42" count="17" type="cond" truecount="2" falsecount="0"/>
        <line num="43" count="2" type="stmt"/>
        <line num="46" count="15" type="stmt"/>
        <line num="47" count="15" type="stmt"/>
        <line num="50" count="13" type="stmt"/>
        <line num="53" count="13" type="stmt"/>
        <line num="56" count="13" type="stmt"/>
        <line num="57" count="13" type="stmt"/>
        <line num="60" count="13" type="stmt"/>
        <line num="63" count="13" type="stmt"/>
        <line num="65" count="2" type="stmt"/>
        <line num="75" count="2" type="stmt"/>
        <line num="76" count="13" type="cond" truecount="2" falsecount="0"/>
        <line num="77" count="2" type="stmt"/>
        <line num="80" count="11" type="stmt"/>
        <line num="81" count="11" type="stmt"/>
        <line num="84" count="10" type="stmt"/>
        <line num="85" count="10" type="cond" truecount="2" falsecount="0"/>
        <line num="86" count="1" type="stmt"/>
        <line num="89" count="9" type="stmt"/>
        <line num="90" count="9" type="stmt"/>
        <line num="91" count="9" type="stmt"/>
        <line num="94" count="9" type="stmt"/>
        <line num="95" count="9" type="stmt"/>
        <line num="98" count="9" type="stmt"/>
        <line num="99" count="9" type="stmt"/>
        <line num="101" count="7" type="stmt"/>
        <line num="103" count="4" type="stmt"/>
        <line num="112" count="2" type="cond" truecount="1" falsecount="0"/>
        <line num="113" count="25" type="stmt"/>
        <line num="114" count="25" type="stmt"/>
      </file>
    </package>
  </project>
</coverage>
