{"/home/runner/work/kars/kars/backend/auth.js": {"path":"/home/runner/work/kars/kars/backend/auth.js","statementMap":{"0":{"start":{"line":6,"column":0},"end":{"line":8,"column":1}},"1":{"start":{"line":7,"column":2},"end":{"line":7,"column":58}},"2":{"start":{"line":10,"column":19},"end":{"line":10,"column":83}},"3":{"start":{"line":11,"column":23},"end":{"line":11,"column":27}},"4":{"start":{"line":14,"column":29},"end":{"line":25,"column":1}},"5":{"start":{"line":15,"column":2},"end":{"line":24,"column":4}},"6":{"start":{"line":28,"column":27},"end":{"line":34,"column":1}},"7":{"start":{"line":29,"column":2},"end":{"line":33,"column":3}},"8":{"start":{"line":30,"column":4},"end":{"line":30,"column":41}},"9":{"start":{"line":32,"column":4},"end":{"line":32,"column":16}},"10":{"start":{"line":37,"column":28},"end":{"line":39,"column":1}},"11":{"start":{"line":38,"column":2},"end":{"line":38,"column":41}},"12":{"start":{"line":42,"column":31},"end":{"line":44,"column":1}},"13":{"start":{"line":43,"column":2},"end":{"line":43,"column":46}},"14":{"start":{"line":47,"column":28},"end":{"line":69,"column":1}},"15":{"start":{"line":48,"column":2},"end":{"line":68,"column":3}},"16":{"start":{"line":49,"column":23},"end":{"line":49,"column":48}},"17":{"start":{"line":51,"column":4},"end":{"line":53,"column":5}},"18":{"start":{"line":52,"column":6},"end":{"line":52,"column":66}},"19":{"start":{"line":55,"column":18},"end":{"line":55,"column":41}},"20":{"start":{"line":56,"column":20},"end":{"line":56,"column":38}},"21":{"start":{"line":58,"column":4},"end":{"line":60,"column":5}},"22":{"start":{"line":59,"column":6},"end":{"line":59,"column":73}},"23":{"start":{"line":63,"column":4},"end":{"line":63,"column":23}},"24":{"start":{"line":64,"column":4},"end":{"line":64,"column":11}},"25":{"start":{"line":66,"column":4},"end":{"line":66,"column":50}},"26":{"start":{"line":67,"column":4},"end":{"line":67,"column":68}},"27":{"start":{"line":72,"column":25},"end":{"line":93,"column":1}},"28":{"start":{"line":73,"column":2},"end":{"line":92,"column":4}},"29":{"start":{"line":74,"column":4},"end":{"line":76,"column":5}},"30":{"start":{"line":75,"column":6},"end":{"line":75,"column":66}},"31":{"start":{"line":79,"column":4},"end":{"line":81,"column":5}},"32":{"start":{"line":80,"column":6},"end":{"line":80,"column":73}},"33":{"start":{"line":84,"column":35},"end":{"line":84,"column":79}},"34":{"start":{"line":84,"column":60},"end":{"line":84,"column":78}},"35":{"start":{"line":85,"column":21},"end":{"line":85,"column":48}},"36":{"start":{"line":87,"column":4},"end":{"line":89,"column":5}},"37":{"start":{"line":88,"column":6},"end":{"line":88,"column":73}},"38":{"start":{"line":91,"column":4},"end":{"line":91,"column":11}},"39":{"start":{"line":96,"column":28},"end":{"line":114,"column":1}},"40":{"start":{"line":97,"column":2},"end":{"line":113,"column":3}},"41":{"start":{"line":98,"column":23},"end":{"line":98,"column":48}},"42":{"start":{"line":100,"column":4},"end":{"line":107,"column":5}},"43":{"start":{"line":101,"column":20},"end":{"line":101,"column":43}},"44":{"start":{"line":102,"column":22},"end":{"line":102,"column":40}},"45":{"start":{"line":104,"column":6},"end":{"line":106,"column":7}},"46":{"start":{"line":105,"column":8},"end":{"line":105,"column":27}},"47":{"start":{"line":109,"column":4},"end":{"line":109,"column":11}},"48":{"start":{"line":111,"column":4},"end":{"line":111,"column":59}},"49":{"start":{"line":112,"column":4},"end":{"line":112,"column":11}}},"fnMap":{"0":{"name":"(anonymous_0)","decl":{"start":{"line":14,"column":29},"end":{"line":14,"column":30}},"loc":{"start":{"line":14,"column":39},"end":{"line":25,"column":1}},"line":14},"1":{"name":"(anonymous_1)","decl":{"start":{"line":28,"column":27},"end":{"line":28,"column":28}},"loc":{"start":{"line":28,"column":38},"end":{"line":34,"column":1}},"line":28},"2":{"name":"(anonymous_2)","decl":{"start":{"line":37,"column":28},"end":{"line":37,"column":29}},"loc":{"start":{"line":37,"column":48},"end":{"line":39,"column":1}},"line":37},"3":{"name":"(anonymous_3)","decl":{"start":{"line":42,"column":31},"end":{"line":42,"column":32}},"loc":{"start":{"line":42,"column":57},"end":{"line":44,"column":1}},"line":42},"4":{"name":"(anonymous_4)","decl":{"start":{"line":47,"column":28},"end":{"line":47,"column":29}},"loc":{"start":{"line":47,"column":48},"end":{"line":69,"column":1}},"line":47},"5":{"name":"(anonymous_5)","decl":{"start":{"line":72,"column":25},"end":{"line":72,"column":26}},"loc":{"start":{"line":72,"column":46},"end":{"line":93,"column":1}},"line":72},"6":{"name":"(anonymous_6)","decl":{"start":{"line":73,"column":9},"end":{"line":73,"column":10}},"loc":{"start":{"line":73,"column":29},"end":{"line":92,"column":3}},"line":73},"7":{"name":"(anonymous_7)","decl":{"start":{"line":84,"column":52},"end":{"line":84,"column":53}},"loc":{"start":{"line":84,"column":60},"end":{"line":84,"column":78}},"line":84},"8":{"name":"(anonymous_8)","decl":{"start":{"line":96,"column":28},"end":{"line":96,"column":29}},"loc":{"start":{"line":96,"column":48},"end":{"line":114,"column":1}},"line":96}},"branchMap":{"0":{"loc":{"start":{"line":6,"column":0},"end":{"line":8,"column":1}},"type":"if","locations":[{"start":{"line":6,"column":0},"end":{"line":8,"column":1}},{"start":{},"end":{}}],"line":6},"1":{"loc":{"start":{"line":6,"column":4},"end":{"line":6,"column":68}},"type":"binary-expr","locations":[{"start":{"line":6,"column":4},"end":{"line":6,"column":27}},{"start":{"line":6,"column":31},"end":{"line":6,"column":68}}],"line":6},"2":{"loc":{"start":{"line":10,"column":19},"end":{"line":10,"column":83}},"type":"binary-expr","locations":[{"start":{"line":10,"column":19},"end":{"line":10,"column":41}},{"start":{"line":10,"column":45},"end":{"line":10,"column":83}}],"line":10},"3":{"loc":{"start":{"line":51,"column":4},"end":{"line":53,"column":5}},"type":"if","locations":[{"start":{"line":51,"column":4},"end":{"line":53,"column":5}},{"start":{},"end":{}}],"line":51},"4":{"loc":{"start":{"line":51,"column":8},"end":{"line":51,"column":56}},"type":"binary-expr","locations":[{"start":{"line":51,"column":8},"end":{"line":51,"column":19}},{"start":{"line":51,"column":23},"end":{"line":51,"column":56}}],"line":51},"5":{"loc":{"start":{"line":58,"column":4},"end":{"line":60,"column":5}},"type":"if","locations":[{"start":{"line":58,"column":4},"end":{"line":60,"column":5}},{"start":{},"end":{}}],"line":58},"6":{"loc":{"start":{"line":74,"column":4},"end":{"line":76,"column":5}},"type":"if","locations":[{"start":{"line":74,"column":4},"end":{"line":76,"column":5}},{"start":{},"end":{}}],"line":74},"7":{"loc":{"start":{"line":79,"column":4},"end":{"line":81,"column":5}},"type":"if","locations":[{"start":{"line":79,"column":4},"end":{"line":81,"column":5}},{"start":{},"end":{}}],"line":79},"8":{"loc":{"start":{"line":87,"column":4},"end":{"line":89,"column":5}},"type":"if","locations":[{"start":{"line":87,"column":4},"end":{"line":89,"column":5}},{"start":{},"end":{}}],"line":87},"9":{"loc":{"start":{"line":100,"column":4},"end":{"line":107,"column":5}},"type":"if","locations":[{"start":{"line":100,"column":4},"end":{"line":107,"column":5}},{"start":{},"end":{}}],"line":100},"10":{"loc":{"start":{"line":100,"column":8},"end":{"line":100,"column":54}},"type":"binary-expr","locations":[{"start":{"line":100,"column":8},"end":{"line":100,"column":18}},{"start":{"line":100,"column":22},"end":{"line":100,"column":54}}],"line":100},"11":{"loc":{"start":{"line":104,"column":6},"end":{"line":106,"column":7}},"type":"if","locations":[{"start":{"line":104,"column":6},"end":{"line":106,"column":7}},{"start":{},"end":{}}],"line":104}},"s":{"0":4,"1":0,"2":4,"3":4,"4":4,"5":12,"6":4,"7":14,"8":14,"9":5,"10":4,"11":6,"12":4,"13":3,"14":4,"15":9,"16":9,"17":9,"18":2,"19":7,"20":7,"21":7,"22":1,"23":6,"24":6,"25":0,"26":0,"27":4,"28":12,"29":12,"30":1,"31":11,"32":2,"33":9,"34":15,"35":9,"36":9,"37":3,"38":6,"39":4,"40":5,"41":5,"42":4,"43":3,"44":3,"45":3,"46":1,"47":4,"48":1,"49":1},"f":{"0":12,"1":14,"2":6,"3":3,"4":9,"5":12,"6":12,"7":15,"8":5},"b":{"0":[0,4],"1":[4,4],"2":[4,4],"3":[2,7],"4":[9,8],"5":[1,6],"6":[1,11],"7":[2,9],"8":[3,6],"9":[3,1],"10":[4,3],"11":[1,2]},"inputSourceMap":null,"_coverageSchema":"1a1c01bbd47fc00a2c39e90264f33305004495a9","hash":"15f797471653d55158d592f40fafecea65299b2e"}
,"/home/runner/work/kars/kars/backend/database.js": {"path":"/home/runner/work/kars/kars/backend/database.js","statementMap":{"0":{"start":{"line":7,"column":17},"end":{"line":7,"column":19}},"1":{"start":{"line":9,"column":19},"end":{"line":9,"column":49}},"2":{"start":{"line":10,"column":18},"end":{"line":10,"column":37}},"3":{"start":{"line":13,"column":16},"end":{"line":13,"column":63}},"4":{"start":{"line":14,"column":0},"end":{"line":18,"column":1}},"5":{"start":{"line":15,"column":2},"end":{"line":15,"column":42}},"6":{"start":{"line":20,"column":19},"end":{"line":20,"column":56}},"7":{"start":{"line":22,"column":22},"end":{"line":25,"column":1}},"8":{"start":{"line":27,"column":19},"end":{"line":40,"column":1}},"9":{"start":{"line":28,"column":2},"end":{"line":39,"column":3}},"10":{"start":{"line":29,"column":16},"end":{"line":29,"column":49}},"11":{"start":{"line":30,"column":4},"end":{"line":30,"column":52}},"12":{"start":{"line":33,"column":4},"end":{"line":37,"column":5}},"13":{"start":{"line":34,"column":6},"end":{"line":34,"column":72}},"14":{"start":{"line":36,"column":6},"end":{"line":36,"column":84}},"15":{"start":{"line":38,"column":4},"end":{"line":38,"column":32}},"16":{"start":{"line":42,"column":19},"end":{"line":44,"column":1}},"17":{"start":{"line":43,"column":2},"end":{"line":43,"column":61}},"18":{"start":{"line":46,"column":18},"end":{"line":46,"column":61}},"19":{"start":{"line":47,"column":23},"end":{"line":47,"column":53}},"20":{"start":{"line":48,"column":19},"end":{"line":48,"column":31}},"21":{"start":{"line":50,"column":25},"end":{"line":50,"column":82}},"22":{"start":{"line":51,"column":30},"end":{"line":51,"column":58}},"23":{"start":{"line":52,"column":22},"end":{"line":52,"column":68}},"24":{"start":{"line":53,"column":20},"end":{"line":53,"column":65}},"25":{"start":{"line":60,"column":24},"end":{"line":91,"column":1}},"26":{"start":{"line":61,"column":2},"end":{"line":61,"column":30}},"27":{"start":{"line":61,"column":17},"end":{"line":61,"column":30}},"28":{"start":{"line":64,"column":2},"end":{"line":66,"column":3}},"29":{"start":{"line":65,"column":4},"end":{"line":65,"column":17}},"30":{"start":{"line":70,"column":2},"end":{"line":72,"column":3}},"31":{"start":{"line":71,"column":4},"end":{"line":71,"column":17}},"32":{"start":{"line":76,"column":23},"end":{"line":76,"column":40}},"33":{"start":{"line":81,"column":23},"end":{"line":81,"column":74}},"34":{"start":{"line":81,"column":59},"end":{"line":81,"column":73}},"35":{"start":{"line":82,"column":27},"end":{"line":82,"column":82}},"36":{"start":{"line":82,"column":67},"end":{"line":82,"column":81}},"37":{"start":{"line":86,"column":2},"end":{"line":88,"column":3}},"38":{"start":{"line":87,"column":4},"end":{"line":87,"column":17}},"39":{"start":{"line":90,"column":2},"end":{"line":90,"column":14}},"40":{"start":{"line":115,"column":26},"end":{"line":130,"column":1}},"41":{"start":{"line":116,"column":2},"end":{"line":118,"column":3}},"42":{"start":{"line":117,"column":4},"end":{"line":117,"column":56}},"43":{"start":{"line":121,"column":2},"end":{"line":123,"column":3}},"44":{"start":{"line":122,"column":4},"end":{"line":122,"column":17}},"45":{"start":{"line":127,"column":33},"end":{"line":127,"column":60}},"46":{"start":{"line":129,"column":2},"end":{"line":129,"column":49}},"47":{"start":{"line":149,"column":34},"end":{"line":164,"column":1}},"48":{"start":{"line":150,"column":2},"end":{"line":152,"column":3}},"49":{"start":{"line":151,"column":4},"end":{"line":151,"column":79}},"50":{"start":{"line":155,"column":13},"end":{"line":155,"column":23}},"51":{"start":{"line":156,"column":2},"end":{"line":161,"column":3}},"52":{"start":{"line":157,"column":4},"end":{"line":159,"column":5}},"53":{"start":{"line":158,"column":6},"end":{"line":158,"column":75}},"54":{"start":{"line":160,"column":4},"end":{"line":160,"column":39}},"55":{"start":{"line":163,"column":2},"end":{"line":163,"column":14}},"56":{"start":{"line":170,"column":23},"end":{"line":216,"column":1}},"57":{"start":{"line":171,"column":2},"end":{"line":173,"column":3}},"58":{"start":{"line":172,"column":4},"end":{"line":172,"column":21}},"59":{"start":{"line":176,"column":20},"end":{"line":178,"column":3}},"60":{"start":{"line":181,"column":2},"end":{"line":194,"column":3}},"61":{"start":{"line":182,"column":19},"end":{"line":182,"column":46}},"62":{"start":{"line":183,"column":4},"end":{"line":193,"column":5}},"63":{"start":{"line":184,"column":6},"end":{"line":184,"column":106}},"64":{"start":{"line":186,"column":6},"end":{"line":192,"column":7}},"65":{"start":{"line":189,"column":8},"end":{"line":189,"column":53}},"66":{"start":{"line":191,"column":8},"end":{"line":191,"column":86}},"67":{"start":{"line":197,"column":2},"end":{"line":213,"column":3}},"68":{"start":{"line":198,"column":21},"end":{"line":198,"column":50}},"69":{"start":{"line":199,"column":20},"end":{"line":199,"column":48}},"70":{"start":{"line":201,"column":4},"end":{"line":212,"column":5}},"71":{"start":{"line":202,"column":6},"end":{"line":202,"column":128}},"72":{"start":{"line":204,"column":6},"end":{"line":211,"column":7}},"73":{"start":{"line":207,"column":8},"end":{"line":207,"column":57}},"74":{"start":{"line":208,"column":8},"end":{"line":208,"column":55}},"75":{"start":{"line":210,"column":8},"end":{"line":210,"column":81}},"76":{"start":{"line":215,"column":2},"end":{"line":215,"column":19}},"77":{"start":{"line":218,"column":15},"end":{"line":218,"column":19}},"78":{"start":{"line":219,"column":13},"end":{"line":219,"column":17}},"79":{"start":{"line":220,"column":21},"end":{"line":220,"column":29}},"80":{"start":{"line":221,"column":26},"end":{"line":221,"column":28}},"81":{"start":{"line":223,"column":0},"end":{"line":236,"column":1}},"82":{"start":{"line":224,"column":2},"end":{"line":233,"column":3}},"83":{"start":{"line":225,"column":4},"end":{"line":228,"column":7}},"84":{"start":{"line":229,"column":4},"end":{"line":229,"column":32}},"85":{"start":{"line":230,"column":4},"end":{"line":230,"column":38}},"86":{"start":{"line":232,"column":4},"end":{"line":232,"column":90}},"87":{"start":{"line":234,"column":7},"end":{"line":236,"column":1}},"88":{"start":{"line":235,"column":2},"end":{"line":235,"column":100}},"89":{"start":{"line":238,"column":19},"end":{"line":238,"column":48}},"90":{"start":{"line":240,"column":0},"end":{"line":242,"column":1}},"91":{"start":{"line":241,"column":2},"end":{"line":241,"column":54}},"92":{"start":{"line":244,"column":30},"end":{"line":248,"column":1}},"93":{"start":{"line":245,"column":2},"end":{"line":245,"column":30}},"94":{"start":{"line":245,"column":19},"end":{"line":245,"column":30}},"95":{"start":{"line":246,"column":14},"end":{"line":246,"column":15}},"96":{"start":{"line":247,"column":2},"end":{"line":247,"column":49}},"97":{"start":{"line":247,"column":34},"end":{"line":247,"column":47}},"98":{"start":{"line":250,"column":14},"end":{"line":257,"column":1}},"99":{"start":{"line":251,"column":2},"end":{"line":254,"column":3}},"100":{"start":{"line":252,"column":19},"end":{"line":252,"column":73}},"101":{"start":{"line":253,"column":4},"end":{"line":253,"column":23}},"102":{"start":{"line":255,"column":15},"end":{"line":255,"column":36}},"103":{"start":{"line":256,"column":2},"end":{"line":256,"column":29}},"104":{"start":{"line":259,"column":14},"end":{"line":266,"column":1}},"105":{"start":{"line":260,"column":2},"end":{"line":263,"column":3}},"106":{"start":{"line":261,"column":19},"end":{"line":261,"column":73}},"107":{"start":{"line":262,"column":4},"end":{"line":262,"column":34}},"108":{"start":{"line":264,"column":15},"end":{"line":264,"column":36}},"109":{"start":{"line":265,"column":2},"end":{"line":265,"column":37}},"110":{"start":{"line":268,"column":14},"end":{"line":280,"column":1}},"111":{"start":{"line":269,"column":2},"end":{"line":276,"column":3}},"112":{"start":{"line":270,"column":19},"end":{"line":270,"column":73}},"113":{"start":{"line":271,"column":4},"end":{"line":275,"column":6}},"114":{"start":{"line":277,"column":15},"end":{"line":277,"column":36}},"115":{"start":{"line":278,"column":15},"end":{"line":278,"column":34}},"116":{"start":{"line":279,"column":2},"end":{"line":279,"column":21}},"117":{"start":{"line":282,"column":25},"end":{"line":291,"column":1}},"118":{"start":{"line":284,"column":20},"end":{"line":284,"column":32}},"119":{"start":{"line":285,"column":17},"end":{"line":289,"column":3}},"120":{"start":{"line":290,"column":2},"end":{"line":290,"column":21}},"121":{"start":{"line":293,"column":0},"end":{"line":293,"column":19}},"122":{"start":{"line":295,"column":15},"end":{"line":1152,"column":1}},"123":{"start":{"line":296,"column":22},"end":{"line":340,"column":3}},"124":{"start":{"line":342,"column":25},"end":{"line":360,"column":3}},"125":{"start":{"line":362,"column":25},"end":{"line":384,"column":3}},"126":{"start":{"line":386,"column":21},"end":{"line":430,"column":3}},"127":{"start":{"line":432,"column":24},"end":{"line":457,"column":3}},"128":{"start":{"line":459,"column":28},"end":{"line":493,"column":3}},"129":{"start":{"line":495,"column":32},"end":{"line":529,"column":3}},"130":{"start":{"line":531,"column":31},"end":{"line":551,"column":3}},"131":{"start":{"line":553,"column":31},"end":{"line":579,"column":3}},"132":{"start":{"line":581,"column":30},"end":{"line":603,"column":3}},"133":{"start":{"line":605,"column":28},"end":{"line":637,"column":3}},"134":{"start":{"line":639,"column":35},"end":{"line":658,"column":3}},"135":{"start":{"line":660,"column":36},"end":{"line":693,"column":3}},"136":{"start":{"line":695,"column":34},"end":{"line":727,"column":3}},"137":{"start":{"line":729,"column":33},"end":{"line":751,"column":3}},"138":{"start":{"line":753,"column":36},"end":{"line":781,"column":3}},"139":{"start":{"line":783,"column":26},"end":{"line":805,"column":3}},"140":{"start":{"line":808,"column":2},"end":{"line":808,"column":26}},"141":{"start":{"line":809,"column":2},"end":{"line":809,"column":30}},"142":{"start":{"line":810,"column":2},"end":{"line":810,"column":27}},"143":{"start":{"line":811,"column":2},"end":{"line":811,"column":30}},"144":{"start":{"line":812,"column":2},"end":{"line":812,"column":33}},"145":{"start":{"line":813,"column":2},"end":{"line":813,"column":37}},"146":{"start":{"line":814,"column":2},"end":{"line":814,"column":36}},"147":{"start":{"line":815,"column":2},"end":{"line":815,"column":29}},"148":{"start":{"line":816,"column":2},"end":{"line":816,"column":36}},"149":{"start":{"line":817,"column":2},"end":{"line":817,"column":35}},"150":{"start":{"line":818,"column":2},"end":{"line":818,"column":33}},"151":{"start":{"line":819,"column":2},"end":{"line":819,"column":40}},"152":{"start":{"line":820,"column":2},"end":{"line":820,"column":41}},"153":{"start":{"line":821,"column":2},"end":{"line":821,"column":39}},"154":{"start":{"line":822,"column":2},"end":{"line":822,"column":38}},"155":{"start":{"line":823,"column":2},"end":{"line":823,"column":41}},"156":{"start":{"line":824,"column":2},"end":{"line":824,"column":31}},"157":{"start":{"line":828,"column":2},"end":{"line":935,"column":3}},"158":{"start":{"line":829,"column":22},"end":{"line":835,"column":48}},"159":{"start":{"line":837,"column":27},"end":{"line":837,"column":77}},"160":{"start":{"line":837,"column":49},"end":{"line":837,"column":76}},"161":{"start":{"line":838,"column":25},"end":{"line":838,"column":73}},"162":{"start":{"line":838,"column":47},"end":{"line":838,"column":72}},"163":{"start":{"line":840,"column":4},"end":{"line":931,"column":5}},"164":{"start":{"line":841,"column":6},"end":{"line":841,"column":75}},"165":{"start":{"line":844,"column":6},"end":{"line":848,"column":7}},"166":{"start":{"line":845,"column":8},"end":{"line":845,"column":97}},"167":{"start":{"line":847,"column":8},"end":{"line":847,"column":97}},"168":{"start":{"line":852,"column":29},"end":{"line":852,"column":115}},"169":{"start":{"line":853,"column":6},"end":{"line":868,"column":7}},"170":{"start":{"line":854,"column":24},"end":{"line":854,"column":98}},"171":{"start":{"line":855,"column":8},"end":{"line":867,"column":9}},"172":{"start":{"line":856,"column":10},"end":{"line":856,"column":113}},"173":{"start":{"line":859,"column":22},"end":{"line":859,"column":46}},"174":{"start":{"line":860,"column":30},"end":{"line":862,"column":88}},"175":{"start":{"line":863,"column":25},"end":{"line":863,"column":78}},"176":{"start":{"line":864,"column":31},"end":{"line":864,"column":89}},"177":{"start":{"line":865,"column":10},"end":{"line":865,"column":115}},"178":{"start":{"line":866,"column":10},"end":{"line":866,"column":89}},"179":{"start":{"line":872,"column":6},"end":{"line":928,"column":7}},"180":{"start":{"line":874,"column":8},"end":{"line":874,"column":79}},"181":{"start":{"line":876,"column":8},"end":{"line":876,"column":67}},"182":{"start":{"line":880,"column":34},"end":{"line":880,"column":110}},"183":{"start":{"line":881,"column":8},"end":{"line":887,"column":9}},"184":{"start":{"line":882,"column":10},"end":{"line":882,"column":116}},"185":{"start":{"line":883,"column":31},"end":{"line":883,"column":90}},"186":{"start":{"line":884,"column":10},"end":{"line":886,"column":11}},"187":{"start":{"line":885,"column":12},"end":{"line":885,"column":104}},"188":{"start":{"line":890,"column":8},"end":{"line":912,"column":11}},"189":{"start":{"line":915,"column":8},"end":{"line":923,"column":11}},"190":{"start":{"line":926,"column":8},"end":{"line":926,"column":41}},"191":{"start":{"line":927,"column":8},"end":{"line":927,"column":63}},"192":{"start":{"line":930,"column":6},"end":{"line":930,"column":82}},"193":{"start":{"line":933,"column":4},"end":{"line":933,"column":80}},"194":{"start":{"line":938,"column":2},"end":{"line":963,"column":3}},"195":{"start":{"line":939,"column":21},"end":{"line":945,"column":47}},"196":{"start":{"line":947,"column":31},"end":{"line":947,"column":84}},"197":{"start":{"line":947,"column":52},"end":{"line":947,"column":83}},"198":{"start":{"line":949,"column":4},"end":{"line":959,"column":5}},"199":{"start":{"line":950,"column":6},"end":{"line":950,"column":78}},"200":{"start":{"line":953,"column":6},"end":{"line":953,"column":85}},"201":{"start":{"line":956,"column":6},"end":{"line":956,"column":90}},"202":{"start":{"line":958,"column":6},"end":{"line":958,"column":86}},"203":{"start":{"line":961,"column":4},"end":{"line":961,"column":77}},"204":{"start":{"line":966,"column":24},"end":{"line":966,"column":80}},"205":{"start":{"line":967,"column":2},"end":{"line":981,"column":3}},"206":{"start":{"line":968,"column":16},"end":{"line":968,"column":40}},"207":{"start":{"line":969,"column":4},"end":{"line":972,"column":14}},"208":{"start":{"line":974,"column":4},"end":{"line":980,"column":7}},"209":{"start":{"line":984,"column":2},"end":{"line":1023,"column":3}},"210":{"start":{"line":985,"column":25},"end":{"line":991,"column":59}},"211":{"start":{"line":993,"column":26},"end":{"line":993,"column":76}},"212":{"start":{"line":993,"column":51},"end":{"line":993,"column":75}},"213":{"start":{"line":995,"column":4},"end":{"line":1011,"column":5}},"214":{"start":{"line":996,"column":6},"end":{"line":996,"column":78}},"215":{"start":{"line":999,"column":6},"end":{"line":999,"column":92}},"216":{"start":{"line":1000,"column":6},"end":{"line":1000,"column":121}},"217":{"start":{"line":1001,"column":6},"end":{"line":1001,"column":80}},"218":{"start":{"line":1002,"column":6},"end":{"line":1002,"column":84}},"219":{"start":{"line":1003,"column":6},"end":{"line":1003,"column":88}},"220":{"start":{"line":1004,"column":6},"end":{"line":1004,"column":99}},"221":{"start":{"line":1005,"column":6},"end":{"line":1005,"column":103}},"222":{"start":{"line":1008,"column":6},"end":{"line":1008,"column":186}},"223":{"start":{"line":1010,"column":6},"end":{"line":1010,"column":68}},"224":{"start":{"line":1014,"column":22},"end":{"line":1014,"column":70}},"225":{"start":{"line":1014,"column":47},"end":{"line":1014,"column":69}},"226":{"start":{"line":1015,"column":4},"end":{"line":1019,"column":5}},"227":{"start":{"line":1016,"column":6},"end":{"line":1016,"column":81}},"228":{"start":{"line":1017,"column":6},"end":{"line":1017,"column":75}},"229":{"start":{"line":1018,"column":6},"end":{"line":1018,"column":62}},"230":{"start":{"line":1021,"column":4},"end":{"line":1021,"column":70}},"231":{"start":{"line":1026,"column":2},"end":{"line":1045,"column":3}},"232":{"start":{"line":1027,"column":25},"end":{"line":1033,"column":63}},"233":{"start":{"line":1035,"column":26},"end":{"line":1035,"column":78}},"234":{"start":{"line":1035,"column":51},"end":{"line":1035,"column":77}},"235":{"start":{"line":1036,"column":4},"end":{"line":1041,"column":5}},"236":{"start":{"line":1037,"column":6},"end":{"line":1037,"column":88}},"237":{"start":{"line":1038,"column":6},"end":{"line":1038,"column":106}},"238":{"start":{"line":1039,"column":6},"end":{"line":1039,"column":87}},"239":{"start":{"line":1040,"column":6},"end":{"line":1040,"column":87}},"240":{"start":{"line":1043,"column":4},"end":{"line":1043,"column":93}},"241":{"start":{"line":1048,"column":24},"end":{"line":1048,"column":84}},"242":{"start":{"line":1049,"column":2},"end":{"line":1055,"column":3}},"243":{"start":{"line":1050,"column":16},"end":{"line":1050,"column":40}},"244":{"start":{"line":1051,"column":4},"end":{"line":1054,"column":14}},"245":{"start":{"line":1058,"column":23},"end":{"line":1058,"column":82}},"246":{"start":{"line":1059,"column":2},"end":{"line":1065,"column":3}},"247":{"start":{"line":1060,"column":16},"end":{"line":1060,"column":40}},"248":{"start":{"line":1061,"column":4},"end":{"line":1064,"column":19}},"249":{"start":{"line":1068,"column":20},"end":{"line":1068,"column":76}},"250":{"start":{"line":1069,"column":2},"end":{"line":1075,"column":3}},"251":{"start":{"line":1070,"column":16},"end":{"line":1070,"column":40}},"252":{"start":{"line":1071,"column":4},"end":{"line":1074,"column":19}},"253":{"start":{"line":1078,"column":24},"end":{"line":1078,"column":80}},"254":{"start":{"line":1079,"column":20},"end":{"line":1079,"column":48}},"255":{"start":{"line":1081,"column":2},"end":{"line":1109,"column":3}},"256":{"start":{"line":1082,"column":4},"end":{"line":1082,"column":50}},"257":{"start":{"line":1083,"column":16},"end":{"line":1083,"column":40}},"258":{"start":{"line":1084,"column":25},"end":{"line":1097,"column":5}},"259":{"start":{"line":1099,"column":4},"end":{"line":1107,"column":5}},"260":{"start":{"line":1100,"column":26},"end":{"line":1104,"column":40}},"261":{"start":{"line":1106,"column":6},"end":{"line":1106,"column":108}},"262":{"start":{"line":1108,"column":4},"end":{"line":1108,"column":69}},"263":{"start":{"line":1112,"column":2},"end":{"line":1112,"column":99}},"264":{"start":{"line":1113,"column":2},"end":{"line":1113,"column":97}},"265":{"start":{"line":1114,"column":2},"end":{"line":1114,"column":89}},"266":{"start":{"line":1115,"column":2},"end":{"line":1115,"column":77}},"267":{"start":{"line":1116,"column":2},"end":{"line":1116,"column":97}},"268":{"start":{"line":1117,"column":2},"end":{"line":1117,"column":95}},"269":{"start":{"line":1118,"column":2},"end":{"line":1118,"column":87}},"270":{"start":{"line":1119,"column":2},"end":{"line":1119,"column":81}},"271":{"start":{"line":1121,"column":2},"end":{"line":1125,"column":3}},"272":{"start":{"line":1122,"column":4},"end":{"line":1122,"column":83}},"273":{"start":{"line":1124,"column":4},"end":{"line":1124,"column":72}},"274":{"start":{"line":1126,"column":2},"end":{"line":1126,"column":73}},"275":{"start":{"line":1127,"column":2},"end":{"line":1127,"column":87}},"276":{"start":{"line":1128,"column":2},"end":{"line":1128,"column":79}},"277":{"start":{"line":1129,"column":2},"end":{"line":1129,"column":80}},"278":{"start":{"line":1130,"column":2},"end":{"line":1130,"column":89}},"279":{"start":{"line":1131,"column":2},"end":{"line":1131,"column":99}},"280":{"start":{"line":1132,"column":2},"end":{"line":1132,"column":75}},"281":{"start":{"line":1133,"column":2},"end":{"line":1133,"column":91}},"282":{"start":{"line":1135,"column":2},"end":{"line":1149,"column":3}},"283":{"start":{"line":1136,"column":21},"end":{"line":1142,"column":47}},"284":{"start":{"line":1143,"column":23},"end":{"line":1143,"column":68}},"285":{"start":{"line":1143,"column":44},"end":{"line":1143,"column":67}},"286":{"start":{"line":1144,"column":4},"end":{"line":1146,"column":5}},"287":{"start":{"line":1145,"column":6},"end":{"line":1145,"column":92}},"288":{"start":{"line":1148,"column":4},"end":{"line":1148,"column":75}},"289":{"start":{"line":1151,"column":2},"end":{"line":1151,"column":84}},"290":{"start":{"line":1164,"column":23},"end":{"line":1186,"column":1}},"291":{"start":{"line":1165,"column":2},"end":{"line":1165,"column":25}},"292":{"start":{"line":1165,"column":13},"end":{"line":1165,"column":25}},"293":{"start":{"line":1168,"column":2},"end":{"line":1174,"column":3}},"294":{"start":{"line":1169,"column":19},"end":{"line":1169,"column":33}},"295":{"start":{"line":1170,"column":4},"end":{"line":1172,"column":5}},"296":{"start":{"line":1171,"column":6},"end":{"line":1171,"column":54}},"297":{"start":{"line":1173,"column":4},"end":{"line":1173,"column":32}},"298":{"start":{"line":1177,"column":2},"end":{"line":1182,"column":3}},"299":{"start":{"line":1178,"column":4},"end":{"line":1180,"column":5}},"300":{"start":{"line":1179,"column":6},"end":{"line":1179,"column":45}},"301":{"start":{"line":1181,"column":4},"end":{"line":1181,"column":30}},"302":{"start":{"line":1185,"column":2},"end":{"line":1185,"column":58}},"303":{"start":{"line":1195,"column":33},"end":{"line":1197,"column":1}},"304":{"start":{"line":1196,"column":2},"end":{"line":1196,"column":58}},"305":{"start":{"line":1199,"column":23},"end":{"line":1656,"column":1}},"306":{"start":{"line":1202,"column":16},"end":{"line":1202,"column":40}},"307":{"start":{"line":1205,"column":18},"end":{"line":1205,"column":22}},"308":{"start":{"line":1206,"column":4},"end":{"line":1209,"column":5}},"309":{"start":{"line":1207,"column":20},"end":{"line":1207,"column":109}},"310":{"start":{"line":1208,"column":6},"end":{"line":1208,"column":34}},"311":{"start":{"line":1212,"column":20},"end":{"line":1212,"column":24}},"312":{"start":{"line":1213,"column":4},"end":{"line":1216,"column":5}},"313":{"start":{"line":1214,"column":22},"end":{"line":1214,"column":110}},"314":{"start":{"line":1215,"column":6},"end":{"line":1215,"column":38}},"315":{"start":{"line":1219,"column":20},"end":{"line":1219,"column":44}},"316":{"start":{"line":1220,"column":4},"end":{"line":1226,"column":5}},"317":{"start":{"line":1221,"column":22},"end":{"line":1221,"column":98}},"318":{"start":{"line":1222,"column":6},"end":{"line":1224,"column":7}},"319":{"start":{"line":1223,"column":8},"end":{"line":1223,"column":68}},"320":{"start":{"line":1225,"column":6},"end":{"line":1225,"column":29}},"321":{"start":{"line":1227,"column":4},"end":{"line":1229,"column":5}},"322":{"start":{"line":1228,"column":6},"end":{"line":1228,"column":45}},"323":{"start":{"line":1231,"column":24},"end":{"line":1239,"column":5}},"324":{"start":{"line":1243,"column":19},"end":{"line":1262,"column":6}},"325":{"start":{"line":1264,"column":18},"end":{"line":1264,"column":76}},"326":{"start":{"line":1265,"column":4},"end":{"line":1265,"column":25}},"327":{"start":{"line":1268,"column":18},"end":{"line":1283,"column":5}},"328":{"start":{"line":1284,"column":17},"end":{"line":1284,"column":35}},"329":{"start":{"line":1285,"column":4},"end":{"line":1289,"column":8}},"330":{"start":{"line":1285,"column":30},"end":{"line":1289,"column":5}},"331":{"start":{"line":1292,"column":18},"end":{"line":1307,"column":5}},"332":{"start":{"line":1308,"column":16},"end":{"line":1308,"column":40}},"333":{"start":{"line":1309,"column":4},"end":{"line":1309,"column":26}},"334":{"start":{"line":1309,"column":14},"end":{"line":1309,"column":26}},"335":{"start":{"line":1310,"column":4},"end":{"line":1314,"column":6}},"336":{"start":{"line":1317,"column":16},"end":{"line":1332,"column":5}},"337":{"start":{"line":1333,"column":19},"end":{"line":1333,"column":21}},"338":{"start":{"line":1336,"column":4},"end":{"line":1339,"column":5}},"339":{"start":{"line":1337,"column":6},"end":{"line":1337,"column":279}},"340":{"start":{"line":1338,"column":6},"end":{"line":1338,"column":108}},"341":{"start":{"line":1341,"column":4},"end":{"line":1344,"column":5}},"342":{"start":{"line":1342,"column":6},"end":{"line":1342,"column":283}},"343":{"start":{"line":1343,"column":6},"end":{"line":1343,"column":105}},"344":{"start":{"line":1346,"column":4},"end":{"line":1349,"column":5}},"345":{"start":{"line":1347,"column":6},"end":{"line":1347,"column":44}},"346":{"start":{"line":1348,"column":6},"end":{"line":1348,"column":47}},"347":{"start":{"line":1351,"column":4},"end":{"line":1354,"column":5}},"348":{"start":{"line":1352,"column":6},"end":{"line":1352,"column":40}},"349":{"start":{"line":1353,"column":6},"end":{"line":1353,"column":34}},"350":{"start":{"line":1356,"column":4},"end":{"line":1356,"column":55}},"351":{"start":{"line":1358,"column":17},"end":{"line":1358,"column":43}},"352":{"start":{"line":1359,"column":4},"end":{"line":1363,"column":8}},"353":{"start":{"line":1359,"column":30},"end":{"line":1363,"column":5}},"354":{"start":{"line":1366,"column":16},"end":{"line":1366,"column":40}},"355":{"start":{"line":1367,"column":4},"end":{"line":1371,"column":39}},"356":{"start":{"line":1374,"column":16},"end":{"line":1374,"column":40}},"357":{"start":{"line":1377,"column":18},"end":{"line":1377,"column":22}},"358":{"start":{"line":1378,"column":4},"end":{"line":1381,"column":5}},"359":{"start":{"line":1379,"column":20},"end":{"line":1379,"column":109}},"360":{"start":{"line":1380,"column":6},"end":{"line":1380,"column":34}},"361":{"start":{"line":1384,"column":20},"end":{"line":1384,"column":24}},"362":{"start":{"line":1385,"column":4},"end":{"line":1388,"column":5}},"363":{"start":{"line":1386,"column":22},"end":{"line":1386,"column":110}},"364":{"start":{"line":1387,"column":6},"end":{"line":1387,"column":38}},"365":{"start":{"line":1391,"column":20},"end":{"line":1391,"column":44}},"366":{"start":{"line":1392,"column":4},"end":{"line":1398,"column":5}},"367":{"start":{"line":1393,"column":22},"end":{"line":1393,"column":98}},"368":{"start":{"line":1394,"column":6},"end":{"line":1396,"column":7}},"369":{"start":{"line":1395,"column":8},"end":{"line":1395,"column":68}},"370":{"start":{"line":1397,"column":6},"end":{"line":1397,"column":29}},"371":{"start":{"line":1399,"column":4},"end":{"line":1401,"column":5}},"372":{"start":{"line":1400,"column":6},"end":{"line":1400,"column":45}},"373":{"start":{"line":1405,"column":4},"end":{"line":1431,"column":7}},"374":{"start":{"line":1433,"column":24},"end":{"line":1433,"column":70}},"375":{"start":{"line":1435,"column":18},"end":{"line":1450,"column":5}},"376":{"start":{"line":1451,"column":17},"end":{"line":1451,"column":44}},"377":{"start":{"line":1452,"column":4},"end":{"line":1456,"column":8}},"378":{"start":{"line":1452,"column":30},"end":{"line":1456,"column":5}},"379":{"start":{"line":1459,"column":18},"end":{"line":1474,"column":5}},"380":{"start":{"line":1475,"column":17},"end":{"line":1475,"column":44}},"381":{"start":{"line":1476,"column":4},"end":{"line":1480,"column":8}},"382":{"start":{"line":1476,"column":30},"end":{"line":1480,"column":5}},"383":{"start":{"line":1483,"column":16},"end":{"line":1483,"column":40}},"384":{"start":{"line":1486,"column":20},"end":{"line":1486,"column":24}},"385":{"start":{"line":1487,"column":4},"end":{"line":1490,"column":5}},"386":{"start":{"line":1488,"column":22},"end":{"line":1488,"column":103}},"387":{"start":{"line":1489,"column":6},"end":{"line":1489,"column":38}},"388":{"start":{"line":1494,"column":4},"end":{"line":1498,"column":107}},"389":{"start":{"line":1501,"column":16},"end":{"line":1501,"column":40}},"390":{"start":{"line":1504,"column":4},"end":{"line":1508,"column":7}},"391":{"start":{"line":1511,"column":20},"end":{"line":1511,"column":24}},"392":{"start":{"line":1512,"column":4},"end":{"line":1515,"column":5}},"393":{"start":{"line":1513,"column":22},"end":{"line":1513,"column":103}},"394":{"start":{"line":1514,"column":6},"end":{"line":1514,"column":38}},"395":{"start":{"line":1520,"column":24},"end":{"line":1520,"column":50}},"396":{"start":{"line":1521,"column":22},"end":{"line":1521,"column":65}},"397":{"start":{"line":1522,"column":29},"end":{"line":1522,"column":47}},"398":{"start":{"line":1523,"column":28},"end":{"line":1523,"column":62}},"399":{"start":{"line":1525,"column":4},"end":{"line":1529,"column":7}},"400":{"start":{"line":1532,"column":21},"end":{"line":1532,"column":103}},"401":{"start":{"line":1533,"column":23},"end":{"line":1533,"column":43}},"402":{"start":{"line":1535,"column":4},"end":{"line":1539,"column":107}},"403":{"start":{"line":1542,"column":16},"end":{"line":1542,"column":40}},"404":{"start":{"line":1543,"column":4},"end":{"line":1547,"column":34}},"405":{"start":{"line":1550,"column":4},"end":{"line":1550,"column":44}},"406":{"start":{"line":1550,"column":34},"end":{"line":1550,"column":44}},"407":{"start":{"line":1551,"column":25},"end":{"line":1551,"column":53}},"408":{"start":{"line":1551,"column":39},"end":{"line":1551,"column":42}},"409":{"start":{"line":1552,"column":18},"end":{"line":1567,"column":5}},"410":{"start":{"line":1568,"column":17},"end":{"line":1568,"column":40}},"411":{"start":{"line":1569,"column":4},"end":{"line":1573,"column":8}},"412":{"start":{"line":1569,"column":30},"end":{"line":1573,"column":5}},"413":{"start":{"line":1576,"column":4},"end":{"line":1576,"column":56}},"414":{"start":{"line":1576,"column":34},"end":{"line":1576,"column":56}},"415":{"start":{"line":1577,"column":16},"end":{"line":1577,"column":40}},"416":{"start":{"line":1578,"column":25},"end":{"line":1578,"column":53}},"417":{"start":{"line":1578,"column":39},"end":{"line":1578,"column":42}},"418":{"start":{"line":1579,"column":18},"end":{"line":1583,"column":5}},"419":{"start":{"line":1584,"column":4},"end":{"line":1584,"column":60}},"420":{"start":{"line":1587,"column":4},"end":{"line":1587,"column":56}},"421":{"start":{"line":1587,"column":34},"end":{"line":1587,"column":56}},"422":{"start":{"line":1588,"column":25},"end":{"line":1588,"column":53}},"423":{"start":{"line":1588,"column":39},"end":{"line":1588,"column":42}},"424":{"start":{"line":1589,"column":18},"end":{"line":1589,"column":68}},"425":{"start":{"line":1590,"column":4},"end":{"line":1590,"column":29}},"426":{"start":{"line":1593,"column":4},"end":{"line":1593,"column":56}},"427":{"start":{"line":1593,"column":34},"end":{"line":1593,"column":56}},"428":{"start":{"line":1594,"column":16},"end":{"line":1594,"column":40}},"429":{"start":{"line":1597,"column":20},"end":{"line":1597,"column":24}},"430":{"start":{"line":1598,"column":4},"end":{"line":1601,"column":5}},"431":{"start":{"line":1599,"column":22},"end":{"line":1599,"column":103}},"432":{"start":{"line":1600,"column":6},"end":{"line":1600,"column":38}},"433":{"start":{"line":1603,"column":25},"end":{"line":1603,"column":53}},"434":{"start":{"line":1603,"column":39},"end":{"line":1603,"column":42}},"435":{"start":{"line":1604,"column":18},"end":{"line":1608,"column":5}},"436":{"start":{"line":1611,"column":4},"end":{"line":1611,"column":117}},"437":{"start":{"line":1614,"column":17},"end":{"line":1614,"column":114}},"438":{"start":{"line":1615,"column":4},"end":{"line":1615,"column":47}},"439":{"start":{"line":1615,"column":27},"end":{"line":1615,"column":45}},"440":{"start":{"line":1622,"column":20},"end":{"line":1636,"column":5}},"441":{"start":{"line":1637,"column":17},"end":{"line":1637,"column":19}},"442":{"start":{"line":1639,"column":4},"end":{"line":1647,"column":5}},"443":{"start":{"line":1641,"column":6},"end":{"line":1641,"column":61}},"444":{"start":{"line":1644,"column":6},"end":{"line":1645,"column":61}},"445":{"start":{"line":1646,"column":6},"end":{"line":1646,"column":37}},"446":{"start":{"line":1649,"column":17},"end":{"line":1649,"column":47}},"447":{"start":{"line":1650,"column":4},"end":{"line":1654,"column":8}},"448":{"start":{"line":1650,"column":30},"end":{"line":1654,"column":5}},"449":{"start":{"line":1663,"column":34},"end":{"line":1685,"column":1}},"450":{"start":{"line":1664,"column":15},"end":{"line":1664,"column":45}},"451":{"start":{"line":1665,"column":2},"end":{"line":1665,"column":59}},"452":{"start":{"line":1665,"column":13},"end":{"line":1665,"column":59}},"453":{"start":{"line":1668,"column":22},"end":{"line":1672,"column":48}},"454":{"start":{"line":1675,"column":24},"end":{"line":1679,"column":48}},"455":{"start":{"line":1681,"column":2},"end":{"line":1684,"column":4}},"456":{"start":{"line":1687,"column":25},"end":{"line":1778,"column":1}},"457":{"start":{"line":1689,"column":16},"end":{"line":1689,"column":40}},"458":{"start":{"line":1690,"column":24},"end":{"line":1694,"column":5}},"459":{"start":{"line":1695,"column":19},"end":{"line":1695,"column":91}},"460":{"start":{"line":1696,"column":15},"end":{"line":1696,"column":73}},"461":{"start":{"line":1697,"column":4},"end":{"line":1697,"column":18}},"462":{"start":{"line":1700,"column":16},"end":{"line":1700,"column":40}},"463":{"start":{"line":1701,"column":24},"end":{"line":1705,"column":5}},"464":{"start":{"line":1706,"column":19},"end":{"line":1712,"column":6}},"465":{"start":{"line":1713,"column":15},"end":{"line":1713,"column":73}},"466":{"start":{"line":1714,"column":4},"end":{"line":1714,"column":18}},"467":{"start":{"line":1717,"column":17},"end":{"line":1717,"column":73}},"468":{"start":{"line":1718,"column":4},"end":{"line":1722,"column":8}},"469":{"start":{"line":1718,"column":30},"end":{"line":1722,"column":5}},"470":{"start":{"line":1725,"column":16},"end":{"line":1725,"column":73}},"471":{"start":{"line":1726,"column":4},"end":{"line":1730,"column":13}},"472":{"start":{"line":1733,"column":16},"end":{"line":1733,"column":77}},"473":{"start":{"line":1734,"column":4},"end":{"line":1738,"column":13}},"474":{"start":{"line":1741,"column":16},"end":{"line":1741,"column":88}},"475":{"start":{"line":1742,"column":4},"end":{"line":1746,"column":13}},"476":{"start":{"line":1748,"column":33},"end":{"line":1752,"column":51}},"477":{"start":{"line":1754,"column":16},"end":{"line":1754,"column":40}},"478":{"start":{"line":1755,"column":4},"end":{"line":1759,"column":66}},"479":{"start":{"line":1762,"column":16},"end":{"line":1762,"column":40}},"480":{"start":{"line":1763,"column":4},"end":{"line":1767,"column":29}},"481":{"start":{"line":1769,"column":24},"end":{"line":1769,"column":73}},"482":{"start":{"line":1771,"column":16},"end":{"line":1771,"column":101}},"483":{"start":{"line":1772,"column":4},"end":{"line":1772,"column":33}},"484":{"start":{"line":1775,"column":16},"end":{"line":1775,"column":101}},"485":{"start":{"line":1776,"column":4},"end":{"line":1776,"column":27}},"486":{"start":{"line":1780,"column":23},"end":{"line":1875,"column":1}},"487":{"start":{"line":1782,"column":16},"end":{"line":1782,"column":40}},"488":{"start":{"line":1783,"column":24},"end":{"line":1783,"column":87}},"489":{"start":{"line":1785,"column":4},"end":{"line":1788,"column":80}},"490":{"start":{"line":1791,"column":16},"end":{"line":1791,"column":52}},"491":{"start":{"line":1792,"column":19},"end":{"line":1792,"column":21}},"492":{"start":{"line":1794,"column":4},"end":{"line":1797,"column":5}},"493":{"start":{"line":1795,"column":6},"end":{"line":1795,"column":38}},"494":{"start":{"line":1796,"column":6},"end":{"line":1796,"column":38}},"495":{"start":{"line":1799,"column":4},"end":{"line":1802,"column":5}},"496":{"start":{"line":1800,"column":6},"end":{"line":1800,"column":36}},"497":{"start":{"line":1801,"column":6},"end":{"line":1801,"column":36}},"498":{"start":{"line":1804,"column":4},"end":{"line":1807,"column":5}},"499":{"start":{"line":1805,"column":6},"end":{"line":1805,"column":33}},"500":{"start":{"line":1806,"column":6},"end":{"line":1806,"column":34}},"501":{"start":{"line":1809,"column":4},"end":{"line":1812,"column":5}},"502":{"start":{"line":1810,"column":6},"end":{"line":1810,"column":37}},"503":{"start":{"line":1811,"column":6},"end":{"line":1811,"column":37}},"504":{"start":{"line":1814,"column":4},"end":{"line":1817,"column":5}},"505":{"start":{"line":1815,"column":6},"end":{"line":1815,"column":37}},"506":{"start":{"line":1816,"column":6},"end":{"line":1816,"column":35}},"507":{"start":{"line":1819,"column":4},"end":{"line":1822,"column":5}},"508":{"start":{"line":1820,"column":6},"end":{"line":1820,"column":37}},"509":{"start":{"line":1821,"column":6},"end":{"line":1821,"column":37}},"510":{"start":{"line":1824,"column":4},"end":{"line":1824,"column":40}},"511":{"start":{"line":1826,"column":4},"end":{"line":1829,"column":5}},"512":{"start":{"line":1827,"column":6},"end":{"line":1827,"column":26}},"513":{"start":{"line":1828,"column":6},"end":{"line":1828,"column":33}},"514":{"start":{"line":1831,"column":17},"end":{"line":1831,"column":43}},"515":{"start":{"line":1832,"column":4},"end":{"line":1835,"column":8}},"516":{"start":{"line":1832,"column":30},"end":{"line":1835,"column":5}},"517":{"start":{"line":1838,"column":17},"end":{"line":1842,"column":30}},"518":{"start":{"line":1843,"column":4},"end":{"line":1843,"column":85}},"519":{"start":{"line":1843,"column":30},"end":{"line":1843,"column":82}},"520":{"start":{"line":1846,"column":17},"end":{"line":1846,"column":97}},"521":{"start":{"line":1847,"column":4},"end":{"line":1847,"column":85}},"522":{"start":{"line":1847,"column":30},"end":{"line":1847,"column":82}},"523":{"start":{"line":1850,"column":16},"end":{"line":1857,"column":5}},"524":{"start":{"line":1858,"column":19},"end":{"line":1858,"column":21}},"525":{"start":{"line":1860,"column":4},"end":{"line":1863,"column":5}},"526":{"start":{"line":1861,"column":6},"end":{"line":1861,"column":37}},"527":{"start":{"line":1862,"column":6},"end":{"line":1862,"column":29}},"528":{"start":{"line":1865,"column":4},"end":{"line":1868,"column":5}},"529":{"start":{"line":1866,"column":6},"end":{"line":1866,"column":37}},"530":{"start":{"line":1867,"column":6},"end":{"line":1867,"column":27}},"531":{"start":{"line":1870,"column":4},"end":{"line":1870,"column":45}},"532":{"start":{"line":1872,"column":17},"end":{"line":1872,"column":43}},"533":{"start":{"line":1873,"column":4},"end":{"line":1873,"column":16}},"534":{"start":{"line":1877,"column":22},"end":{"line":2082,"column":1}},"535":{"start":{"line":1879,"column":16},"end":{"line":1879,"column":40}},"536":{"start":{"line":1880,"column":24},"end":{"line":1884,"column":5}},"537":{"start":{"line":1885,"column":19},"end":{"line":1896,"column":6}},"538":{"start":{"line":1897,"column":15},"end":{"line":1897,"column":73}},"539":{"start":{"line":1898,"column":4},"end":{"line":1898,"column":18}},"540":{"start":{"line":1901,"column":16},"end":{"line":1901,"column":89}},"541":{"start":{"line":1902,"column":4},"end":{"line":1902,"column":26}},"542":{"start":{"line":1902,"column":14},"end":{"line":1902,"column":26}},"543":{"start":{"line":1903,"column":4},"end":{"line":1907,"column":6}},"544":{"start":{"line":1910,"column":16},"end":{"line":1910,"column":69}},"545":{"start":{"line":1911,"column":4},"end":{"line":1911,"column":26}},"546":{"start":{"line":1911,"column":14},"end":{"line":1911,"column":26}},"547":{"start":{"line":1912,"column":4},"end":{"line":1916,"column":6}},"548":{"start":{"line":1919,"column":17},"end":{"line":1919,"column":76}},"549":{"start":{"line":1920,"column":4},"end":{"line":1924,"column":8}},"550":{"start":{"line":1920,"column":30},"end":{"line":1924,"column":5}},"551":{"start":{"line":1927,"column":17},"end":{"line":1927,"column":91}},"552":{"start":{"line":1928,"column":4},"end":{"line":1932,"column":8}},"553":{"start":{"line":1928,"column":30},"end":{"line":1932,"column":5}},"554":{"start":{"line":1934,"column":34},"end":{"line":1934,"column":93}},"555":{"start":{"line":1936,"column":16},"end":{"line":1936,"column":40}},"556":{"start":{"line":1937,"column":4},"end":{"line":1937,"column":76}},"557":{"start":{"line":1939,"column":24},"end":{"line":1939,"column":69}},"558":{"start":{"line":1940,"column":40},"end":{"line":1953,"column":4}},"559":{"start":{"line":1954,"column":46},"end":{"line":1954,"column":122}},"560":{"start":{"line":1956,"column":16},"end":{"line":1956,"column":80}},"561":{"start":{"line":1957,"column":4},"end":{"line":1957,"column":26}},"562":{"start":{"line":1957,"column":14},"end":{"line":1957,"column":26}},"563":{"start":{"line":1958,"column":4},"end":{"line":1962,"column":6}},"564":{"start":{"line":1965,"column":16},"end":{"line":1965,"column":40}},"565":{"start":{"line":1968,"column":27},"end":{"line":1970,"column":48}},"566":{"start":{"line":1971,"column":28},"end":{"line":1971,"column":50}},"567":{"start":{"line":1973,"column":24},"end":{"line":1977,"column":5}},"568":{"start":{"line":1978,"column":19},"end":{"line":1991,"column":6}},"569":{"start":{"line":1992,"column":15},"end":{"line":1992,"column":73}},"570":{"start":{"line":1993,"column":4},"end":{"line":1993,"column":18}},"571":{"start":{"line":1995,"column":39},"end":{"line":1995,"column":109}},"572":{"start":{"line":1996,"column":52},"end":{"line":2000,"column":51}},"573":{"start":{"line":2001,"column":32},"end":{"line":2005,"column":14}},"574":{"start":{"line":2006,"column":34},"end":{"line":2006,"column":125}},"575":{"start":{"line":2007,"column":50},"end":{"line":2011,"column":104}},"576":{"start":{"line":2013,"column":17},"end":{"line":2013,"column":50}},"577":{"start":{"line":2016,"column":4},"end":{"line":2016,"column":54}},"578":{"start":{"line":2016,"column":41},"end":{"line":2016,"column":54}},"579":{"start":{"line":2019,"column":27},"end":{"line":2019,"column":48}},"580":{"start":{"line":2020,"column":4},"end":{"line":2023,"column":5}},"581":{"start":{"line":2021,"column":6},"end":{"line":2021,"column":79}},"582":{"start":{"line":2022,"column":6},"end":{"line":2022,"column":19}},"583":{"start":{"line":2026,"column":4},"end":{"line":2036,"column":5}},"584":{"start":{"line":2027,"column":6},"end":{"line":2027,"column":47}},"585":{"start":{"line":2030,"column":6},"end":{"line":2032,"column":7}},"586":{"start":{"line":2031,"column":8},"end":{"line":2031,"column":21}},"587":{"start":{"line":2035,"column":6},"end":{"line":2035,"column":19}},"588":{"start":{"line":2038,"column":22},"end":{"line":2038,"column":47}},"589":{"start":{"line":2040,"column":4},"end":{"line":2040,"column":39}},"590":{"start":{"line":2040,"column":26},"end":{"line":2040,"column":39}},"591":{"start":{"line":2042,"column":4},"end":{"line":2042,"column":37}},"592":{"start":{"line":2043,"column":4},"end":{"line":2043,"column":109}},"593":{"start":{"line":2044,"column":4},"end":{"line":2044,"column":16}},"594":{"start":{"line":2047,"column":4},"end":{"line":2047,"column":50}},"595":{"start":{"line":2047,"column":40},"end":{"line":2047,"column":50}},"596":{"start":{"line":2050,"column":29},"end":{"line":2050,"column":75}},"597":{"start":{"line":2050,"column":57},"end":{"line":2050,"column":72}},"598":{"start":{"line":2052,"column":4},"end":{"line":2055,"column":5}},"599":{"start":{"line":2054,"column":6},"end":{"line":2054,"column":76}},"600":{"start":{"line":2060,"column":25},"end":{"line":2060,"column":66}},"601":{"start":{"line":2060,"column":52},"end":{"line":2060,"column":55}},"602":{"start":{"line":2061,"column":18},"end":{"line":2061,"column":79}},"603":{"start":{"line":2062,"column":17},"end":{"line":2062,"column":53}},"604":{"start":{"line":2063,"column":4},"end":{"line":2067,"column":8}},"605":{"start":{"line":2063,"column":30},"end":{"line":2067,"column":5}},"606":{"start":{"line":2075,"column":17},"end":{"line":2075,"column":74}},"607":{"start":{"line":2076,"column":4},"end":{"line":2080,"column":8}},"608":{"start":{"line":2076,"column":30},"end":{"line":2080,"column":5}},"609":{"start":{"line":2084,"column":25},"end":{"line":2134,"column":1}},"610":{"start":{"line":2086,"column":17},"end":{"line":2086,"column":107}},"611":{"start":{"line":2087,"column":4},"end":{"line":2091,"column":8}},"612":{"start":{"line":2087,"column":30},"end":{"line":2091,"column":5}},"613":{"start":{"line":2094,"column":16},"end":{"line":2094,"column":93}},"614":{"start":{"line":2095,"column":4},"end":{"line":2095,"column":26}},"615":{"start":{"line":2095,"column":14},"end":{"line":2095,"column":26}},"616":{"start":{"line":2096,"column":4},"end":{"line":2100,"column":6}},"617":{"start":{"line":2103,"column":16},"end":{"line":2103,"column":72}},"618":{"start":{"line":2104,"column":4},"end":{"line":2104,"column":26}},"619":{"start":{"line":2104,"column":14},"end":{"line":2104,"column":26}},"620":{"start":{"line":2105,"column":4},"end":{"line":2109,"column":6}},"621":{"start":{"line":2112,"column":16},"end":{"line":2112,"column":40}},"622":{"start":{"line":2113,"column":24},"end":{"line":2117,"column":5}},"623":{"start":{"line":2119,"column":19},"end":{"line":2127,"column":6}},"624":{"start":{"line":2129,"column":15},"end":{"line":2129,"column":73}},"625":{"start":{"line":2130,"column":4},"end":{"line":2130,"column":35}},"626":{"start":{"line":2132,"column":24},"end":{"line":2132,"column":72}},"627":{"start":{"line":2133,"column":40},"end":{"line":2133,"column":152}},"628":{"start":{"line":2136,"column":30},"end":{"line":2179,"column":1}},"629":{"start":{"line":2138,"column":16},"end":{"line":2138,"column":71}},"630":{"start":{"line":2139,"column":4},"end":{"line":2139,"column":26}},"631":{"start":{"line":2139,"column":14},"end":{"line":2139,"column":26}},"632":{"start":{"line":2140,"column":4},"end":{"line":2143,"column":6}},"633":{"start":{"line":2146,"column":16},"end":{"line":2146,"column":40}},"634":{"start":{"line":2147,"column":4},"end":{"line":2177,"column":7}},"635":{"start":{"line":2181,"column":34},"end":{"line":2228,"column":1}},"636":{"start":{"line":2182,"column":19},"end":{"line":2182,"column":72}},"637":{"start":{"line":2184,"column":16},"end":{"line":2184,"column":40}},"638":{"start":{"line":2185,"column":4},"end":{"line":2215,"column":7}},"639":{"start":{"line":2218,"column":16},"end":{"line":2218,"column":40}},"640":{"start":{"line":2219,"column":4},"end":{"line":2226,"column":14}},"641":{"start":{"line":2230,"column":33},"end":{"line":2286,"column":1}},"642":{"start":{"line":2232,"column":19},"end":{"line":2232,"column":77}},"643":{"start":{"line":2235,"column":4},"end":{"line":2242,"column":5}},"644":{"start":{"line":2236,"column":18},"end":{"line":2236,"column":42}},"645":{"start":{"line":2237,"column":6},"end":{"line":2240,"column":16}},"646":{"start":{"line":2241,"column":6},"end":{"line":2241,"column":76}},"647":{"start":{"line":2244,"column":4},"end":{"line":2247,"column":6}},"648":{"start":{"line":2250,"column":16},"end":{"line":2250,"column":40}},"649":{"start":{"line":2253,"column":21},"end":{"line":2253,"column":79}},"650":{"start":{"line":2254,"column":4},"end":{"line":2284,"column":5}},"651":{"start":{"line":2255,"column":6},"end":{"line":2265,"column":9}},"652":{"start":{"line":2267,"column":6},"end":{"line":2283,"column":9}},"653":{"start":{"line":2288,"column":33},"end":{"line":2366,"column":1}},"654":{"start":{"line":2290,"column":19},"end":{"line":2290,"column":77}},"655":{"start":{"line":2293,"column":4},"end":{"line":2300,"column":5}},"656":{"start":{"line":2294,"column":18},"end":{"line":2294,"column":42}},"657":{"start":{"line":2295,"column":6},"end":{"line":2298,"column":21}},"658":{"start":{"line":2299,"column":6},"end":{"line":2299,"column":76}},"659":{"start":{"line":2302,"column":4},"end":{"line":2312,"column":6}},"660":{"start":{"line":2315,"column":21},"end":{"line":2315,"column":90}},"661":{"start":{"line":2316,"column":4},"end":{"line":2316,"column":42}},"662":{"start":{"line":2319,"column":16},"end":{"line":2319,"column":40}},"663":{"start":{"line":2322,"column":20},"end":{"line":2322,"column":22}},"664":{"start":{"line":2323,"column":19},"end":{"line":2323,"column":21}},"665":{"start":{"line":2325,"column":4},"end":{"line":2328,"column":5}},"666":{"start":{"line":2326,"column":6},"end":{"line":2326,"column":34}},"667":{"start":{"line":2327,"column":6},"end":{"line":2327,"column":44}},"668":{"start":{"line":2329,"column":4},"end":{"line":2332,"column":5}},"669":{"start":{"line":2330,"column":6},"end":{"line":2330,"column":39}},"670":{"start":{"line":2331,"column":6},"end":{"line":2331,"column":41}},"671":{"start":{"line":2333,"column":4},"end":{"line":2336,"column":5}},"672":{"start":{"line":2334,"column":6},"end":{"line":2334,"column":44}},"673":{"start":{"line":2335,"column":6},"end":{"line":2335,"column":54}},"674":{"start":{"line":2337,"column":4},"end":{"line":2340,"column":5}},"675":{"start":{"line":2338,"column":6},"end":{"line":2338,"column":40}},"676":{"start":{"line":2339,"column":6},"end":{"line":2339,"column":42}},"677":{"start":{"line":2342,"column":4},"end":{"line":2342,"column":35}},"678":{"start":{"line":2343,"column":4},"end":{"line":2343,"column":21}},"679":{"start":{"line":2345,"column":4},"end":{"line":2347,"column":5}},"680":{"start":{"line":2346,"column":6},"end":{"line":2346,"column":13}},"681":{"start":{"line":2349,"column":4},"end":{"line":2353,"column":15}},"682":{"start":{"line":2356,"column":16},"end":{"line":2356,"column":40}},"683":{"start":{"line":2357,"column":4},"end":{"line":2364,"column":44}},"684":{"start":{"line":2368,"column":32},"end":{"line":2399,"column":1}},"685":{"start":{"line":2370,"column":24},"end":{"line":2374,"column":5}},"686":{"start":{"line":2375,"column":19},"end":{"line":2383,"column":6}},"687":{"start":{"line":2384,"column":15},"end":{"line":2384,"column":73}},"688":{"start":{"line":2385,"column":4},"end":{"line":2385,"column":18}},"689":{"start":{"line":2388,"column":17},"end":{"line":2392,"column":15}},"690":{"start":{"line":2393,"column":4},"end":{"line":2397,"column":8}},"691":{"start":{"line":2393,"column":28},"end":{"line":2397,"column":5}},"692":{"start":{"line":2401,"column":30},"end":{"line":2497,"column":1}},"693":{"start":{"line":2403,"column":19},"end":{"line":2403,"column":74}},"694":{"start":{"line":2406,"column":4},"end":{"line":2413,"column":5}},"695":{"start":{"line":2407,"column":18},"end":{"line":2407,"column":42}},"696":{"start":{"line":2408,"column":6},"end":{"line":2411,"column":21}},"697":{"start":{"line":2412,"column":6},"end":{"line":2412,"column":73}},"698":{"start":{"line":2415,"column":4},"end":{"line":2423,"column":6}},"699":{"start":{"line":2426,"column":21},"end":{"line":2426,"column":93}},"700":{"start":{"line":2427,"column":4},"end":{"line":2427,"column":48}},"701":{"start":{"line":2430,"column":16},"end":{"line":2430,"column":40}},"702":{"start":{"line":2433,"column":20},"end":{"line":2433,"column":22}},"703":{"start":{"line":2434,"column":19},"end":{"line":2434,"column":21}},"704":{"start":{"line":2436,"column":4},"end":{"line":2439,"column":5}},"705":{"start":{"line":2437,"column":6},"end":{"line":2437,"column":34}},"706":{"start":{"line":2438,"column":6},"end":{"line":2438,"column":44}},"707":{"start":{"line":2440,"column":4},"end":{"line":2443,"column":5}},"708":{"start":{"line":2441,"column":6},"end":{"line":2441,"column":31}},"709":{"start":{"line":2442,"column":6},"end":{"line":2442,"column":41}},"710":{"start":{"line":2444,"column":4},"end":{"line":2447,"column":5}},"711":{"start":{"line":2445,"column":6},"end":{"line":2445,"column":31}},"712":{"start":{"line":2446,"column":6},"end":{"line":2446,"column":41}},"713":{"start":{"line":2448,"column":4},"end":{"line":2451,"column":5}},"714":{"start":{"line":2449,"column":6},"end":{"line":2449,"column":34}},"715":{"start":{"line":2450,"column":6},"end":{"line":2450,"column":44}},"716":{"start":{"line":2452,"column":4},"end":{"line":2455,"column":5}},"717":{"start":{"line":2453,"column":6},"end":{"line":2453,"column":35}},"718":{"start":{"line":2454,"column":6},"end":{"line":2454,"column":45}},"719":{"start":{"line":2457,"column":4},"end":{"line":2460,"column":5}},"720":{"start":{"line":2458,"column":6},"end":{"line":2458,"column":45}},"721":{"start":{"line":2459,"column":6},"end":{"line":2459,"column":47}},"722":{"start":{"line":2462,"column":4},"end":{"line":2465,"column":5}},"723":{"start":{"line":2463,"column":6},"end":{"line":2463,"column":45}},"724":{"start":{"line":2464,"column":6},"end":{"line":2464,"column":24}},"725":{"start":{"line":2466,"column":4},"end":{"line":2469,"column":5}},"726":{"start":{"line":2467,"column":6},"end":{"line":2467,"column":38}},"727":{"start":{"line":2468,"column":6},"end":{"line":2468,"column":51}},"728":{"start":{"line":2470,"column":4},"end":{"line":2473,"column":5}},"729":{"start":{"line":2471,"column":6},"end":{"line":2471,"column":36}},"730":{"start":{"line":2472,"column":6},"end":{"line":2472,"column":62}},"731":{"start":{"line":2474,"column":4},"end":{"line":2477,"column":5}},"732":{"start":{"line":2475,"column":6},"end":{"line":2475,"column":37}},"733":{"start":{"line":2476,"column":6},"end":{"line":2476,"column":47}},"734":{"start":{"line":2478,"column":4},"end":{"line":2481,"column":5}},"735":{"start":{"line":2479,"column":6},"end":{"line":2479,"column":44}},"736":{"start":{"line":2480,"column":6},"end":{"line":2480,"column":54}},"737":{"start":{"line":2483,"column":4},"end":{"line":2483,"column":35}},"738":{"start":{"line":2484,"column":4},"end":{"line":2484,"column":21}},"739":{"start":{"line":2486,"column":4},"end":{"line":2489,"column":5}},"740":{"start":{"line":2488,"column":6},"end":{"line":2488,"column":13}},"741":{"start":{"line":2491,"column":4},"end":{"line":2495,"column":15}},"742":{"start":{"line":2499,"column":31},"end":{"line":2513,"column":1}},"743":{"start":{"line":2500,"column":15},"end":{"line":2503,"column":4}},"744":{"start":{"line":2505,"column":2},"end":{"line":2512,"column":3}},"745":{"start":{"line":2506,"column":4},"end":{"line":2506,"column":33}},"746":{"start":{"line":2507,"column":4},"end":{"line":2507,"column":21}},"747":{"start":{"line":2508,"column":4},"end":{"line":2508,"column":16}},"748":{"start":{"line":2510,"column":4},"end":{"line":2510,"column":21}},"749":{"start":{"line":2511,"column":4},"end":{"line":2511,"column":14}},"750":{"start":{"line":2515,"column":32},"end":{"line":2547,"column":1}},"751":{"start":{"line":2516,"column":14},"end":{"line":2520,"column":3}},"752":{"start":{"line":2522,"column":4},"end":{"line":2524,"column":5}},"753":{"start":{"line":2523,"column":6},"end":{"line":2523,"column":59}},"754":{"start":{"line":2526,"column":4},"end":{"line":2531,"column":5}},"755":{"start":{"line":2527,"column":6},"end":{"line":2529,"column":7}},"756":{"start":{"line":2528,"column":8},"end":{"line":2528,"column":68}},"757":{"start":{"line":2530,"column":6},"end":{"line":2530,"column":48}},"758":{"start":{"line":2533,"column":22},"end":{"line":2533,"column":34}},"759":{"start":{"line":2534,"column":20},"end":{"line":2538,"column":5}},"760":{"start":{"line":2540,"column":4},"end":{"line":2540,"column":24}},"761":{"start":{"line":2541,"column":4},"end":{"line":2545,"column":6}},"762":{"start":{"line":2549,"column":30},"end":{"line":2549,"column":44}},"763":{"start":{"line":2551,"column":18},"end":{"line":2555,"column":1}},"764":{"start":{"line":2552,"column":2},"end":{"line":2552,"column":26}},"765":{"start":{"line":2552,"column":14},"end":{"line":2552,"column":26}},"766":{"start":{"line":2553,"column":17},"end":{"line":2553,"column":32}},"767":{"start":{"line":2554,"column":2},"end":{"line":2554,"column":49}},"768":{"start":{"line":2557,"column":36},"end":{"line":2672,"column":1}},"769":{"start":{"line":2558,"column":2},"end":{"line":2560,"column":3}},"770":{"start":{"line":2559,"column":4},"end":{"line":2559,"column":78}},"771":{"start":{"line":2562,"column":17},"end":{"line":2562,"column":61}},"772":{"start":{"line":2563,"column":17},"end":{"line":2563,"column":39}},"773":{"start":{"line":2565,"column":2},"end":{"line":2671,"column":3}},"774":{"start":{"line":2566,"column":4},"end":{"line":2566,"column":32}},"775":{"start":{"line":2567,"column":4},"end":{"line":2567,"column":103}},"776":{"start":{"line":2569,"column":19},"end":{"line":2569,"column":63}},"777":{"start":{"line":2570,"column":22},"end":{"line":2570,"column":69}},"778":{"start":{"line":2571,"column":22},"end":{"line":2571,"column":70}},"779":{"start":{"line":2572,"column":18},"end":{"line":2572,"column":61}},"780":{"start":{"line":2574,"column":4},"end":{"line":2580,"column":5}},"781":{"start":{"line":2575,"column":6},"end":{"line":2579,"column":8}},"782":{"start":{"line":2582,"column":4},"end":{"line":2606,"column":5}},"783":{"start":{"line":2583,"column":6},"end":{"line":2605,"column":8}},"784":{"start":{"line":2608,"column":4},"end":{"line":2632,"column":5}},"785":{"start":{"line":2609,"column":6},"end":{"line":2631,"column":8}},"786":{"start":{"line":2634,"column":4},"end":{"line":2650,"column":5}},"787":{"start":{"line":2635,"column":6},"end":{"line":2649,"column":8}},"788":{"start":{"line":2652,"column":4},"end":{"line":2652,"column":120}},"789":{"start":{"line":2653,"column":4},"end":{"line":2653,"column":114}},"790":{"start":{"line":2654,"column":4},"end":{"line":2654,"column":112}},"791":{"start":{"line":2655,"column":4},"end":{"line":2655,"column":122}},"792":{"start":{"line":2657,"column":4},"end":{"line":2657,"column":33}},"793":{"start":{"line":2659,"column":4},"end":{"line":2664,"column":6}},"794":{"start":{"line":2666,"column":4},"end":{"line":2666,"column":35}},"795":{"start":{"line":2667,"column":4},"end":{"line":2667,"column":14}},"796":{"start":{"line":2669,"column":4},"end":{"line":2669,"column":19}},"797":{"start":{"line":2670,"column":4},"end":{"line":2670,"column":21}},"798":{"start":{"line":2674,"column":36},"end":{"line":2728,"column":1}},"799":{"start":{"line":2676,"column":16},"end":{"line":2676,"column":40}},"800":{"start":{"line":2677,"column":4},"end":{"line":2689,"column":5}},"801":{"start":{"line":2678,"column":21},"end":{"line":2681,"column":7}},"802":{"start":{"line":2682,"column":6},"end":{"line":2682,"column":39}},"803":{"start":{"line":2684,"column":21},"end":{"line":2687,"column":7}},"804":{"start":{"line":2688,"column":6},"end":{"line":2688,"column":44}},"805":{"start":{"line":2693,"column":23},"end":{"line":2696,"column":5}},"806":{"start":{"line":2697,"column":4},"end":{"line":2703,"column":5}},"807":{"start":{"line":2698,"column":6},"end":{"line":2702,"column":8}},"808":{"start":{"line":2704,"column":4},"end":{"line":2704,"column":16}},"809":{"start":{"line":2708,"column":4},"end":{"line":2711,"column":6}},"810":{"start":{"line":2715,"column":16},"end":{"line":2715,"column":40}},"811":{"start":{"line":2716,"column":4},"end":{"line":2719,"column":6}},"812":{"start":{"line":2723,"column":4},"end":{"line":2726,"column":6}},"813":{"start":{"line":2730,"column":37},"end":{"line":2826,"column":1}},"814":{"start":{"line":2732,"column":16},"end":{"line":2732,"column":40}},"815":{"start":{"line":2733,"column":20},"end":{"line":2733,"column":56}},"816":{"start":{"line":2735,"column":4},"end":{"line":2751,"column":5}},"817":{"start":{"line":2736,"column":21},"end":{"line":2741,"column":7}},"818":{"start":{"line":2742,"column":6},"end":{"line":2742,"column":39}},"819":{"start":{"line":2744,"column":21},"end":{"line":2749,"column":7}},"820":{"start":{"line":2750,"column":6},"end":{"line":2750,"column":44}},"821":{"start":{"line":2755,"column":22},"end":{"line":2755,"column":97}},"822":{"start":{"line":2756,"column":4},"end":{"line":2762,"column":8}},"823":{"start":{"line":2756,"column":31},"end":{"line":2762,"column":5}},"824":{"start":{"line":2766,"column":21},"end":{"line":2766,"column":90}},"825":{"start":{"line":2767,"column":4},"end":{"line":2775,"column":5}},"826":{"start":{"line":2768,"column":6},"end":{"line":2774,"column":8}},"827":{"start":{"line":2776,"column":4},"end":{"line":2776,"column":16}},"828":{"start":{"line":2780,"column":16},"end":{"line":2780,"column":40}},"829":{"start":{"line":2781,"column":19},"end":{"line":2781,"column":21}},"830":{"start":{"line":2782,"column":19},"end":{"line":2782,"column":21}},"831":{"start":{"line":2784,"column":4},"end":{"line":2787,"column":5}},"832":{"start":{"line":2785,"column":6},"end":{"line":2785,"column":76}},"833":{"start":{"line":2786,"column":6},"end":{"line":2786,"column":32}},"834":{"start":{"line":2788,"column":4},"end":{"line":2791,"column":5}},"835":{"start":{"line":2789,"column":6},"end":{"line":2789,"column":90}},"836":{"start":{"line":2790,"column":6},"end":{"line":2790,"column":39}},"837":{"start":{"line":2792,"column":4},"end":{"line":2795,"column":5}},"838":{"start":{"line":2793,"column":6},"end":{"line":2793,"column":88}},"839":{"start":{"line":2794,"column":6},"end":{"line":2794,"column":38}},"840":{"start":{"line":2796,"column":4},"end":{"line":2799,"column":5}},"841":{"start":{"line":2797,"column":6},"end":{"line":2797,"column":84}},"842":{"start":{"line":2798,"column":6},"end":{"line":2798,"column":55}},"843":{"start":{"line":2800,"column":4},"end":{"line":2803,"column":5}},"844":{"start":{"line":2801,"column":6},"end":{"line":2801,"column":80}},"845":{"start":{"line":2802,"column":6},"end":{"line":2802,"column":34}},"846":{"start":{"line":2804,"column":4},"end":{"line":2807,"column":5}},"847":{"start":{"line":2805,"column":6},"end":{"line":2805,"column":94}},"848":{"start":{"line":2806,"column":6},"end":{"line":2806,"column":41}},"849":{"start":{"line":2808,"column":4},"end":{"line":2811,"column":5}},"850":{"start":{"line":2809,"column":6},"end":{"line":2809,"column":98}},"851":{"start":{"line":2810,"column":6},"end":{"line":2810,"column":43}},"852":{"start":{"line":2813,"column":4},"end":{"line":2813,"column":86}},"853":{"start":{"line":2814,"column":4},"end":{"line":2814,"column":21}},"854":{"start":{"line":2815,"column":4},"end":{"line":2815,"column":20}},"855":{"start":{"line":2817,"column":4},"end":{"line":2820,"column":6}},"856":{"start":{"line":2824,"column":4},"end":{"line":2824,"column":72}},"857":{"start":{"line":2828,"column":35},"end":{"line":2948,"column":1}},"858":{"start":{"line":2830,"column":16},"end":{"line":2830,"column":40}},"859":{"start":{"line":2831,"column":4},"end":{"line":2845,"column":5}},"860":{"start":{"line":2832,"column":21},"end":{"line":2836,"column":7}},"861":{"start":{"line":2837,"column":6},"end":{"line":2837,"column":39}},"862":{"start":{"line":2839,"column":21},"end":{"line":2843,"column":7}},"863":{"start":{"line":2844,"column":6},"end":{"line":2844,"column":44}},"864":{"start":{"line":2849,"column":20},"end":{"line":2849,"column":104}},"865":{"start":{"line":2850,"column":4},"end":{"line":2858,"column":8}},"866":{"start":{"line":2850,"column":29},"end":{"line":2858,"column":5}},"867":{"start":{"line":2862,"column":19},"end":{"line":2862,"column":86}},"868":{"start":{"line":2863,"column":4},"end":{"line":2873,"column":5}},"869":{"start":{"line":2864,"column":6},"end":{"line":2872,"column":8}},"870":{"start":{"line":2874,"column":4},"end":{"line":2874,"column":16}},"871":{"start":{"line":2878,"column":19},"end":{"line":2881,"column":5}},"872":{"start":{"line":2882,"column":4},"end":{"line":2892,"column":5}},"873":{"start":{"line":2883,"column":6},"end":{"line":2891,"column":8}},"874":{"start":{"line":2893,"column":4},"end":{"line":2893,"column":16}},"875":{"start":{"line":2897,"column":20},"end":{"line":2897,"column":96}},"876":{"start":{"line":2898,"column":4},"end":{"line":2906,"column":8}},"877":{"start":{"line":2898,"column":29},"end":{"line":2906,"column":5}},"878":{"start":{"line":2910,"column":16},"end":{"line":2910,"column":40}},"879":{"start":{"line":2911,"column":19},"end":{"line":2911,"column":21}},"880":{"start":{"line":2912,"column":19},"end":{"line":2912,"column":21}},"881":{"start":{"line":2914,"column":4},"end":{"line":2917,"column":5}},"882":{"start":{"line":2915,"column":6},"end":{"line":2915,"column":80}},"883":{"start":{"line":2916,"column":6},"end":{"line":2916,"column":34}},"884":{"start":{"line":2918,"column":4},"end":{"line":2921,"column":5}},"885":{"start":{"line":2919,"column":6},"end":{"line":2919,"column":88}},"886":{"start":{"line":2920,"column":6},"end":{"line":2920,"column":38}},"887":{"start":{"line":2922,"column":4},"end":{"line":2925,"column":5}},"888":{"start":{"line":2923,"column":6},"end":{"line":2923,"column":92}},"889":{"start":{"line":2924,"column":6},"end":{"line":2924,"column":40}},"890":{"start":{"line":2926,"column":4},"end":{"line":2929,"column":5}},"891":{"start":{"line":2927,"column":6},"end":{"line":2927,"column":100}},"892":{"start":{"line":2928,"column":6},"end":{"line":2928,"column":44}},"893":{"start":{"line":2930,"column":4},"end":{"line":2933,"column":5}},"894":{"start":{"line":2931,"column":6},"end":{"line":2931,"column":104}},"895":{"start":{"line":2932,"column":6},"end":{"line":2932,"column":46}},"896":{"start":{"line":2934,"column":4},"end":{"line":2937,"column":5}},"897":{"start":{"line":2935,"column":6},"end":{"line":2935,"column":78}},"898":{"start":{"line":2936,"column":6},"end":{"line":2936,"column":33}},"899":{"start":{"line":2939,"column":4},"end":{"line":2939,"column":86}},"900":{"start":{"line":2940,"column":4},"end":{"line":2940,"column":21}},"901":{"start":{"line":2941,"column":4},"end":{"line":2941,"column":20}},"902":{"start":{"line":2943,"column":4},"end":{"line":2946,"column":6}},"903":{"start":{"line":2950,"column":34},"end":{"line":3001,"column":1}},"904":{"start":{"line":2952,"column":4},"end":{"line":2966,"column":5}},"905":{"start":{"line":2953,"column":21},"end":{"line":2957,"column":7}},"906":{"start":{"line":2958,"column":6},"end":{"line":2958,"column":39}},"907":{"start":{"line":2960,"column":21},"end":{"line":2964,"column":7}},"908":{"start":{"line":2965,"column":6},"end":{"line":2965,"column":44}},"909":{"start":{"line":2970,"column":19},"end":{"line":2970,"column":110}},"910":{"start":{"line":2971,"column":4},"end":{"line":2974,"column":8}},"911":{"start":{"line":2971,"column":28},"end":{"line":2974,"column":5}},"912":{"start":{"line":2978,"column":19},"end":{"line":2978,"column":21}},"913":{"start":{"line":2979,"column":19},"end":{"line":2979,"column":21}},"914":{"start":{"line":2981,"column":4},"end":{"line":2984,"column":5}},"915":{"start":{"line":2982,"column":6},"end":{"line":2982,"column":98}},"916":{"start":{"line":2983,"column":6},"end":{"line":2983,"column":43}},"917":{"start":{"line":2985,"column":4},"end":{"line":2988,"column":5}},"918":{"start":{"line":2986,"column":6},"end":{"line":2986,"column":78}},"919":{"start":{"line":2987,"column":6},"end":{"line":2987,"column":33}},"920":{"start":{"line":2989,"column":4},"end":{"line":2992,"column":5}},"921":{"start":{"line":2990,"column":6},"end":{"line":2990,"column":90}},"922":{"start":{"line":2991,"column":6},"end":{"line":2991,"column":39}},"923":{"start":{"line":2994,"column":4},"end":{"line":2994,"column":20}},"924":{"start":{"line":2996,"column":4},"end":{"line":2999,"column":6}},"925":{"start":{"line":3003,"column":37},"end":{"line":3030,"column":1}},"926":{"start":{"line":3005,"column":16},"end":{"line":3005,"column":40}},"927":{"start":{"line":3006,"column":4},"end":{"line":3020,"column":5}},"928":{"start":{"line":3007,"column":21},"end":{"line":3011,"column":7}},"929":{"start":{"line":3012,"column":6},"end":{"line":3012,"column":39}},"930":{"start":{"line":3014,"column":21},"end":{"line":3018,"column":7}},"931":{"start":{"line":3019,"column":6},"end":{"line":3019,"column":44}},"932":{"start":{"line":3024,"column":19},"end":{"line":3024,"column":114}},"933":{"start":{"line":3025,"column":4},"end":{"line":3028,"column":8}},"934":{"start":{"line":3025,"column":28},"end":{"line":3028,"column":5}},"935":{"start":{"line":3032,"column":27},"end":{"line":3149,"column":1}},"936":{"start":{"line":3034,"column":17},"end":{"line":3034,"column":99}},"937":{"start":{"line":3035,"column":4},"end":{"line":3039,"column":8}},"938":{"start":{"line":3035,"column":30},"end":{"line":3039,"column":5}},"939":{"start":{"line":3043,"column":17},"end":{"line":3043,"column":119}},"940":{"start":{"line":3044,"column":4},"end":{"line":3048,"column":8}},"941":{"start":{"line":3044,"column":30},"end":{"line":3048,"column":5}},"942":{"start":{"line":3052,"column":16},"end":{"line":3052,"column":75}},"943":{"start":{"line":3053,"column":4},"end":{"line":3057,"column":13}},"944":{"start":{"line":3061,"column":16},"end":{"line":3061,"column":79}},"945":{"start":{"line":3062,"column":4},"end":{"line":3066,"column":13}},"946":{"start":{"line":3070,"column":16},"end":{"line":3070,"column":40}},"947":{"start":{"line":3071,"column":24},"end":{"line":3075,"column":5}},"948":{"start":{"line":3076,"column":19},"end":{"line":3084,"column":6}},"949":{"start":{"line":3085,"column":15},"end":{"line":3085,"column":73}},"950":{"start":{"line":3086,"column":4},"end":{"line":3086,"column":18}},"951":{"start":{"line":3090,"column":16},"end":{"line":3090,"column":40}},"952":{"start":{"line":3091,"column":19},"end":{"line":3091,"column":21}},"953":{"start":{"line":3092,"column":19},"end":{"line":3092,"column":21}},"954":{"start":{"line":3094,"column":4},"end":{"line":3097,"column":5}},"955":{"start":{"line":3095,"column":6},"end":{"line":3095,"column":76}},"956":{"start":{"line":3096,"column":6},"end":{"line":3096,"column":34}},"957":{"start":{"line":3098,"column":4},"end":{"line":3101,"column":5}},"958":{"start":{"line":3099,"column":6},"end":{"line":3099,"column":92}},"959":{"start":{"line":3100,"column":6},"end":{"line":3100,"column":42}},"960":{"start":{"line":3102,"column":4},"end":{"line":3105,"column":5}},"961":{"start":{"line":3103,"column":6},"end":{"line":3103,"column":90}},"962":{"start":{"line":3104,"column":6},"end":{"line":3104,"column":41}},"963":{"start":{"line":3106,"column":4},"end":{"line":3109,"column":5}},"964":{"start":{"line":3107,"column":6},"end":{"line":3107,"column":86}},"965":{"start":{"line":3108,"column":6},"end":{"line":3108,"column":39}},"966":{"start":{"line":3110,"column":4},"end":{"line":3113,"column":5}},"967":{"start":{"line":3111,"column":6},"end":{"line":3111,"column":88}},"968":{"start":{"line":3112,"column":6},"end":{"line":3112,"column":40}},"969":{"start":{"line":3115,"column":4},"end":{"line":3115,"column":86}},"970":{"start":{"line":3116,"column":4},"end":{"line":3116,"column":21}},"971":{"start":{"line":3118,"column":4},"end":{"line":3118,"column":20}},"972":{"start":{"line":3120,"column":4},"end":{"line":3123,"column":6}},"973":{"start":{"line":3127,"column":4},"end":{"line":3127,"column":62}},"974":{"start":{"line":3131,"column":22},"end":{"line":3131,"column":84}},"975":{"start":{"line":3132,"column":4},"end":{"line":3132,"column":29}},"976":{"start":{"line":3132,"column":20},"end":{"line":3132,"column":29}},"977":{"start":{"line":3135,"column":23},"end":{"line":3135,"column":113}},"978":{"start":{"line":3138,"column":29},"end":{"line":3138,"column":135}},"979":{"start":{"line":3140,"column":4},"end":{"line":3140,"column":69}},"980":{"start":{"line":3145,"column":4},"end":{"line":3147,"column":5}},"981":{"start":{"line":3145,"column":17},"end":{"line":3145,"column":18}},"982":{"start":{"line":3146,"column":6},"end":{"line":3146,"column":92}}},"fnMap":{"0":{"name":"(anonymous_0)","decl":{"start":{"line":27,"column":19},"end":{"line":27,"column":20}},"loc":{"start":{"line":27,"column":25},"end":{"line":40,"column":1}},"line":27},"1":{"name":"(anonymous
[...]
{"line":128,"column":33},"end":{"line":128,"column":59}}],"line":128},"19":{"loc":{"start":{"line":129,"column":4},"end":{"line":134,"column":5}},"type":"if","locations":[{"start":{"line":129,"column":4},"end":{"line":134,"column":5}},{"start":{},"end":{}}],"line":129},"20":{"loc":{"start":{"line":140,"column":21},"end":{"line":140,"column":50}},"type":"binary-expr","locations":[{"start":{"line":140,"column":21},"end":{"line":140,"column":40}},{"start":{"line":140,"column":44},"end":{"line":140,"column":50}}],"line":140},"21":{"loc":{"start":{"line":154,"column":16},"end":{"line":154,"column":65}},"type":"binary-expr","locations":[{"start":{"line":154,"column":16},"end":{"line":154,"column":34}},{"start":{"line":154,"column":38},"end":{"line":154,"column":65}}],"line":154},"22":{"loc":{"start":{"line":178,"column":4},"end":{"line":188,"column":5}},"type":"if","locations":[{"start":{"line":178,"column":4},"end":{"line":188,"column":5}},{"start":{"line":180,"column":11},"end":{"line":188,"column":5}}],"line":178},"23":{"loc":{"start":{"line":180,"column":11},"end":{"line":188,"column":5}},"type":"if","locations":[{"start":{"line":180,"column":11},"end":{"line":188,"column":5}},{"start":{"line":182,"column":11},"end":{"line":188,"column":5}}],"line":180},"24":{"loc":{"start":{"line":180,"column":15},"end":{"line":180,"column":69}},"type":"binary-expr","locations":[{"start":{"line":180,"column":15},"end":{"line":180,"column":41}},{"start":{"line":180,"column":45},"end":{"line":180,"column":69}}],"line":180},"25":{"loc":{"start":{"line":182,"column":11},"end":{"line":188,"column":5}},"type":"if","locations":[{"start":{"line":182,"column":11},"end":{"line":188,"column":5}},{"start":{"line":184,"column":11},"end":{"line":188,"column":5}}],"line":182},"26":{"loc":{"start":{"line":182,"column":15},"end":{"line":182,"column":67}},"type":"binary-expr","locations":[{"start":{"line":182,"column":15},"end":{"line":182,"column":37}},{"start":{"line":182,"column":41},"end":{"line":182,"column":67}}],"line":182},"27":{"loc":{"start":{"line":184,"column":11},"end":{"line":188,"column":5}},"type":"if","locations":[{"start":{"line":184,"column":11},"end":{"line":188,"column":5}},{"start":{"line":186,"column":11},"end":{"line":188,"column":5}}],"line":184},"28":{"loc":{"start":{"line":184,"column":15},"end":{"line":184,"column":89}},"type":"binary-expr","locations":[{"start":{"line":184,"column":15},"end":{"line":184,"column":48}},{"start":{"line":184,"column":52},"end":{"line":184,"column":89}}],"line":184},"29":{"loc":{"start":{"line":186,"column":11},"end":{"line":188,"column":5}},"type":"if","locations":[{"start":{"line":186,"column":11},"end":{"line":188,"column":5}},{"start":{},"end":{}}],"line":186},"30":{"loc":{"start":{"line":186,"column":15},"end":{"line":186,"column":68}},"type":"binary-expr","locations":[{"start":{"line":186,"column":15},"end":{"line":186,"column":40}},{"start":{"line":186,"column":44},"end":{"line":186,"column":68}}],"line":186},"31":{"loc":{"start":{"line":187,"column":67},"end":{"line":187,"column":98}},"type":"binary-expr","locations":[{"start":{"line":187,"column":67},"end":{"line":187,"column":81}},{"start":{"line":187,"column":85},"end":{"line":187,"column":98}}],"line":187},"32":{"loc":{"start":{"line":195,"column":15},"end":{"line":195,"column":81}},"type":"cond-expr","locations":[{"start":{"line":195,"column":56},"end":{"line":195,"column":69}},{"start":{"line":195,"column":72},"end":{"line":195,"column":81}}],"line":195},"33":{"loc":{"start":{"line":232,"column":4},"end":{"line":237,"column":5}},"type":"if","locations":[{"start":{"line":232,"column":4},"end":{"line":237,"column":5}},{"start":{},"end":{}}],"line":232},"34":{"loc":{"start":{"line":232,"column":8},"end":{"line":232,"column":38}},"type":"binary-expr","locations":[{"start":{"line":232,"column":8},"end":{"line":232,"column":17}},{"start":{"line":232,"column":21},"end":{"line":232,"column":38}}],"line":232},"35":{"loc":{"start":{"line":239,"column":4},"end":{"line":244,"column":5}},"type":"if","locations":[{"start":{"line":239,"column":4},"end":{"line":244,"column":5}},{"start":{},"end":{}}],"line":239},"36":{"loc":{"start":{"line":250,"column":21},"end":{"line":250,"column":50}},"type":"binary-expr","locations":[{"start":{"line":250,"column":21},"end":{"line":250,"column":40}},{"start":{"line":250,"column":44},"end":{"line":250,"column":50}}],"line":250},"37":{"loc":{"start":{"line":271,"column":16},"end":{"line":271,"column":65}},"type":"binary-expr","locations":[{"start":{"line":271,"column":16},"end":{"line":271,"column":34}},{"start":{"line":271,"column":38},"end":{"line":271,"column":65}}],"line":271},"38":{"loc":{"start":{"line":295,"column":4},"end":{"line":301,"column":5}},"type":"if","locations":[{"start":{"line":295,"column":4},"end":{"line":301,"column":5}},{"start":{"line":297,"column":11},"end":{"line":301,"column":5}}],"line":295},"39":{"loc":{"start":{"line":297,"column":11},"end":{"line":301,"column":5}},"type":"if","locations":[{"start":{"line":297,"column":11},"end":{"line":301,"column":5}},{"start":{"line":299,"column":11},"end":{"line":301,"column":5}}],"line":297},"40":{"loc":{"start":{"line":297,"column":15},"end":{"line":297,"column":69}},"type":"binary-expr","locations":[{"start":{"line":297,"column":15},"end":{"line":297,"column":41}},{"start":{"line":297,"column":45},"end":{"line":297,"column":69}}],"line":297},"41":{"loc":{"start":{"line":299,"column":11},"end":{"line":301,"column":5}},"type":"if","locations":[{"start":{"line":299,"column":11},"end":{"line":301,"column":5}},{"start":{},"end":{}}],"line":299},"42":{"loc":{"start":{"line":299,"column":15},"end":{"line":299,"column":67}},"type":"binary-expr","locations":[{"start":{"line":299,"column":15},"end":{"line":299,"column":37}},{"start":{"line":299,"column":41},"end":{"line":299,"column":67}}],"line":299},"43":{"loc":{"start":{"line":306,"column":15},"end":{"line":306,"column":81}},"type":"cond-expr","locations":[{"start":{"line":306,"column":56},"end":{"line":306,"column":69}},{"start":{"line":306,"column":72},"end":{"line":306,"column":81}}],"line":306},"44":{"loc":{"start":{"line":318,"column":70},"end":{"line":318,"column":91}},"type":"default-arg","locations":[{"start":{"line":318,"column":87},"end":{"line":318,"column":91}}],"line":318},"45":{"loc":{"start":{"line":322,"column":4},"end":{"line":324,"column":5}},"type":"if","locations":[{"start":{"line":322,"column":4},"end":{"line":324,"column":5}},{"start":{},"end":{}}],"line":322},"46":{"loc":{"start":{"line":322,"column":8},"end":{"line":322,"column":38}},"type":"binary-expr","locations":[{"start":{"line":322,"column":8},"end":{"line":322,"column":17}},{"start":{"line":322,"column":21},"end":{"line":322,"column":38}}],"line":322},"47":{"loc":{"start":{"line":326,"column":4},"end":{"line":328,"column":5}},"type":"if","locations":[{"start":{"line":326,"column":4},"end":{"line":328,"column":5}},{"start":{},"end":{}}],"line":326},"48":{"loc":{"start":{"line":332,"column":21},"end":{"line":332,"column":50}},"type":"binary-expr","locations":[{"start":{"line":332,"column":21},"end":{"line":332,"column":40}},{"start":{"line":332,"column":44},"end":{"line":332,"column":50}}],"line":332},"49":{"loc":{"start":{"line":335,"column":4},"end":{"line":338,"column":5}},"type":"if","locations":[{"start":{"line":335,"column":4},"end":{"line":338,"column":5}},{"start":{},"end":{}}],"line":335},"50":{"loc":{"start":{"line":343,"column":8},"end":{"line":343,"column":68}},"type":"cond-expr","locations":[{"start":{"line":343,"column":31},"end":{"line":343,"column":63}},{"start":{"line":343,"column":66},"end":{"line":343,"column":68}}],"line":343},"51":{"loc":{"start":{"line":359,"column":16},"end":{"line":359,"column":65}},"type":"binary-expr","locations":[{"start":{"line":359,"column":16},"end":{"line":359,"column":34}},{"start":{"line":359,"column":38},"end":{"line":359,"column":65}}],"line":359},"52":{"loc":{"start":{"line":363,"column":2},"end":{"line":363,"column":64}},"type":"cond-expr","locations":[{"start":{"line":363,"column":25},"end":{"line":363,"column":59}},{"start":{"line":363,"column":62},"end":{"line":363,"column":64}}],"line":363},"53":{"loc":{"start":{"line":385,"column":72},"end":{"line":385,"column":93}},"type":"default-arg","locations":[{"start":{"line":385,"column":89},"end":{"line":385,"column":93}}],"line":385},"54":{"loc":{"start":{"line":389,"column":4},"end":{"line":391,"column":5}},"type":"if","locations":[{"start":{"line":389,"column":4},"end":{"line":391,"column":5}},{"start":{},"end":{}}],"line":389},"55":{"loc":{"start":{"line":389,"column":8},"end":{"line":389,"column":38}},"type":"binary-expr","locations":[{"start":{"line":389,"column":8},"end":{"line":389,"column":17}},{"start":{"line":389,"column":21},"end":{"line":389,"column":38}}],"line":389},"56":{"loc":{"start":{"line":393,"column":4},"end":{"line":395,"column":5}},"type":"if","locations":[{"start":{"line":393,"column":4},"end":{"line":395,"column":5}},{"start":{},"end":{}}],"line":393},"57":{"loc":{"start":{"line":399,"column":21},"end":{"line":399,"column":50}},"type":"binary-expr","locations":[{"start":{"line":399,"column":21},"end":{"line":399,"column":40}},{"start":{"line":399,"column":44},"end":{"line":399,"column":50}}],"line":399},"58":{"loc":{"start":{"line":402,"column":4},"end":{"line":405,"column":5}},"type":"if","locations":[{"start":{"line":402,"column":4},"end":{"line":405,"column":5}},{"start":{},"end":{}}],"line":402},"59":{"loc":{"start":{"line":421,"column":16},"end":{"line":421,"column":65}},"type":"binary-expr","locations":[{"start":{"line":421,"column":16},"end":{"line":421,"column":34}},{"start":{"line":421,"column":38},"end":{"line":421,"column":65}}],"line":421},"60":{"loc":{"start":{"line":452,"column":4},"end":{"line":454,"column":5}},"type":"if","locations":[{"start":{"line":452,"column":4},"end":{"line":454,"column":5}},{"start":{},"end":{}}],"line":452},"61":{"loc":{"start":{"line":452,"column":8},"end":{"line":452,"column":38}},"type":"binary-expr","locations":[{"start":{"line":452,"column":8},"end":{"line":452,"column":17}},{"start":{"line":452,"column":21},"end":{"line":452,"column":38}}],"line":452},"62":{"loc":{"start":{"line":456,"column":4},"end":{"line":458,"column":5}},"type":"if","locations":[{"start":{"line":456,"column":4},"end":{"line":458,"column":5}},{"start":{},"end":{}}],"line":456},"63":{"loc":{"start":{"line":462,"column":21},"end":{"line":462,"column":50}},"type":"binary-expr","locations":[{"start":{"line":462,"column":21},"end":{"line":462,"column":40}},{"start":{"line":462,"column":44},"end":{"line":462,"column":50}}],"line":462},"64":{"loc":{"start":{"line":479,"column":16},"end":{"line":479,"column":65}},"type":"binary-expr","locations":[{"start":{"line":479,"column":16},"end":{"line":479,"column":34}},{"start":{"line":479,"column":38},"end":{"line":479,"column":65}}],"line":479},"65":{"loc":{"start":{"line":513,"column":4},"end":{"line":515,"column":5}},"type":"if","locations":[{"start":{"line":513,"column":4},"end":{"line":515,"column":5}},{"start":{},"end":{}}],"line":513},"66":{"loc":{"start":{"line":513,"column":8},"end":{"line":513,"column":38}},"type":"binary-expr","locations":[{"start":{"line":513,"column":8},"end":{"line":513,"column":17}},{"start":{"line":513,"column":21},"end":{"line":513,"column":38}}],"line":513},"67":{"loc":{"start":{"line":517,"column":4},"end":{"line":519,"column":5}},"type":"if","locations":[{"start":{"line":517,"column":4},"end":{"line":519,"column":5}},{"start":{},"end":{}}],"line":517},"68":{"loc":{"start":{"line":523,"column":21},"end":{"line":523,"column":50}},"type":"binary-expr","locations":[{"start":{"line":523,"column":21},"end":{"line":523,"column":40}},{"start":{"line":523,"column":44},"end":{"line":523,"column":50}}],"line":523},"69":{"loc":{"start":{"line":536,"column":16},"end":{"line":536,"column":65}},"type":"binary-expr","locations":[{"start":{"line":536,"column":16},"end":{"line":536,"column":34}},{"start":{"line":536,"column":38},"end":{"line":536,"column":65}}],"line":536}},"s":{"0":1,"1":0,"2":0,"3":1,"4":8,"5":8,"6":0,"7":8,"8":0,"9":8,"10":8,"11":8,"12":3,"13":3,"14":1,"15":7,"16":7,"17":2,"18":2,"19":0,"20":7,"21":7,"22":7,"23":1,"24":5,"25":5,"26":1,"27":9,"28":9,"29":9,"30":1,"31":8,"32":1,"33":7,"34":7,"35":1,"36":6,"37":5,"38":5,"39":5,"40":5,"41":5,"42":2,"43":4,"44":4,"45":1,"46":3,"47":1,"48":2,"49":1,"50":1,"51":0,"52":1,"53":0,"54":4,"55":1,"56":2,"57":2,"58":2,"59":1,"60":1,"61":1,"62":0,"63":0,"64":0,"65":0,"66":0,"67":0,"68":0,"69":0,"70":0,"71":0,"72":0,"73":0,"74":0,"75":0,"76":0,"77":0,"78":0,"79":0,"80":0,"81":0,"82":0,"83":1,"84":0,"85":0,"86":0,"87":0,"88":0,"89":0,"90":0,"91":0,"92":0,"93":0,"94":0,"95":0,"96":0,"97":0,"98":0,"99":0,"100":0,"101":0,"102":1,"103":0,"104":0,"105":0,"106":0,"107":0,"108":0,"109":0,"110":0,"111":0,"112":0,"113":0,"114":0,"115":0,"116":0,"117":0,"118":0,"119":0,"120":0,"121":1,"122":0,"123":0,"124":0,"125":0,"126":0,"127":0,"128":0,"129":0,"130":0,"131":0,"132":0,"133":0,"134":0,"135":0,"136":0,"137":1,"138":0,"139":0,"140":0,"141":0,"142":0,"143":0,"144":0,"145":0,"146":0,"147":0,"148":0,"149":0,"150":0,"151":0,"152":0},"f":{"0":0,"1":8,"2":5,"3":9,"4":2,"5":0,"6":0,"7":0,"8":0,"9":0},"b":{"0":[0,0,0,0],"1":[0,8],"2":[8,8],"3":[0,8],"4":[8,8],"5":[3,5],"6":[2,5],"7":[2,0],"8":[0,2],"9":[2,0],"10":[7,3],"11":[7,4],"12":[7,4],"13":[0,5],"14":[5,0],"15":[1,8],"16":[9,9],"17":[1,7],"18":[7,2],"19":[1,6],"20":[5,0],"21":[5,4],"22":[1,3],"23":[1,2],"24":[3,2],"25":[1,1],"26":[2,1],"27":[0,1],"28":[1,1],"29":[0,1],"30":[1,0],"31":[0,0],"32":[0,4],"33":[0,0],"34":[0,0],"35":[0,0],"36":[0,0],"37":[0,0],"38":[0,0],"39":[0,0],"40":[0,0],"41":[0,0],"42":[0,0],"43":[0,0],"44":[0],"45":[0,0],"46":[0,0],"47":[0,0],"48":[0,0],"49":[0,0],"50":[0,0],"51":[0,0],"52":[0,0],"53":[0],"54":[0,0],"55":[0,0],"56":[0,0],"57":[0,0],"58":[0,0],"59":[0,0],"60":[0,0],"61":[0,0],"62":[0,0],"63":[0,0],"64":[0,0],"65":[0,0],"66":[0,0],"67":[0,0],"68":[0,0],"69":[0,0]},"inputSourceMap":null,"_coverageSchema":"1a1c01bbd47fc00a2c39e90264f33305004495a9","hash":"10ca0876eeba493582d3f90f89b23f77e2022786"}
,"/home/runner/work/kars/kars/backend/utils/encryption.js": {"path":"/home/runner/work/kars/kars/backend/utils/encryption.js","statementMap":{"0":{"start":{"line":9,"column":21},"end":{"line":33,"column":1}},"1":{"start":{"line":10,"column":14},"end":{"line":10,"column":41}},"2":{"start":{"line":12,"column":2},"end":{"line":14,"column":3}},"3":{"start":{"line":13,"column":4},"end":{"line":13,"column":133}},"4":{"start":{"line":18,"column":2},"end":{"line":26,"column":3}},"5":{"start":{"line":19,"column":4},"end":{"line":19,"column":43}},"6":{"start":{"line":20,"column":4},"end":{"line":23,"column":5}},"7":{"start":{"line":22,"column":6},"end":{"line":22,"column":42}},"8":{"start":{"line":25,"column":4},"end":{"line":25,"column":40}},"9":{"start":{"line":28,"column":2},"end":{"line":30,"column":3}},"10":{"start":{"line":29,"column":4},"end":{"line":29,"column":214}},"11":{"start":{"line":32,"column":2},"end":{"line":32,"column":19}},"12":{"start":{"line":41,"column":28},"end":{"line":67,"column":1}},"13":{"start":{"line":42,"column":2},"end":{"line":44,"column":3}},"14":{"start":{"line":43,"column":4},"end":{"line":43,"column":16}},"15":{"start":{"line":46,"column":2},"end":{"line":66,"column":3}},"16":{"start":{"line":47,"column":16},"end":{"line":47,"column":30}},"17":{"start":{"line":50,"column":15},"end":{"line":50,"column":30}},"18":{"start":{"line":53,"column":19},"end":{"line":53,"column":57}},"19":{"start":{"line":56,"column":20},"end":{"line":56,"column":62}},"20":{"start":{"line":57,"column":4},"end":{"line":57,"column":40}},"21":{"start":{"line":60,"column":20},"end":{"line":60,"column":39}},"22":{"start":{"line":63,"column":4},"end":{"line":63,"column":81}},"23":{"start":{"line":65,"column":4},"end":{"line":65,"column":59}},"24":{"start":{"line":75,"column":28},"end":{"line":105,"column":1}},"25":{"start":{"line":76,"column":2},"end":{"line":78,"column":3}},"26":{"start":{"line":77,"column":4},"end":{"line":77,"column":16}},"27":{"start":{"line":80,"column":2},"end":{"line":104,"column":3}},"28":{"start":{"line":81,"column":16},"end":{"line":81,"column":30}},"29":{"start":{"line":84,"column":18},"end":{"line":84,"column":42}},"30":{"start":{"line":85,"column":4},"end":{"line":87,"column":5}},"31":{"start":{"line":86,"column":6},"end":{"line":86,"column":95}},"32":{"start":{"line":89,"column":15},"end":{"line":89,"column":46}},"33":{"start":{"line":90,"column":20},"end":{"line":90,"column":51}},"34":{"start":{"line":91,"column":22},"end":{"line":91,"column":30}},"35":{"start":{"line":94,"column":21},"end":{"line":94,"column":61}},"36":{"start":{"line":95,"column":4},"end":{"line":95,"column":33}},"37":{"start":{"line":98,"column":20},"end":{"line":98,"column":64}},"38":{"start":{"line":99,"column":4},"end":{"line":99,"column":40}},"39":{"start":{"line":101,"column":4},"end":{"line":101,"column":21}},"40":{"start":{"line":103,"column":4},"end":{"line":103,"column":59}},"41":{"start":{"line":112,"column":33},"end":{"line":115,"column":1}},"42":{"start":{"line":113,"column":14},"end":{"line":113,"column":29}},"43":{"start":{"line":114,"column":2},"end":{"line":114,"column":32}}},"fnMap":{"0":{"name":"(anonymous_0)","decl":{"start":{"line":9,"column":21},"end":{"line":9,"column":22}},"loc":{"start":{"line":9,"column":27},"end":{"line":33,"column":1}},"line":9},"1":{"name":"(anonymous_1)","decl":{"start":{"line":41,"column":28},"end":{"line":41,"column":29}},"loc":{"start":{"line":41,"column":43},"end":{"line":67,"column":1}},"line":41},"2":{"name":"(anonymous_2)","decl":{"start":{"line":75,"column":28},"end":{"line":75,"column":29}},"loc":{"start":{"line":75,"column":47},"end":{"line":105,"column":1}},"line":75},"3":{"name":"(anonymous_3)","decl":{"start":{"line":112,"column":33},"end":{"line":112,"column":34}},"loc":{"start":{"line":112,"column":58},"end":{"line":115,"column":1}},"line":112}},"branchMap":{"0":{"loc":{"start":{"line":12,"column":2},"end":{"line":14,"column":3}},"type":"if","locations":[{"start":{"line":12,"column":2},"end":{"line":14,"column":3}},{"start":{},"end":{}}],"line":12},"1":{"loc":{"start":{"line":20,"column":4},"end":{"line":23,"column":5}},"type":"if","locations":[{"start":{"line":20,"column":4},"end":{"line":23,"column":5}},{"start":{},"end":{}}],"line":20},"2":{"loc":{"start":{"line":28,"column":2},"end":{"line":30,"column":3}},"type":"if","locations":[{"start":{"line":28,"column":2},"end":{"line":30,"column":3}},{"start":{},"end":{}}],"line":28},"3":{"loc":{"start":{"line":42,"column":2},"end":{"line":44,"column":3}},"type":"if","locations":[{"start":{"line":42,"column":2},"end":{"line":44,"column":3}},{"start":{},"end":{}}],"line":42},"4":{"loc":{"start":{"line":76,"column":2},"end":{"line":78,"column":3}},"type":"if","locations":[{"start":{"line":76,"column":2},"end":{"line":78,"column":3}},{"start":{},"end":{}}],"line":76},"5":{"loc":{"start":{"line":85,"column":4},"end":{"line":87,"column":5}},"type":"if","locations":[{"start":{"line":85,"column":4},"end":{"line":87,"column":5}},{"start":{},"end":{}}],"line":85},"6":{"loc":{"start":{"line":112,"column":34},"end":{"line":112,"column":53}},"type":"default-arg","locations":[{"start":{"line":112,"column":45},"end":{"line":112,"column":53}}],"line":112}},"s":{"0":2,"1":26,"2":26,"3":2,"4":24,"5":24,"6":24,"7":1,"8":0,"9":24,"10":1,"11":23,"12":2,"13":17,"14":2,"15":15,"16":15,"17":13,"18":13,"19":13,"20":13,"21":13,"22":13,"23":2,"24":2,"25":13,"26":2,"27":11,"28":11,"29":10,"30":10,"31":1,"32":9,"33":9,"34":9,"35":9,"36":9,"37":9,"38":9,"39":7,"40":4,"41":2,"42":25,"43":25},"f":{"0":26,"1":17,"2":13,"3":25},"b":{"0":[2,24],"1":[1,23],"2":[1,23],"3":[2,15],"4":[2,11],"5":[1,9],"6":[2]},"inputSourceMap":null,"_coverageSchema":"1a1c01bbd47fc00a2c39e90264f33305004495a9","hash":"27c563f8c3412a2a723d4932c69d4d75670e275c"}
}
