TN:
SF:auth.js
FN:14,(anonymous_0)
FN:28,(anonymous_1)
FN:37,(anonymous_2)
FN:42,(anonymous_3)
FN:47,(anonymous_4)
FN:72,(anonymous_5)
FN:73,(anonymous_6)
FN:84,(anonymous_7)
FN:96,(anonymous_8)
FNF:9
FNH:9
FNDA:12,(anonymous_0)
FNDA:14,(anonymous_1)
FNDA:6,(anonymous_2)
FNDA:3,(anonymous_3)
FNDA:9,(anonymous_4)
FNDA:12,(anonymous_5)
FNDA:12,(anonymous_6)
FNDA:15,(anonymous_7)
FNDA:5,(anonymous_8)
DA:6,4
DA:7,0
DA:10,4
DA:11,4
DA:14,4
DA:15,12
DA:28,4
DA:29,14
DA:30,14
DA:32,5
DA:37,4
DA:38,6
DA:42,4
DA:43,3
DA:47,4
DA:48,9
DA:49,9
DA:51,9
DA:52,2
DA:55,7
DA:56,7
DA:58,7
DA:59,1
DA:63,6
DA:64,6
DA:66,0
DA:67,0
DA:72,4
DA:73,12
DA:74,12
DA:75,1
DA:79,11
DA:80,2
DA:84,15
DA:85,9
DA:87,9
DA:88,3
DA:91,6
DA:96,4
DA:97,5
DA:98,5
DA:100,4
DA:101,3
DA:102,3
DA:104,3
DA:105,1
DA:109,4
DA:111,1
DA:112,1
LF:49
LH:46
BRDA:6,0,0,0
BRDA:6,0,1,4
BRDA:6,1,0,4
BRDA:6,1,1,4
BRDA:10,2,0,4
BRDA:10,2,1,4
BRDA:51,3,0,2
BRDA:51,3,1,7
BRDA:51,4,0,9
BRDA:51,4,1,8
BRDA:58,5,0,1
BRDA:58,5,1,6
BRDA:74,6,0,1
BRDA:74,6,1,11
BRDA:79,7,0,2
BRDA:79,7,1,9
BRDA:87,8,0,3
BRDA:87,8,1,6
BRDA:100,9,0,3
BRDA:100,9,1,1
BRDA:100,10,0,4
BRDA:100,10,1,3
BRDA:104,11,0,1
BRDA:104,11,1,2
BRF:24
BRH:23
end_of_record
TN:
SF:database.js
FN:27,(anonymous_0)
FN:42,(anonymous_1)
FN:60,(anonymous_2)
FN:81,(anonymous_3)
FN:82,(anonymous_4)
FN:115,(anonymous_5)
FN:149,(anonymous_6)
FN:170,(anonymous_7)
FN:244,(anonymous_8)
FN:247,(anonymous_9)
FN:250,(anonymous_10)
FN:259,(anonymous_11)
FN:268,(anonymous_12)
FN:282,(anonymous_13)
FN:295,(anonymous_14)
FN:837,(anonymous_15)
FN:838,(anonymous_16)
FN:947,(anonymous_17)
FN:993,(anonymous_18)
FN:1014,(anonymous_19)
FN:1035,(anonymous_20)
FN:1143,(anonymous_21)
FN:1164,(anonymous_22)
FN:1195,(anonymous_23)
FN:1201,(anonymous_24)
FN:1267,(anonymous_25)
FN:1285,(anonymous_26)
FN:1291,(anonymous_27)
FN:1316,(anonymous_28)
FN:1359,(anonymous_29)
FN:1365,(anonymous_30)
FN:1373,(anonymous_31)
FN:1433,(anonymous_32)
FN:1434,(anonymous_33)
FN:1452,(anonymous_34)
FN:1458,(anonymous_35)
FN:1476,(anonymous_36)
FN:1482,(anonymous_37)
FN:1500,(anonymous_38)
FN:1541,(anonymous_39)
FN:1549,(anonymous_40)
FN:1551,(anonymous_41)
FN:1569,(anonymous_42)
FN:1575,(anonymous_43)
FN:1578,(anonymous_44)
FN:1586,(anonymous_45)
FN:1588,(anonymous_46)
FN:1592,(anonymous_47)
FN:1603,(anonymous_48)
FN:1613,(anonymous_49)
FN:1615,(anonymous_50)
FN:1617,(anonymous_51)
FN:1650,(anonymous_52)
FN:1663,(anonymous_53)
FN:1688,(anonymous_54)
FN:1699,(anonymous_55)
FN:1716,(anonymous_56)
FN:1718,(anonymous_57)
FN:1724,(anonymous_58)
FN:1732,(anonymous_59)
FN:1740,(anonymous_60)
FN:1748,(anonymous_61)
FN:1753,(anonymous_62)
FN:1761,(anonymous_63)
FN:1769,(anonymous_64)
FN:1770,(anonymous_65)
FN:1774,(anonymous_66)
FN:1781,(anonymous_67)
FN:1790,(anonymous_68)
FN:1832,(anonymous_69)
FN:1837,(anonymous_70)
FN:1843,(anonymous_71)
FN:1845,(anonymous_72)
FN:1847,(anonymous_73)
FN:1849,(anonymous_74)
FN:1878,(anonymous_75)
FN:1900,(anonymous_76)
FN:1909,(anonymous_77)
FN:1918,(anonymous_78)
FN:1920,(anonymous_79)
FN:1926,(anonymous_80)
FN:1928,(anonymous_81)
FN:1934,(anonymous_82)
FN:1935,(anonymous_83)
FN:1939,(anonymous_84)
FN:1940,(anonymous_85)
FN:1954,(anonymous_86)
FN:1955,(anonymous_87)
FN:1964,(anonymous_88)
FN:1995,(anonymous_89)
FN:1996,(anonymous_90)
FN:2001,(anonymous_91)
FN:2006,(anonymous_92)
FN:2007,(anonymous_93)
FN:2012,(anonymous_94)
FN:2046,(anonymous_95)
FN:2050,(anonymous_96)
FN:2060,(anonymous_97)
FN:2063,(anonymous_98)
FN:2074,(anonymous_99)
FN:2076,(anonymous_100)
FN:2085,(anonymous_101)
FN:2087,(anonymous_102)
FN:2093,(anonymous_103)
FN:2102,(anonymous_104)
FN:2111,(anonymous_105)
FN:2132,(anonymous_106)
FN:2133,(anonymous_107)
FN:2137,(anonymous_108)
FN:2145,(anonymous_109)
FN:2182,(anonymous_110)
FN:2183,(anonymous_111)
FN:2217,(anonymous_112)
FN:2231,(anonymous_113)
FN:2249,(anonymous_114)
FN:2289,(anonymous_115)
FN:2314,(anonymous_116)
FN:2318,(anonymous_117)
FN:2355,(anonymous_118)
FN:2369,(anonymous_119)
FN:2387,(anonymous_120)
FN:2393,(anonymous_121)
FN:2402,(anonymous_122)
FN:2425,(anonymous_123)
FN:2429,(anonymous_124)
FN:2499,(anonymous_125)
FN:2516,(anonymous_126)
FN:2521,(anonymous_127)
FN:2551,(anonymous_128)
FN:2557,(anonymous_129)
FN:2675,(anonymous_130)
FN:2692,(anonymous_131)
FN:2707,(anonymous_132)
FN:2714,(anonymous_133)
FN:2722,(anonymous_134)
FN:2731,(anonymous_135)
FN:2754,(anonymous_136)
FN:2756,(anonymous_137)
FN:2765,(anonymous_138)
FN:2779,(anonymous_139)
FN:2823,(anonymous_140)
FN:2829,(anonymous_141)
FN:2848,(anonymous_142)
FN:2850,(anonymous_143)
FN:2861,(anonymous_144)
FN:2877,(anonymous_145)
FN:2896,(anonymous_146)
FN:2898,(anonymous_147)
FN:2909,(anonymous_148)
FN:2951,(anonymous_149)
FN:2969,(anonymous_150)
FN:2971,(anonymous_151)
FN:2977,(anonymous_152)
FN:3004,(anonymous_153)
FN:3023,(anonymous_154)
FN:3025,(anonymous_155)
FN:3033,(anonymous_156)
FN:3035,(anonymous_157)
FN:3042,(anonymous_158)
FN:3044,(anonymous_159)
FN:3051,(anonymous_160)
FN:3060,(anonymous_161)
FN:3069,(anonymous_162)
FN:3089,(anonymous_163)
FN:3126,(anonymous_164)
FN:3130,(anonymous_165)
FN:3143,(anonymous_166)
FNF:167
FNH:82
FNDA:22,(anonymous_0)
FNDA:11,(anonymous_1)
FNDA:0,(anonymous_2)
FNDA:0,(anonymous_3)
FNDA:0,(anonymous_4)
FNDA:0,(anonymous_5)
FNDA:0,(anonymous_6)
FNDA:0,(anonymous_7)
FNDA:0,(anonymous_8)
FNDA:0,(anonymous_9)
FNDA:103,(anonymous_10)
FNDA:313,(anonymous_11)
FNDA:580,(anonymous_12)
FNDA:11,(anonymous_13)
FNDA:9,(anonymous_14)
FNDA:171,(anonymous_15)
FNDA:90,(anonymous_16)
FNDA:171,(anonymous_17)
FNDA:45,(anonymous_18)
FNDA:108,(anonymous_19)
FNDA:81,(anonymous_20)
FNDA:135,(anonymous_21)
FNDA:340,(anonymous_22)
FNDA:5,(anonymous_23)
FNDA:52,(anonymous_24)
FNDA:7,(anonymous_25)
FNDA:2,(anonymous_26)
FNDA:21,(anonymous_27)
FNDA:0,(anonymous_28)
FNDA:0,(anonymous_29)
FNDA:0,(anonymous_30)
FNDA:3,(anonymous_31)
FNDA:53,(anonymous_32)
FNDA:0,(anonymous_33)
FNDA:0,(anonymous_34)
FNDA:6,(anonymous_35)
FNDA:9,(anonymous_36)
FNDA:1,(anonymous_37)
FNDA:10,(anonymous_38)
FNDA:0,(anonymous_39)
FNDA:5,(anonymous_40)
FNDA:20,(anonymous_41)
FNDA:15,(anonymous_42)
FNDA:1,(anonymous_43)
FNDA:5,(anonymous_44)
FNDA:1,(anonymous_45)
FNDA:5,(anonymous_46)
FNDA:2,(anonymous_47)
FNDA:7,(anonymous_48)
FNDA:2,(anonymous_49)
FNDA:3,(anonymous_50)
FNDA:6,(anonymous_51)
FNDA:6,(anonymous_52)
FNDA:4,(anonymous_53)
FNDA:6,(anonymous_54)
FNDA:0,(anonymous_55)
FNDA:0,(anonymous_56)
FNDA:0,(anonymous_57)
FNDA:6,(anonymous_58)
FNDA:0,(anonymous_59)
FNDA:0,(anonymous_60)
FNDA:0,(anonymous_61)
FNDA:0,(anonymous_62)
FNDA:0,(anonymous_63)
FNDA:6,(anonymous_64)
FNDA:0,(anonymous_65)
FNDA:0,(anonymous_66)
FNDA:4,(anonymous_67)
FNDA:2,(anonymous_68)
FNDA:14,(anonymous_69)
FNDA:0,(anonymous_70)
FNDA:0,(anonymous_71)
FNDA:0,(anonymous_72)
FNDA:0,(anonymous_73)
FNDA:0,(anonymous_74)
FNDA:29,(anonymous_75)
FNDA:19,(anonymous_76)
FNDA:19,(anonymous_77)
FNDA:7,(anonymous_78)
FNDA:24,(anonymous_79)
FNDA:1,(anonymous_80)
FNDA:1,(anonymous_81)
FNDA:2,(anonymous_82)
FNDA:0,(anonymous_83)
FNDA:37,(anonymous_84)
FNDA:0,(anonymous_85)
FNDA:0,(anonymous_86)
FNDA:0,(anonymous_87)
FNDA:7,(anonymous_88)
FNDA:0,(anonymous_89)
FNDA:3,(anonymous_90)
FNDA:0,(anonymous_91)
FNDA:6,(anonymous_92)
FNDA:3,(anonymous_93)
FNDA:4,(anonymous_94)
FNDA:14,(anonymous_95)
FNDA:60,(anonymous_96)
FNDA:58,(anonymous_97)
FNDA:6,(anonymous_98)
FNDA:0,(anonymous_99)
FNDA:0,(anonymous_100)
FNDA:0,(anonymous_101)
FNDA:0,(anonymous_102)
FNDA:0,(anonymous_103)
FNDA:0,(anonymous_104)
FNDA:0,(anonymous_105)
FNDA:0,(anonymous_106)
FNDA:0,(anonymous_107)
FNDA:0,(anonymous_108)
FNDA:0,(anonymous_109)
FNDA:0,(anonymous_110)
FNDA:0,(anonymous_111)
FNDA:0,(anonymous_112)
FNDA:0,(anonymous_113)
FNDA:0,(anonymous_114)
FNDA:0,(anonymous_115)
FNDA:0,(anonymous_116)
FNDA:0,(anonymous_117)
FNDA:0,(anonymous_118)
FNDA:0,(anonymous_119)
FNDA:0,(anonymous_120)
FNDA:0,(anonymous_121)
FNDA:8,(anonymous_122)
FNDA:2,(anonymous_123)
FNDA:8,(anonymous_124)
FNDA:0,(anonymous_125)
FNDA:0,(anonymous_126)
FNDA:0,(anonymous_127)
FNDA:0,(anonymous_128)
FNDA:0,(anonymous_129)
FNDA:10,(anonymous_130)
FNDA:8,(anonymous_131)
FNDA:1,(anonymous_132)
FNDA:1,(anonymous_133)
FNDA:1,(anonymous_134)
FNDA:2,(anonymous_135)
FNDA:1,(anonymous_136)
FNDA:3,(anonymous_137)
FNDA:6,(anonymous_138)
FNDA:4,(anonymous_139)
FNDA:0,(anonymous_140)
FNDA:1,(anonymous_141)
FNDA:1,(anonymous_142)
FNDA:1,(anonymous_143)
FNDA:1,(anonymous_144)
FNDA:0,(anonymous_145)
FNDA:0,(anonymous_146)
FNDA:0,(anonymous_147)
FNDA:1,(anonymous_148)
FNDA:0,(anonymous_149)
FNDA:0,(anonymous_150)
FNDA:0,(anonymous_151)
FNDA:0,(anonymous_152)
FNDA:0,(anonymous_153)
FNDA:0,(anonymous_154)
FNDA:0,(anonymous_155)
FNDA:0,(anonymous_156)
FNDA:0,(anonymous_157)
FNDA:0,(anonymous_158)
FNDA:0,(anonymous_159)
FNDA:0,(anonymous_160)
FNDA:0,(anonymous_161)
FNDA:0,(anonymous_162)
FNDA:0,(anonymous_163)
FNDA:0,(anonymous_164)
FNDA:0,(anonymous_165)
FNDA:0,(anonymous_166)
DA:7,11
DA:9,11
DA:10,11
DA:13,11
DA:14,11
DA:15,11
DA:20,11
DA:22,11
DA:27,11
DA:28,22
DA:29,22
DA:30,22
DA:33,0
DA:34,0
DA:36,0
DA:38,0
DA:42,11
DA:43,11
DA:46,11
DA:47,11
DA:48,11
DA:50,11
DA:51,11
DA:52,11
DA:53,11
DA:60,11
DA:61,0
DA:64,0
DA:65,0
DA:70,0
DA:71,0
DA:76,0
DA:81,0
DA:82,0
DA:86,0
DA:87,0
DA:90,0
DA:115,11
DA:116,0
DA:117,0
DA:121,0
DA:122,0
DA:127,0
DA:129,0
DA:149,11
DA:150,0
DA:151,0
DA:155,0
DA:156,0
DA:157,0
DA:158,0
DA:160,0
DA:163,0
DA:170,11
DA:171,0
DA:172,0
DA:176,0
DA:181,0
DA:182,0
DA:183,0
DA:184,0
DA:186,0
DA:189,0
DA:191,0
DA:197,0
DA:198,0
DA:199,0
DA:201,0
DA:202,0
DA:204,0
DA:207,0
DA:208,0
DA:210,0
DA:215,0
DA:218,11
DA:219,11
DA:220,11
DA:221,11
DA:223,11
DA:224,0
DA:225,0
DA:229,0
DA:230,0
DA:232,0
DA:234,11
DA:235,0
DA:238,11
DA:240,11
DA:241,11
DA:244,11
DA:245,0
DA:246,0
DA:247,0
DA:250,11
DA:251,103
DA:252,0
DA:253,0
DA:255,103
DA:256,103
DA:259,11
DA:260,313
DA:261,0
DA:262,0
DA:264,313
DA:265,313
DA:268,11
DA:269,580
DA:270,0
DA:271,0
DA:277,580
DA:278,580
DA:279,580
DA:282,11
DA:284,11
DA:285,11
DA:290,11
DA:293,11
DA:295,11
DA:296,9
DA:342,9
DA:362,9
DA:386,9
DA:432,9
DA:459,9
DA:495,9
DA:531,9
DA:553,9
DA:581,9
DA:605,9
DA:639,9
DA:660,9
DA:695,9
DA:729,9
DA:753,9
DA:783,9
DA:808,9
DA:809,9
DA:810,9
DA:811,9
DA:812,9
DA:813,9
DA:814,9
DA:815,9
DA:816,9
DA:817,9
DA:818,9
DA:819,9
DA:820,9
DA:821,9
DA:822,9
DA:823,9
DA:824,9
DA:828,9
DA:829,9
DA:837,171
DA:838,90
DA:840,9
DA:841,0
DA:844,0
DA:845,0
DA:847,0
DA:852,0
DA:853,0
DA:854,0
DA:855,0
DA:856,0
DA:859,0
DA:860,0
DA:863,0
DA:864,0
DA:865,0
DA:866,0
DA:872,0
DA:874,0
DA:876,0
DA:880,0
DA:881,0
DA:882,0
DA:883,0
DA:884,0
DA:885,0
DA:890,0
DA:915,0
DA:926,0
DA:927,0
DA:930,0
DA:933,0
DA:938,9
DA:939,9
DA:947,171
DA:949,9
DA:950,0
DA:953,0
DA:956,0
DA:958,0
DA:961,0
DA:966,9
DA:967,9
DA:968,0
DA:969,0
DA:974,9
DA:984,9
DA:985,9
DA:993,45
DA:995,9
DA:996,0
DA:999,0
DA:1000,0
DA:1001,0
DA:1002,0
DA:1003,0
DA:1004,0
DA:1005,0
DA:1008,0
DA:1010,0
DA:1014,108
DA:1015,9
DA:1016,0
DA:1017,0
DA:1018,0
DA:1021,0
DA:1026,9
DA:1027,9
DA:1035,81
DA:1036,9
DA:1037,0
DA:1038,0
DA:1039,0
DA:1040,0
DA:1043,0
DA:1048,9
DA:1049,9
DA:1050,0
DA:1051,0
DA:1058,9
DA:1059,9
DA:1060,0
DA:1061,0
DA:1068,9
DA:1069,9
DA:1070,0
DA:1071,0
DA:1078,9
DA:1079,9
DA:1081,9
DA:1082,0
DA:1083,0
DA:1084,0
DA:1099,0
DA:1100,0
DA:1106,0
DA:1108,0
DA:1112,9
DA:1113,9
DA:1114,9
DA:1115,9
DA:1116,9
DA:1117,9
DA:1118,9
DA:1119,9
DA:1121,9
DA:1122,9
DA:1124,0
DA:1126,9
DA:1127,9
DA:1128,9
DA:1129,9
DA:1130,9
DA:1131,9
DA:1132,9
DA:1133,9
DA:1135,9
DA:1136,9
DA:1143,135
DA:1144,9
DA:1145,9
DA:1148,0
DA:1151,9
DA:1164,11
DA:1165,340
DA:1168,251
DA:1169,251
DA:1170,251
DA:1171,0
DA:1173,251
DA:1177,0
DA:1178,0
DA:1179,0
DA:1181,0
DA:1185,0
DA:1195,11
DA:1196,5
DA:1199,11
DA:1202,52
DA:1205,52
DA:1206,52
DA:1207,52
DA:1208,52
DA:1212,52
DA:1213,52
DA:1214,48
DA:1215,48
DA:1219,52
DA:1220,52
DA:1221,51
DA:1222,51
DA:1223,0
DA:1225,51
DA:1227,52
DA:1228,0
DA:1231,52
DA:1243,52
DA:1264,52
DA:1265,52
DA:1268,7
DA:1284,7
DA:1285,7
DA:1292,21
DA:1308,21
DA:1309,21
DA:1310,21
DA:1317,0
DA:1333,0
DA:1336,0
DA:1337,0
DA:1338,0
DA:1341,0
DA:1342,0
DA:1343,0
DA:1346,0
DA:1347,0
DA:1348,0
DA:1351,0
DA:1352,0
DA:1353,0
DA:1356,0
DA:1358,0
DA:1359,0
DA:1366,0
DA:1367,0
DA:1374,3
DA:1377,3
DA:1378,3
DA:1379,3
DA:1380,3
DA:1384,3
DA:1385,3
DA:1386,3
DA:1387,3
DA:1391,3
DA:1392,3
DA:1393,1
DA:1394,1
DA:1395,0
DA:1397,1
DA:1399,3
DA:1400,0
DA:1405,3
DA:1433,53
DA:1435,0
DA:1451,0
DA:1452,0
DA:1459,6
DA:1475,6
DA:1476,9
DA:1483,1
DA:1486,1
DA:1487,1
DA:1488,1
DA:1489,1
DA:1494,1
DA:1501,10
DA:1504,10
DA:1511,10
DA:1512,10
DA:1513,10
DA:1514,10
DA:1520,10
DA:1521,10
DA:1522,10
DA:1523,10
DA:1525,10
DA:1532,10
DA:1533,10
DA:1535,10
DA:1542,0
DA:1543,0
DA:1550,5
DA:1551,20
DA:1552,4
DA:1568,4
DA:1569,15
DA:1576,1
DA:1577,1
DA:1578,5
DA:1579,1
DA:1584,1
DA:1587,1
DA:1588,5
DA:1589,1
DA:1590,1
DA:1593,2
DA:1594,2
DA:1597,2
DA:1598,2
DA:1599,2
DA:1600,2
DA:1603,7
DA:1604,2
DA:1611,2
DA:1614,2
DA:1615,3
DA:1622,6
DA:1637,6
DA:1639,6
DA:1641,4
DA:1644,2
DA:1646,2
DA:1649,6
DA:1650,6
DA:1663,11
DA:1664,4
DA:1665,4
DA:1668,3
DA:1675,3
DA:1681,3
DA:1687,11
DA:1689,6
DA:1690,6
DA:1695,6
DA:1696,6
DA:1697,6
DA:1700,0
DA:1701,0
DA:1706,0
DA:1713,0
DA:1714,0
DA:1717,0
DA:1718,0
DA:1725,6
DA:1726,6
DA:1733,0
DA:1734,0
DA:1741,0
DA:1742,0
DA:1748,0
DA:1754,0
DA:1755,0
DA:1762,0
DA:1763,0
DA:1769,6
DA:1771,0
DA:1772,0
DA:1775,0
DA:1776,0
DA:1780,11
DA:1782,4
DA:1783,4
DA:1785,4
DA:1791,2
DA:1792,2
DA:1794,2
DA:1795,0
DA:1796,0
DA:1799,2
DA:1800,0
DA:1801,0
DA:1804,2
DA:1805,0
DA:1806,0
DA:1809,2
DA:1810,0
DA:1811,0
DA:1814,2
DA:1815,0
DA:1816,0
DA:1819,2
DA:1820,0
DA:1821,0
DA:1824,2
DA:1826,2
DA:1827,0
DA:1828,0
DA:1831,2
DA:1832,14
DA:1838,0
DA:1843,0
DA:1846,0
DA:1847,0
DA:1850,0
DA:1858,0
DA:1860,0
DA:1861,0
DA:1862,0
DA:1865,0
DA:1866,0
DA:1867,0
DA:1870,0
DA:1872,0
DA:1873,0
DA:1877,11
DA:1879,29
DA:1880,29
DA:1885,29
DA:1897,29
DA:1898,29
DA:1901,19
DA:1902,19
DA:1903,18
DA:1910,19
DA:1911,19
DA:1912,19
DA:1919,7
DA:1920,24
DA:1927,1
DA:1928,1
DA:1934,2
DA:1936,0
DA:1937,0
DA:1939,37
DA:1940,0
DA:1954,0
DA:1956,0
DA:1957,0
DA:1958,0
DA:1965,7
DA:1968,7
DA:1971,7
DA:1973,7
DA:1978,7
DA:1992,7
DA:1993,7
DA:1995,0
DA:1996,3
DA:2001,0
DA:2006,6
DA:2007,3
DA:2013,4
DA:2016,4
DA:2019,3
DA:2020,3
DA:2021,0
DA:2022,0
DA:2026,3
DA:2027,3
DA:2030,2
DA:2031,0
DA:2035,1
DA:2038,2
DA:2040,2
DA:2042,1
DA:2043,1
DA:2044,1
DA:2047,14
DA:2050,60
DA:2052,13
DA:2054,1
DA:2060,58
DA:2061,12
DA:2062,12
DA:2063,12
DA:2075,0
DA:2076,0
DA:2084,11
DA:2086,0
DA:2087,0
DA:2094,0
DA:2095,0
DA:2096,0
DA:2103,0
DA:2104,0
DA:2105,0
DA:2112,0
DA:2113,0
DA:2119,0
DA:2129,0
DA:2130,0
DA:2132,0
DA:2133,0
DA:2136,11
DA:2138,0
DA:2139,0
DA:2140,0
DA:2146,0
DA:2147,0
DA:2181,11
DA:2182,0
DA:2184,0
DA:2185,0
DA:2218,0
DA:2219,0
DA:2230,11
DA:2232,0
DA:2235,0
DA:2236,0
DA:2237,0
DA:2241,0
DA:2244,0
DA:2250,0
DA:2253,0
DA:2254,0
DA:2255,0
DA:2267,0
DA:2288,11
DA:2290,0
DA:2293,0
DA:2294,0
DA:2295,0
DA:2299,0
DA:2302,0
DA:2315,0
DA:2316,0
DA:2319,0
DA:2322,0
DA:2323,0
DA:2325,0
DA:2326,0
DA:2327,0
DA:2329,0
DA:2330,0
DA:2331,0
DA:2333,0
DA:2334,0
DA:2335,0
DA:2337,0
DA:2338,0
DA:2339,0
DA:2342,0
DA:2343,0
DA:2345,0
DA:2346,0
DA:2349,0
DA:2356,0
DA:2357,0
DA:2368,11
DA:2370,0
DA:2375,0
DA:2384,0
DA:2385,0
DA:2388,0
DA:2393,0
DA:2401,11
DA:2403,8
DA:2406,8
DA:2407,0
DA:2408,0
DA:2412,0
DA:2415,8
DA:2426,2
DA:2427,2
DA:2430,8
DA:2433,8
DA:2434,8
DA:2436,8
DA:2437,3
DA:2438,3
DA:2440,8
DA:2441,2
DA:2442,2
DA:2444,8
DA:2445,3
DA:2446,3
DA:2448,8
DA:2449,3
DA:2450,3
DA:2452,8
DA:2453,2
DA:2454,2
DA:2457,8
DA:2458,2
DA:2459,2
DA:2462,8
DA:2463,2
DA:2464,2
DA:2466,8
DA:2467,1
DA:2468,1
DA:2470,8
DA:2471,2
DA:2472,2
DA:2474,8
DA:2475,2
DA:2476,2
DA:2478,8
DA:2479,2
DA:2480,2
DA:2483,8
DA:2484,8
DA:2486,8
DA:2488,0
DA:2491,8
DA:2499,11
DA:2500,0
DA:2505,0
DA:2506,0
DA:2507,0
DA:2508,0
DA:2510,0
DA:2511,0
DA:2515,11
DA:2516,0
DA:2522,0
DA:2523,0
DA:2526,0
DA:2527,0
DA:2528,0
DA:2530,0
DA:2533,0
DA:2534,0
DA:2540,0
DA:2541,0
DA:2549,11
DA:2551,11
DA:2552,0
DA:2553,0
DA:2554,0
DA:2557,11
DA:2558,0
DA:2559,0
DA:2562,0
DA:2563,0
DA:2565,0
DA:2566,0
DA:2567,0
DA:2569,0
DA:2570,0
DA:2571,0
DA:2572,0
DA:2574,0
DA:2575,0
DA:2582,0
DA:2583,0
DA:2608,0
DA:2609,0
DA:2634,0
DA:2635,0
DA:2652,0
DA:2653,0
DA:2654,0
DA:2655,0
DA:2657,0
DA:2659,0
DA:2666,0
DA:2667,0
DA:2669,0
DA:2670,0
DA:2674,11
DA:2676,10
DA:2677,10
DA:2678,0
DA:2682,0
DA:2684,10
DA:2688,10
DA:2693,8
DA:2697,8
DA:2698,4
DA:2704,4
DA:2708,1
DA:2715,1
DA:2716,1
DA:2723,1
DA:2730,11
DA:2732,2
DA:2733,2
DA:2735,2
DA:2736,0
DA:2742,0
DA:2744,2
DA:2750,2
DA:2755,1
DA:2756,3
DA:2766,6
DA:2767,6
DA:2768,6
DA:2776,0
DA:2780,4
DA:2781,4
DA:2782,4
DA:2784,4
DA:2785,0
DA:2786,0
DA:2788,4
DA:2789,0
DA:2790,0
DA:2792,4
DA:2793,0
DA:2794,0
DA:2796,4
DA:2797,3
DA:2798,3
DA:2800,4
DA:2801,1
DA:2802,1
DA:2804,4
DA:2805,0
DA:2806,0
DA:2808,4
DA:2809,0
DA:2810,0
DA:2813,4
DA:2814,4
DA:2815,4
DA:2817,4
DA:2824,0
DA:2828,11
DA:2830,1
DA:2831,1
DA:2832,0
DA:2837,0
DA:2839,1
DA:2844,1
DA:2849,1
DA:2850,1
DA:2862,1
DA:2863,1
DA:2864,1
DA:2874,0
DA:2878,0
DA:2882,0
DA:2883,0
DA:2893,0
DA:2897,0
DA:2898,0
DA:2910,1
DA:2911,1
DA:2912,1
DA:2914,1
DA:2915,1
DA:2916,1
DA:2918,1
DA:2919,0
DA:2920,0
DA:2922,1
DA:2923,1
DA:2924,1
DA:2926,1
DA:2927,0
DA:2928,0
DA:2930,1
DA:2931,0
DA:2932,0
DA:2934,1
DA:2935,0
DA:2936,0
DA:2939,1
DA:2940,1
DA:2941,1
DA:2943,1
DA:2950,11
DA:2952,0
DA:2953,0
DA:2958,0
DA:2960,0
DA:2965,0
DA:2970,0
DA:2971,0
DA:2978,0
DA:2979,0
DA:2981,0
DA:2982,0
DA:2983,0
DA:2985,0
DA:2986,0
DA:2987,0
DA:2989,0
DA:2990,0
DA:2991,0
DA:2994,0
DA:2996,0
DA:3003,11
DA:3005,0
DA:3006,0
DA:3007,0
DA:3012,0
DA:3014,0
DA:3019,0
DA:3024,0
DA:3025,0
DA:3032,11
DA:3034,0
DA:3035,0
DA:3043,0
DA:3044,0
DA:3052,0
DA:3053,0
DA:3061,0
DA:3062,0
DA:3070,0
DA:3071,0
DA:3076,0
DA:3085,0
DA:3086,0
DA:3090,0
DA:3091,0
DA:3092,0
DA:3094,0
DA:3095,0
DA:3096,0
DA:3098,0
DA:3099,0
DA:3100,0
DA:3102,0
DA:3103,0
DA:3104,0
DA:3106,0
DA:3107,0
DA:3108,0
DA:3110,0
DA:3111,0
DA:3112,0
DA:3115,0
DA:3116,0
DA:3118,0
DA:3120,0
DA:3127,0
DA:3131,0
DA:3132,0
DA:3135,0
DA:3138,0
DA:3140,0
DA:3145,0
DA:3146,0
LF:922
LH:460
BRDA:13,0,0,11
BRDA:13,0,1,11
BRDA:46,1,0,11
BRDA:46,1,1,11
BRDA:47,2,0,11
BRDA:47,2,1,11
BRDA:50,3,0,11
BRDA:50,3,1,0
BRDA:51,4,0,11
BRDA:51,4,1,11
BRDA:52,5,0,11
BRDA:52,5,1,11
BRDA:53,6,0,11
BRDA:53,6,1,11
BRDA:53,6,2,11
BRDA:61,7,0,0
BRDA:61,7,1,0
BRDA:64,8,0,0
BRDA:64,8,1,0
BRDA:70,9,0,0
BRDA:70,9,1,0
BRDA:70,10,0,0
BRDA:70,10,1,0
BRDA:70,10,2,0
BRDA:81,11,0,0
BRDA:81,11,1,0
BRDA:82,12,0,0
BRDA:82,12,1,0
BRDA:86,13,0,0
BRDA:86,13,1,0
BRDA:116,14,0,0
BRDA:116,14,1,0
BRDA:121,15,0,0
BRDA:121,15,1,0
BRDA:121,16,0,0
BRDA:121,16,1,0
BRDA:149,17,0,0
BRDA:150,18,0,0
BRDA:150,18,1,0
BRDA:156,19,0,0
BRDA:156,19,1,0
BRDA:157,20,0,0
BRDA:157,20,1,0
BRDA:171,21,0,0
BRDA:171,21,1,0
BRDA:181,22,0,0
BRDA:181,22,1,0
BRDA:183,23,0,0
BRDA:183,23,1,0
BRDA:197,24,0,0
BRDA:197,24,1,0
BRDA:197,25,0,0
BRDA:197,25,1,0
BRDA:201,26,0,0
BRDA:201,26,1,0
BRDA:201,27,0,0
BRDA:201,27,1,0
BRDA:223,28,0,0
BRDA:223,28,1,11
BRDA:223,29,0,11
BRDA:223,29,1,0
BRDA:234,30,0,0
BRDA:234,30,1,11
BRDA:234,31,0,11
BRDA:234,31,1,0
BRDA:240,32,0,11
BRDA:240,32,1,0
BRDA:245,33,0,0
BRDA:245,33,1,0
BRDA:250,34,0,69
BRDA:251,35,0,0
BRDA:251,35,1,103
BRDA:259,36,0,46
BRDA:260,37,0,0
BRDA:260,37,1,313
BRDA:262,38,0,0
BRDA:262,38,1,0
BRDA:265,39,0,313
BRDA:265,39,1,103
BRDA:268,40,0,324
BRDA:269,41,0,0
BRDA:269,41,1,580
BRDA:274,42,0,0
BRDA:274,42,1,0
BRDA:287,43,0,11
BRDA:287,43,1,11
BRDA:287,43,2,0
BRDA:287,43,3,0
BRDA:288,44,0,11
BRDA:288,44,1,11
BRDA:288,44,2,11
BRDA:288,44,3,11
BRDA:296,45,0,0
BRDA:296,45,1,9
BRDA:342,46,0,0
BRDA:342,46,1,9
BRDA:362,47,0,0
BRDA:362,47,1,9
BRDA:386,48,0,0
BRDA:386,48,1,9
BRDA:432,49,0,0
BRDA:432,49,1,9
BRDA:459,50,0,0
BRDA:459,50,1,9
BRDA:495,51,0,0
BRDA:495,51,1,9
BRDA:531,52,0,0
BRDA:531,52,1,9
BRDA:553,53,0,0
BRDA:553,53,1,9
BRDA:581,54,0,0
BRDA:581,54,1,9
BRDA:605,55,0,0
BRDA:605,55,1,9
BRDA:639,56,0,0
BRDA:639,56,1,9
BRDA:660,57,0,0
BRDA:660,57,1,9
BRDA:695,58,0,0
BRDA:695,58,1,9
BRDA:729,59,0,0
BRDA:729,59,1,9
BRDA:753,60,0,0
BRDA:753,60,1,9
BRDA:783,61,0,0
BRDA:783,61,1,9
BRDA:829,62,0,0
BRDA:829,62,1,9
BRDA:840,63,0,0
BRDA:840,63,1,9
BRDA:840,64,0,9
BRDA:840,64,1,0
BRDA:844,65,0,0
BRDA:844,65,1,0
BRDA:855,66,0,0
BRDA:855,66,1,0
BRDA:860,67,0,0
BRDA:860,67,1,0
BRDA:864,68,0,0
BRDA:864,68,1,0
BRDA:872,69,0,0
BRDA:872,69,1,0
BRDA:881,70,0,0
BRDA:881,70,1,0
BRDA:884,71,0,0
BRDA:884,71,1,0
BRDA:939,72,0,0
BRDA:939,72,1,9
BRDA:949,73,0,0
BRDA:949,73,1,9
BRDA:967,74,0,0
BRDA:967,74,1,9
BRDA:985,75,0,0
BRDA:985,75,1,9
BRDA:995,76,0,0
BRDA:995,76,1,9
BRDA:1015,77,0,0
BRDA:1015,77,1,9
BRDA:1027,78,0,0
BRDA:1027,78,1,9
BRDA:1036,79,0,0
BRDA:1036,79,1,9
BRDA:1049,80,0,0
BRDA:1049,80,1,9
BRDA:1059,81,0,0
BRDA:1059,81,1,9
BRDA:1069,82,0,0
BRDA:1069,82,1,9
BRDA:1079,83,0,9
BRDA:1079,83,1,0
BRDA:1081,84,0,0
BRDA:1081,84,1,9
BRDA:1100,85,0,0
BRDA:1100,85,1,0
BRDA:1136,86,0,0
BRDA:1136,86,1,9
BRDA:1144,87,0,9
BRDA:1144,87,1,0
BRDA:1151,88,0,0
BRDA:1151,88,1,9
BRDA:1164,89,0,0
BRDA:1165,90,0,89
BRDA:1165,90,1,251
BRDA:1168,91,0,251
BRDA:1168,91,1,0
BRDA:1170,92,0,0
BRDA:1170,92,1,251
BRDA:1177,93,0,0
BRDA:1177,93,1,0
BRDA:1178,94,0,0
BRDA:1178,94,1,0
BRDA:1196,95,0,1
BRDA:1196,95,1,4
BRDA:1196,96,0,5
BRDA:1196,96,1,1
BRDA:1206,97,0,52
BRDA:1206,97,1,0
BRDA:1208,98,0,52
BRDA:1208,98,1,42
BRDA:1213,99,0,48
BRDA:1213,99,1,4
BRDA:1215,100,0,48
BRDA:1215,100,1,46
BRDA:1219,101,0,52
BRDA:1219,101,1,51
BRDA:1220,102,0,51
BRDA:1220,102,1,1
BRDA:1220,103,0,52
BRDA:1220,103,1,51
BRDA:1222,104,0,0
BRDA:1222,104,1,51
BRDA:1227,105,0,0
BRDA:1227,105,1,52
BRDA:1238,106,0,0
BRDA:1238,106,1,52
BRDA:1244,107,0,52
BRDA:1244,107,1,0
BRDA:1245,108,0,52
BRDA:1245,108,1,0
BRDA:1246,109,0,52
BRDA:1246,109,1,0
BRDA:1248,110,0,52
BRDA:1248,110,1,4
BRDA:1249,111,0,52
BRDA:1249,111,1,4
BRDA:1250,112,0,52
BRDA:1250,112,1,4
BRDA:1254,113,0,52
BRDA:1254,113,1,51
BRDA:1255,114,0,52
BRDA:1255,114,1,51
BRDA:1258,115,0,52
BRDA:1258,115,1,1
BRDA:1261,116,0,52
BRDA:1261,116,1,52
BRDA:1264,117,0,0
BRDA:1264,117,1,52
BRDA:1309,118,0,0
BRDA:1309,118,1,21
BRDA:1336,119,0,0
BRDA:1336,119,1,0
BRDA:1341,120,0,0
BRDA:1341,120,1,0
BRDA:1346,121,0,0
BRDA:1346,121,1,0
BRDA:1351,122,0,0
BRDA:1351,122,1,0
BRDA:1371,123,0,0
BRDA:1371,123,1,0
BRDA:1378,124,0,3
BRDA:1378,124,1,0
BRDA:1380,125,0,3
BRDA:1380,125,1,0
BRDA:1385,126,0,3
BRDA:1385,126,1,0
BRDA:1387,127,0,3
BRDA:1387,127,1,0
BRDA:1391,128,0,3
BRDA:1391,128,1,1
BRDA:1392,129,0,1
BRDA:1392,129,1,2
BRDA:1392,130,0,3
BRDA:1392,130,1,1
BRDA:1394,131,0,0
BRDA:1394,131,1,1
BRDA:1399,132,0,0
BRDA:1399,132,1,3
BRDA:1413,133,0,3
BRDA:1413,133,1,0
BRDA:1414,134,0,3
BRDA:1414,134,1,0
BRDA:1415,135,0,3
BRDA:1415,135,1,0
BRDA:1417,136,0,3
BRDA:1417,136,1,0
BRDA:1418,137,0,3
BRDA:1418,137,1,0
BRDA:1419,138,0,3
BRDA:1419,138,1,0
BRDA:1423,139,0,3
BRDA:1423,139,1,3
BRDA:1424,140,0,3
BRDA:1424,140,1,3
BRDA:1429,141,0,3
BRDA:1429,141,1,3
BRDA:1487,142,0,1
BRDA:1487,142,1,0
BRDA:1489,143,0,1
BRDA:1489,143,1,1
BRDA:1498,144,0,1
BRDA:1498,144,1,0
BRDA:1498,145,0,1
BRDA:1498,145,1,0
BRDA:1498,146,0,1
BRDA:1498,146,1,0
BRDA:1512,147,0,10
BRDA:1512,147,1,0
BRDA:1514,148,0,10
BRDA:1514,148,1,7
BRDA:1520,149,0,10
BRDA:1520,149,1,0
BRDA:1521,150,0,9
BRDA:1521,150,1,1
BRDA:1522,151,0,10
BRDA:1522,151,1,1
BRDA:1523,152,0,10
BRDA:1523,152,1,1
BRDA:1533,153,0,10
BRDA:1533,153,1,0
BRDA:1539,154,0,10
BRDA:1539,154,1,0
BRDA:1550,155,0,1
BRDA:1550,155,1,4
BRDA:1550,156,0,5
BRDA:1550,156,1,5
BRDA:1576,157,0,0
BRDA:1576,157,1,1
BRDA:1576,158,0,1
BRDA:1576,158,1,1
BRDA:1584,159,0,1
BRDA:1584,159,1,0
BRDA:1587,160,0,0
BRDA:1587,160,1,1
BRDA:1587,161,0,1
BRDA:1587,161,1,1
BRDA:1593,162,0,0
BRDA:1593,162,1,2
BRDA:1593,163,0,2
BRDA:1593,163,1,2
BRDA:1598,164,0,2
BRDA:1598,164,1,0
BRDA:1600,165,0,2
BRDA:1600,165,1,2
BRDA:1611,166,0,2
BRDA:1611,166,1,0
BRDA:1611,167,0,2
BRDA:1611,167,1,0
BRDA:1611,168,0,2
BRDA:1611,168,1,0
BRDA:1639,169,0,4
BRDA:1639,169,1,2
BRDA:1639,170,0,6
BRDA:1639,170,1,4
BRDA:1665,171,0,1
BRDA:1665,171,1,3
BRDA:1682,172,0,3
BRDA:1682,172,1,2
BRDA:1683,173,0,3
BRDA:1683,173,1,2
BRDA:1693,174,0,0
BRDA:1693,174,1,6
BRDA:1695,175,0,6
BRDA:1695,175,1,0
BRDA:1696,176,0,0
BRDA:1696,176,1,6
BRDA:1704,177,0,0
BRDA:1704,177,1,0
BRDA:1708,178,0,0
BRDA:1708,178,1,0
BRDA:1713,179,0,0
BRDA:1713,179,1,0
BRDA:1726,180,0,6
BRDA:1726,180,1,0
BRDA:1734,181,0,0
BRDA:1734,181,1,0
BRDA:1742,182,0,0
BRDA:1742,182,1,0
BRDA:1752,183,0,0
BRDA:1752,183,1,0
BRDA:1759,184,0,0
BRDA:1759,184,1,0
BRDA:1772,185,0,0
BRDA:1772,185,1,0
BRDA:1776,186,0,0
BRDA:1776,186,1,0
BRDA:1781,187,0,0
BRDA:1783,188,0,0
BRDA:1783,188,1,4
BRDA:1790,189,0,2
BRDA:1794,190,0,0
BRDA:1794,190,1,2
BRDA:1799,191,0,0
BRDA:1799,191,1,2
BRDA:1804,192,0,0
BRDA:1804,192,1,2
BRDA:1809,193,0,0
BRDA:1809,193,1,2
BRDA:1814,194,0,0
BRDA:1814,194,1,2
BRDA:1819,195,0,0
BRDA:1819,195,1,2
BRDA:1826,196,0,0
BRDA:1826,196,1,2
BRDA:1845,197,0,0
BRDA:1849,198,0,0
BRDA:1849,199,0,0
BRDA:1860,200,0,0
BRDA:1860,200,1,0
BRDA:1865,201,0,0
BRDA:1865,201,1,0
BRDA:1883,202,0,0
BRDA:1883,202,1,29
BRDA:1889,203,0,29
BRDA:1889,203,1,0
BRDA:1891,204,0,29
BRDA:1891,204,1,4
BRDA:1892,205,0,29
BRDA:1892,205,1,4
BRDA:1893,206,0,29
BRDA:1893,206,1,24
BRDA:1894,207,0,29
BRDA:1894,207,1,24
BRDA:1895,208,0,29
BRDA:1895,208,1,18
BRDA:1897,209,0,0
BRDA:1897,209,1,29
BRDA:1902,210,0,1
BRDA:1902,210,1,18
BRDA:1911,211,0,0
BRDA:1911,211,1,19
BRDA:1946,212,0,0
BRDA:1946,212,1,0
BRDA:1947,213,0,0
BRDA:1947,213,1,0
BRDA:1948,214,0,0
BRDA:1948,214,1,0
BRDA:1949,215,0,0
BRDA:1949,215,1,0
BRDA:1950,216,0,0
BRDA:1950,216,1,0
BRDA:1951,217,0,0
BRDA:1951,217,1,0
BRDA:1957,218,0,0
BRDA:1957,218,1,0
BRDA:1968,219,0,7
BRDA:1968,219,1,1
BRDA:1968,219,2,1
BRDA:1971,220,0,1
BRDA:1971,220,1,6
BRDA:1976,221,0,0
BRDA:1976,221,1,7
BRDA:1982,222,0,7
BRDA:1982,222,1,0
BRDA:1984,223,0,7
BRDA:1984,223,1,0
BRDA:1985,224,0,7
BRDA:1985,224,1,0
BRDA:1986,225,0,7
BRDA:1986,225,1,6
BRDA:1987,226,0,7
BRDA:1987,226,1,6
BRDA:1988,227,0,7
BRDA:1988,227,1,6
BRDA:1992,228,0,0
BRDA:1992,228,1,7
BRDA:2016,229,0,1
BRDA:2016,229,1,3
BRDA:2016,230,0,4
BRDA:2016,230,1,4
BRDA:2020,231,0,0
BRDA:2020,231,1,3
BRDA:2030,232,0,0
BRDA:2030,232,1,2
BRDA:2040,233,0,1
BRDA:2040,233,1,1
BRDA:2047,234,0,1
BRDA:2047,234,1,13
BRDA:2047,235,0,14
BRDA:2047,235,1,14
BRDA:2052,236,0,1
BRDA:2052,236,1,12
BRDA:2095,237,0,0
BRDA:2095,237,1,0
BRDA:2104,238,0,0
BRDA:2104,238,1,0
BRDA:2116,239,0,0
BRDA:2116,239,1,0
BRDA:2124,240,0,0
BRDA:2124,240,1,0
BRDA:2125,241,0,0
BRDA:2125,241,1,0
BRDA:2129,242,0,0
BRDA:2129,242,1,0
BRDA:2139,243,0,0
BRDA:2139,243,1,0
BRDA:2164,244,0,0
BRDA:2164,244,1,0
BRDA:2165,245,0,0
BRDA:2165,245,1,0
BRDA:2166,246,0,0
BRDA:2166,246,1,0
BRDA:2167,247,0,0
BRDA:2167,247,1,0
BRDA:2168,248,0,0
BRDA:2168,248,1,0
BRDA:2169,249,0,0
BRDA:2169,249,1,0
BRDA:2170,250,0,0
BRDA:2170,250,1,0
BRDA:2171,251,0,0
BRDA:2171,251,1,0
BRDA:2172,252,0,0
BRDA:2172,252,1,0
BRDA:2173,253,0,0
BRDA:2173,253,1,0
BRDA:2174,254,0,0
BRDA:2174,254,1,0
BRDA:2202,255,0,0
BRDA:2202,255,1,0
BRDA:2203,256,0,0
BRDA:2203,256,1,0
BRDA:2204,257,0,0
BRDA:2204,257,1,0
BRDA:2205,258,0,0
BRDA:2205,258,1,0
BRDA:2206,259,0,0
BRDA:2206,259,1,0
BRDA:2207,260,0,0
BRDA:2207,260,1,0
BRDA:2208,261,0,0
BRDA:2208,261,1,0
BRDA:2209,262,0,0
BRDA:2209,262,1,0
BRDA:2210,263,0,0
BRDA:2210,263,1,0
BRDA:2211,264,0,0
BRDA:2211,264,1,0
BRDA:2211,265,0,0
BRDA:2211,265,1,0
BRDA:2212,266,0,0
BRDA:2212,266,1,0
BRDA:2235,267,0,0
BRDA:2235,267,1,0
BRDA:2246,268,0,0
BRDA:2246,268,1,0
BRDA:2254,269,0,0
BRDA:2254,269,1,0
BRDA:2259,270,0,0
BRDA:2259,270,1,0
BRDA:2260,271,0,0
BRDA:2260,271,1,0
BRDA:2261,272,0,0
BRDA:2261,272,1,0
BRDA:2262,273,0,0
BRDA:2262,273,1,0
BRDA:2277,274,0,0
BRDA:2277,274,1,0
BRDA:2278,275,0,0
BRDA:2278,275,1,0
BRDA:2279,276,0,0
BRDA:2279,276,1,0
BRDA:2280,277,0,0
BRDA:2280,277,1,0
BRDA:2293,278,0,0
BRDA:2293,278,1,0
BRDA:2304,279,0,0
BRDA:2304,279,1,0
BRDA:2305,280,0,0
BRDA:2305,280,1,0
BRDA:2316,281,0,0
BRDA:2316,281,1,0
BRDA:2325,282,0,0
BRDA:2325,282,1,0
BRDA:2327,283,0,0
BRDA:2327,283,1,0
BRDA:2329,284,0,0
BRDA:2329,284,1,0
BRDA:2329,285,0,0
BRDA:2329,285,1,0
BRDA:2333,286,0,0
BRDA:2333,286,1,0
BRDA:2335,287,0,0
BRDA:2335,287,1,0
BRDA:2337,288,0,0
BRDA:2337,288,1,0
BRDA:2345,289,0,0
BRDA:2345,289,1,0
BRDA:2373,290,0,0
BRDA:2373,290,1,0
BRDA:2379,291,0,0
BRDA:2379,291,1,0
BRDA:2380,292,0,0
BRDA:2380,292,1,0
BRDA:2381,293,0,0
BRDA:2381,293,1,0
BRDA:2382,294,0,0
BRDA:2382,294,1,0
BRDA:2384,295,0,0
BRDA:2384,295,1,0
BRDA:2387,296,0,0
BRDA:2406,297,0,0
BRDA:2406,297,1,8
BRDA:2417,298,0,8
BRDA:2417,298,1,0
BRDA:2427,299,0,2
BRDA:2427,299,1,1
BRDA:2436,300,0,3
BRDA:2436,300,1,5
BRDA:2438,301,0,2
BRDA:2438,301,1,1
BRDA:2440,302,0,2
BRDA:2440,302,1,6
BRDA:2442,303,0,2
BRDA:2442,303,1,1
BRDA:2444,304,0,3
BRDA:2444,304,1,5
BRDA:2446,305,0,3
BRDA:2446,305,1,0
BRDA:2448,306,0,3
BRDA:2448,306,1,5
BRDA:2450,307,0,2
BRDA:2450,307,1,1
BRDA:2452,308,0,2
BRDA:2452,308,1,6
BRDA:2454,309,0,2
BRDA:2454,309,1,2
BRDA:2457,310,0,2
BRDA:2457,310,1,6
BRDA:2457,311,0,8
BRDA:2457,311,1,2
BRDA:2462,312,0,2
BRDA:2462,312,1,6
BRDA:2466,313,0,1
BRDA:2466,313,1,7
BRDA:2468,314,0,1
BRDA:2468,314,1,0
BRDA:2470,315,0,2
BRDA:2470,315,1,6
BRDA:2472,316,0,2
BRDA:2472,316,1,0
BRDA:2474,317,0,2
BRDA:2474,317,1,6
BRDA:2476,318,0,2
BRDA:2476,318,1,1
BRDA:2478,319,0,2
BRDA:2478,319,1,6
BRDA:2480,320,0,2
BRDA:2480,320,1,2
BRDA:2486,321,0,0
BRDA:2486,321,1,8
BRDA:2519,322,0,0
BRDA:2519,322,1,0
BRDA:2522,323,0,0
BRDA:2522,323,1,0
BRDA:2526,324,0,0
BRDA:2526,324,1,0
BRDA:2527,325,0,0
BRDA:2527,325,1,0
BRDA:2537,326,0,0
BRDA:2537,326,1,0
BRDA:2544,327,0,0
BRDA:2544,327,1,0
BRDA:2552,328,0,0
BRDA:2552,328,1,0
BRDA:2554,329,0,0
BRDA:2554,329,1,0
BRDA:2558,330,0,0
BRDA:2558,330,1,0
BRDA:2558,331,0,0
BRDA:2558,331,1,0
BRDA:2578,332,0,0
BRDA:2578,332,1,0
BRDA:2598,333,0,0
BRDA:2598,333,1,0
BRDA:2599,334,0,0
BRDA:2599,334,1,0
BRDA:2603,335,0,0
BRDA:2603,335,1,0
BRDA:2622,336,0,0
BRDA:2622,336,1,0
BRDA:2623,337,0,0
BRDA:2623,337,1,0
BRDA:2624,338,0,0
BRDA:2624,338,1,0
BRDA:2625,339,0,0
BRDA:2625,339,1,0
BRDA:2626,340,0,0
BRDA:2626,340,1,0
BRDA:2627,341,0,0
BRDA:2627,341,1,0
BRDA:2628,342,0,0
BRDA:2628,342,1,0
BRDA:2629,343,0,0
BRDA:2629,343,1,0
BRDA:2645,344,0,0
BRDA:2645,344,1,0
BRDA:2647,345,0,0
BRDA:2647,345,1,0
BRDA:2677,346,0,0
BRDA:2677,346,1,10
BRDA:2697,347,0,4
BRDA:2697,347,1,4
BRDA:2735,348,0,0
BRDA:2735,348,1,2
BRDA:2739,349,0,0
BRDA:2739,349,1,0
BRDA:2740,350,0,0
BRDA:2740,350,1,0
BRDA:2740,351,0,0
BRDA:2740,351,1,0
BRDA:2740,352,0,0
BRDA:2740,352,1,0
BRDA:2740,353,0,0
BRDA:2740,353,1,0
BRDA:2747,354,0,2
BRDA:2747,354,1,2
BRDA:2748,355,0,2
BRDA:2748,355,1,0
BRDA:2748,356,0,2
BRDA:2748,356,1,0
BRDA:2748,357,0,2
BRDA:2748,357,1,2
BRDA:2748,358,0,2
BRDA:2748,358,1,2
BRDA:2767,359,0,6
BRDA:2767,359,1,0
BRDA:2784,360,0,0
BRDA:2784,360,1,4
BRDA:2785,361,0,0
BRDA:2785,361,1,0
BRDA:2788,362,0,0
BRDA:2788,362,1,4
BRDA:2789,363,0,0
BRDA:2789,363,1,0
BRDA:2792,364,0,0
BRDA:2792,364,1,4
BRDA:2793,365,0,0
BRDA:2793,365,1,0
BRDA:2796,366,0,3
BRDA:2796,366,1,1
BRDA:2797,367,0,0
BRDA:2797,367,1,3
BRDA:2800,368,0,1
BRDA:2800,368,1,3
BRDA:2801,369,0,0
BRDA:2801,369,1,1
BRDA:2804,370,0,0
BRDA:2804,370,1,4
BRDA:2805,371,0,0
BRDA:2805,371,1,0
BRDA:2808,372,0,0
BRDA:2808,372,1,4
BRDA:2809,373,0,0
BRDA:2809,373,1,0
BRDA:2813,374,0,0
BRDA:2813,374,1,4
BRDA:2818,375,0,0
BRDA:2818,375,1,4
BRDA:2831,376,0,0
BRDA:2831,376,1,1
BRDA:2835,377,0,0
BRDA:2835,377,1,0
BRDA:2842,378,0,1
BRDA:2842,378,1,0
BRDA:2863,379,0,1
BRDA:2863,379,1,0
BRDA:2882,380,0,0
BRDA:2882,380,1,0
BRDA:2914,381,0,1
BRDA:2914,381,1,0
BRDA:2915,382,0,0
BRDA:2915,382,1,1
BRDA:2918,383,0,0
BRDA:2918,383,1,1
BRDA:2919,384,0,0
BRDA:2919,384,1,0
BRDA:2922,385,0,1
BRDA:2922,385,1,0
BRDA:2923,386,0,0
BRDA:2923,386,1,1
BRDA:2926,387,0,0
BRDA:2926,387,1,1
BRDA:2927,388,0,0
BRDA:2927,388,1,0
BRDA:2930,389,0,0
BRDA:2930,389,1,1
BRDA:2931,390,0,0
BRDA:2931,390,1,0
BRDA:2934,391,0,0
BRDA:2934,391,1,1
BRDA:2935,392,0,0
BRDA:2935,392,1,0
BRDA:2939,393,0,0
BRDA:2939,393,1,1
BRDA:2944,394,0,0
BRDA:2944,394,1,1
BRDA:2952,395,0,0
BRDA:2952,395,1,0
BRDA:2981,396,0,0
BRDA:2981,396,1,0
BRDA:2982,397,0,0
BRDA:2982,397,1,0
BRDA:2985,398,0,0
BRDA:2985,398,1,0
BRDA:2986,399,0,0
BRDA:2986,399,1,0
BRDA:2989,400,0,0
BRDA:2989,400,1,0
BRDA:2990,401,0,0
BRDA:2990,401,1,0
BRDA:2997,402,0,0
BRDA:2997,402,1,0
BRDA:3006,403,0,0
BRDA:3006,403,1,0
BRDA:3053,404,0,0
BRDA:3053,404,1,0
BRDA:3062,405,0,0
BRDA:3062,405,1,0
BRDA:3074,406,0,0
BRDA:3074,406,1,0
BRDA:3079,407,0,0
BRDA:3079,407,1,0
BRDA:3080,408,0,0
BRDA:3080,408,1,0
BRDA:3081,409,0,0
BRDA:3081,409,1,0
BRDA:3085,410,0,0
BRDA:3085,410,1,0
BRDA:3094,411,0,0
BRDA:3094,411,1,0
BRDA:3095,412,0,0
BRDA:3095,412,1,0
BRDA:3098,413,0,0
BRDA:3098,413,1,0
BRDA:3099,414,0,0
BRDA:3099,414,1,0
BRDA:3102,415,0,0
BRDA:3102,415,1,0
BRDA:3103,416,0,0
BRDA:3103,416,1,0
BRDA:3106,417,0,0
BRDA:3106,417,1,0
BRDA:3107,418,0,0
BRDA:3107,418,1,0
BRDA:3110,419,0,0
BRDA:3110,419,1,0
BRDA:3111,420,0,0
BRDA:3111,420,1,0
BRDA:3115,421,0,0
BRDA:3115,421,1,0
BRDA:3121,422,0,0
BRDA:3121,422,1,0
BRDA:3132,423,0,0
BRDA:3132,423,1,0
BRDA:3140,424,0,0
BRDA:3140,424,1,0
BRDA:3140,425,0,0
BRDA:3140,425,1,0
BRF:848
BRH:326
end_of_record
TN:
SF:hubspot.js
FN:19,(anonymous_0)
FN:34,(anonymous_1)
FN:58,(anonymous_2)
FN:85,(anonymous_3)
FN:113,(anonymous_4)
FNF:5
FNH:0
FNDA:0,(anonymous_0)
FNDA:0,(anonymous_1)
FNDA:0,(anonymous_2)
FNDA:0,(anonymous_3)
FNDA:0,(anonymous_4)
DA:19,0
DA:20,0
DA:21,0
DA:24,0
DA:25,0
DA:33,0
DA:34,0
DA:35,0
DA:41,0
DA:46,0
DA:58,0
DA:59,0
DA:60,0
DA:63,0
DA:64,0
DA:65,0
DA:67,0
DA:68,0
DA:69,0
DA:70,0
DA:71,0
DA:72,0
DA:73,0
DA:76,0
DA:84,0
DA:85,0
DA:86,0
DA:89,0
DA:91,0
DA:92,0
DA:96,0
DA:99,0
DA:101,0
DA:113,0
DA:114,0
DA:121,0
DA:123,0
DA:124,0
DA:127,0
DA:128,0
DA:129,0
DA:130,0
DA:131,0
DA:134,0
DA:136,0
DA:139,0
DA:140,0
DA:141,0
DA:142,0
DA:143,0
DA:145,0
DA:156,0
DA:158,0
DA:160,0
DA:161,0
DA:163,0
DA:173,0
DA:178,0
DA:180,0
DA:191,0
DA:199,0
DA:202,0
LF:62
LH:0
BRDA:20,0,0,0
BRDA:20,0,1,0
BRDA:33,1,0,0
BRDA:33,1,1,0
BRDA:37,2,0,0
BRDA:37,2,1,0
BRDA:59,3,0,0
BRDA:59,3,1,0
BRDA:72,4,0,0
BRDA:72,4,1,0
BRDA:84,5,0,0
BRDA:84,5,1,0
BRDA:86,6,0,0
BRDA:86,6,1,0
BRDA:91,7,0,0
BRDA:91,7,1,0
BRDA:91,8,0,0
BRDA:91,8,1,0
BRDA:96,9,0,0
BRDA:96,9,1,0
BRDA:113,10,0,0
BRDA:130,11,0,0
BRDA:130,11,1,0
BRDA:131,12,0,0
BRDA:131,12,1,0
BRDA:136,13,0,0
BRDA:136,13,1,0
BRDA:139,14,0,0
BRDA:139,14,1,0
BRDA:140,15,0,0
BRDA:140,15,1,0
BRDA:141,16,0,0
BRDA:141,16,1,0
BRDA:141,17,0,0
BRDA:141,17,1,0
BRDA:158,18,0,0
BRDA:158,18,1,0
BRDA:193,19,0,0
BRDA:193,19,1,0
BRF:39
BRH:0
end_of_record
TN:
SF:mfa.js
FN:6,generateMFASecret
FN:24,verifyTOTP
FN:34,generateBackupCodes
FN:45,formatBackupCode
FN:51,isValidBackupCodeFormat
FNF:5
FNH:4
FNDA:2,generateMFASecret
FNDA:0,verifyTOTP
FNDA:4,generateBackupCodes
FNDA:5,formatBackupCode
FNDA:11,isValidBackupCodeFormat
DA:7,2
DA:14,2
DA:16,2
DA:25,0
DA:35,4
DA:36,4
DA:38,35
DA:39,35
DA:41,4
DA:46,5
DA:47,2
DA:53,11
DA:55,6
DA:56,6
LF:14
LH:13
BRDA:6,0,0,1
BRDA:34,1,0,3
BRDA:46,2,0,3
BRDA:46,2,1,2
BRDA:53,3,0,5
BRDA:53,3,1,6
BRF:6
BRH:6
end_of_record
TN:
SF:oidc.js
FN:8,(anonymous_0)
FN:13,(anonymous_1)
FN:24,(anonymous_2)
FN:37,(anonymous_3)
FN:41,(anonymous_4)
FN:45,(anonymous_5)
FN:49,(anonymous_6)
FN:84,initializeOIDC
FN:135,getAuthorizationUrl
FN:154,(anonymous_9)
FN:175,handleCallback
FN:218,getUserInfo
FN:238,extractUserData
FN:294,extractRoles
FN:323,mapRole
FN:327,(anonymous_15)
FN:332,(anonymous_16)
FN:337,(anonymous_17)
FN:348,isOIDCEnabled
FNF:19
FNH:7
FNDA:16,(anonymous_0)
FNDA:17,(anonymous_1)
FNDA:4551,(anonymous_2)
FNDA:2,(anonymous_3)
FNDA:27,(anonymous_4)
FNDA:1014,(anonymous_5)
FNDA:1,(anonymous_6)
FNDA:0,initializeOIDC
FNDA:0,getAuthorizationUrl
FNDA:0,(anonymous_9)
FNDA:0,handleCallback
FNDA:0,getUserInfo
FNDA:0,extractUserData
FNDA:0,extractRoles
FNDA:0,mapRole
FNDA:0,(anonymous_15)
FNDA:0,(anonymous_16)
FNDA:0,(anonymous_17)
FNDA:0,isOIDCEnabled
DA:9,16
DA:10,16
DA:14,17
DA:15,2
DA:18,15
DA:19,15
DA:20,15
DA:21,15
DA:26,4551
DA:27,2
DA:30,4549
DA:31,2412
DA:32,2412
DA:34,4551
DA:38,2
DA:42,27
DA:46,1014
DA:50,1
DA:55,1
DA:72,1
DA:74,1
DA:76,1
DA:78,1
DA:79,1
DA:86,0
DA:87,0
DA:104,0
DA:105,0
DA:106,0
DA:107,0
DA:110,0
DA:111,0
DA:112,0
DA:113,0
DA:116,0
DA:117,0
DA:120,0
DA:121,0
DA:123,0
DA:124,0
DA:126,0
DA:127,0
DA:128,0
DA:136,0
DA:137,0
DA:140,0
DA:141,0
DA:144,0
DA:145,0
DA:146,0
DA:151,0
DA:154,0
DA:155,0
DA:156,0
DA:160,0
DA:162,0
DA:169,0
DA:176,0
DA:177,0
DA:180,0
DA:181,0
DA:182,0
DA:185,0
DA:186,0
DA:187,0
DA:189,0
DA:195,0
DA:196,0
DA:197,0
DA:198,0
DA:199,0
DA:202,0
DA:205,0
DA:206,0
DA:207,0
DA:208,0
DA:209,0
DA:211,0
DA:219,0
DA:220,0
DA:224,0
DA:225,0
DA:227,0
DA:228,0
DA:231,0
DA:232,0
DA:240,0
DA:242,0
DA:243,0
DA:247,0
DA:248,0
DA:249,0
DA:252,0
DA:253,0
DA:256,0
DA:257,0
DA:258,0
DA:261,0
DA:264,0
DA:265,0
DA:267,0
DA:268,0
DA:272,0
DA:273,0
DA:274,0
DA:275,0
DA:278,0
DA:295,0
DA:298,0
DA:299,0
DA:301,0
DA:302,0
DA:303,0
DA:305,0
DA:306,0
DA:311,0
DA:312,0
DA:313,0
DA:314,0
DA:317,0
DA:324,0
DA:327,0
DA:328,0
DA:332,0
DA:333,0
DA:337,0
DA:338,0
DA:342,0
DA:349,0
LF:129
LH:24
BRDA:8,0,0,1
BRDA:14,1,0,2
BRDA:14,1,1,15
BRDA:26,2,0,2
BRDA:26,2,1,4549
BRDA:30,3,0,2412
BRDA:30,3,1,2137
BRDA:84,4,0,0
BRDA:86,5,0,0
BRDA:86,5,1,0
BRDA:88,6,0,0
BRDA:88,6,1,0
BRDA:92,7,0,0
BRDA:92,7,1,0
BRDA:93,8,0,0
BRDA:93,8,1,0
BRDA:94,9,0,0
BRDA:94,9,1,0
BRDA:100,10,0,0
BRDA:100,10,1,0
BRDA:104,11,0,0
BRDA:104,11,1,0
BRDA:110,12,0,0
BRDA:110,12,1,0
BRDA:110,13,0,0
BRDA:110,13,1,0
BRDA:136,14,0,0
BRDA:136,14,1,0
BRDA:145,15,0,0
BRDA:145,15,1,0
BRDA:176,16,0,0
BRDA:176,16,1,0
BRDA:181,17,0,0
BRDA:181,17,1,0
BRDA:197,18,0,0
BRDA:197,18,1,0
BRDA:207,19,0,0
BRDA:207,19,1,0
BRDA:219,20,0,0
BRDA:219,20,1,0
BRDA:227,21,0,0
BRDA:227,21,1,0
BRDA:240,22,0,0
BRDA:240,22,1,0
BRDA:242,23,0,0
BRDA:242,23,1,0
BRDA:247,24,0,0
BRDA:247,24,1,0
BRDA:247,24,2,0
BRDA:248,25,0,0
BRDA:248,25,1,0
BRDA:248,25,2,0
BRDA:249,26,0,0
BRDA:249,26,1,0
BRDA:249,26,2,0
BRDA:261,27,0,0
BRDA:261,27,1,0
BRDA:261,27,2,0
BRDA:261,27,3,0
BRDA:261,27,4,0
BRDA:264,28,0,0
BRDA:264,28,1,0
BRDA:264,29,0,0
BRDA:264,29,1,0
BRDA:265,30,0,0
BRDA:265,30,1,0
BRDA:267,31,0,0
BRDA:267,31,1,0
BRDA:267,32,0,0
BRDA:267,32,1,0
BRDA:268,33,0,0
BRDA:268,33,1,0
BRDA:272,34,0,0
BRDA:272,34,1,0
BRDA:272,35,0,0
BRDA:272,35,1,0
BRDA:272,35,2,0
BRDA:274,36,0,0
BRDA:274,36,1,0
BRDA:275,37,0,0
BRDA:275,37,1,0
BRDA:302,38,0,0
BRDA:302,38,1,0
BRDA:302,39,0,0
BRDA:302,39,1,0
BRDA:311,40,0,0
BRDA:311,40,1,0
BRDA:313,41,0,0
BRDA:313,41,1,0
BRDA:327,42,0,0
BRDA:327,42,1,0
BRDA:327,43,0,0
BRDA:327,43,1,0
BRDA:332,44,0,0
BRDA:332,44,1,0
BRDA:332,45,0,0
BRDA:332,45,1,0
BRDA:337,46,0,0
BRDA:337,46,1,0
BRDA:337,47,0,0
BRDA:337,47,1,0
BRDA:349,48,0,0
BRDA:349,48,1,0
BRF:103
BRH:7
end_of_record
TN:
SF:server.js
FN:38,(anonymous_0)
FN:45,(anonymous_1)
FN:73,(anonymous_2)
FN:87,(anonymous_3)
FN:91,(anonymous_4)
FN:96,(anonymous_5)
FN:98,(anonymous_6)
FN:99,(anonymous_7)
FN:102,(anonymous_8)
FN:119,(anonymous_9)
FN:122,(anonymous_10)
FN:138,(anonymous_11)
FN:148,(anonymous_12)
FN:154,(anonymous_13)
FN:165,(anonymous_14)
FN:208,(anonymous_15)
FN:419,(anonymous_16)
FN:490,(anonymous_17)
FN:567,(anonymous_18)
FN:615,(anonymous_19)
FN:697,(anonymous_20)
FN:725,(anonymous_21)
FN:891,(anonymous_22)
FN:1007,(anonymous_23)
FN:1068,(anonymous_24)
FN:1082,(anonymous_25)
FN:1115,(anonymous_26)
FN:1168,(anonymous_27)
FN:1205,(anonymous_28)
FN:1274,(anonymous_29)
FN:1284,(anonymous_30)
FN:1293,(anonymous_31)
FN:1313,(anonymous_32)
FN:1331,(anonymous_33)
FN:1351,(anonymous_34)
FN:1390,(anonymous_35)
FN:1485,(anonymous_36)
FN:1513,(anonymous_37)
FN:1521,(anonymous_38)
FN:1550,(anonymous_39)
FN:1583,(anonymous_40)
FN:1693,(anonymous_41)
FN:1710,(anonymous_42)
FN:1721,(anonymous_43)
FN:1831,(anonymous_44)
FN:1895,(anonymous_45)
FN:1937,(anonymous_46)
FN:1956,(anonymous_47)
FN:2005,(anonymous_48)
FN:2015,(anonymous_49)
FN:2105,(anonymous_50)
FN:2126,(anonymous_51)
FN:2158,(anonymous_52)
FN:2220,(anonymous_53)
FN:2231,(anonymous_54)
FN:2240,(anonymous_55)
FN:2262,(anonymous_56)
FN:2268,(anonymous_57)
FN:2282,(anonymous_58)
FN:2289,(anonymous_59)
FN:2300,(anonymous_60)
FN:2330,(anonymous_61)
FN:2356,(anonymous_62)
FN:2446,(anonymous_63)
FN:2460,(anonymous_64)
FN:2471,(anonymous_65)
FN:2539,(anonymous_66)
FN:2592,(anonymous_67)
FN:2615,(anonymous_68)
FN:2646,(anonymous_69)
FN:2758,(anonymous_70)
FN:2776,(anonymous_71)
FN:2791,(anonymous_72)
FN:2805,(anonymous_73)
FN:2823,(anonymous_74)
FN:2848,(anonymous_75)
FN:2851,(anonymous_76)
FN:2936,(anonymous_77)
FN:3014,(anonymous_78)
FN:3038,(anonymous_79)
FN:3103,(anonymous_80)
FN:3113,(anonymous_81)
FN:3177,(anonymous_82)
FN:3197,(anonymous_83)
FN:3255,(anonymous_84)
FN:3306,(anonymous_85)
FN:3423,(anonymous_86)
FN:3481,(anonymous_87)
FN:3492,(anonymous_88)
FN:3496,(anonymous_89)
FN:3505,(anonymous_90)
FN:3565,(anonymous_91)
FN:3579,(anonymous_92)
FN:3619,(anonymous_93)
FN:3663,(anonymous_94)
FN:3688,(anonymous_95)
FN:3699,(anonymous_96)
FN:3705,(anonymous_97)
FN:3719,(anonymous_98)
FN:3762,(anonymous_99)
FN:3808,(anonymous_100)
FN:3846,(anonymous_101)
FN:3876,(anonymous_102)
FN:3895,(anonymous_103)
FN:3907,(anonymous_104)
FN:3918,(anonymous_105)
FN:3930,(anonymous_106)
FN:3941,(anonymous_107)
FN:3958,(anonymous_108)
FN:3966,(anonymous_109)
FN:3991,(anonymous_110)
FN:4003,(anonymous_111)
FN:4019,(anonymous_112)
FN:4023,(anonymous_113)
FN:4050,(anonymous_114)
FN:4060,(anonymous_115)
FN:4068,(anonymous_116)
FN:4069,(anonymous_117)
FN:4075,(anonymous_118)
FN:4083,(anonymous_119)
FN:4088,(anonymous_120)
FN:4089,(anonymous_121)
FN:4094,(anonymous_122)
FN:4103,(anonymous_123)
FN:4107,(anonymous_124)
FN:4112,(anonymous_125)
FN:4117,(anonymous_126)
FN:4124,(anonymous_127)
FN:4125,(anonymous_128)
FN:4146,(anonymous_129)
FN:4153,(anonymous_130)
FN:4157,(anonymous_131)
FN:4168,(anonymous_132)
FN:4174,(anonymous_133)
FN:4179,(anonymous_134)
FN:4180,(anonymous_135)
FN:4184,(anonymous_136)
FN:4189,(anonymous_137)
FN:4190,(anonymous_138)
FN:4195,(anonymous_139)
FN:4197,(anonymous_140)
FN:4218,(anonymous_141)
FN:4228,(anonymous_142)
FN:4232,(anonymous_143)
FN:4236,(anonymous_144)
FN:4243,(anonymous_145)
FN:4262,(anonymous_146)
FN:4283,(anonymous_147)
FN:4292,(anonymous_148)
FN:4293,(anonymous_149)
FN:4306,(anonymous_150)
FN:4307,(anonymous_151)
FN:4308,(anonymous_152)
FN:4309,(anonymous_153)
FN:4345,(anonymous_154)
FN:4364,(anonymous_155)
FN:4377,(anonymous_156)
FN:4385,(anonymous_157)
FN:4435,(anonymous_158)
FN:4440,(anonymous_159)
FN:4445,(anonymous_160)
FN:4446,(anonymous_161)
FN:4448,(anonymous_162)
FN:4449,(anonymous_163)
FN:4487,(anonymous_164)
FN:4537,(anonymous_165)
FN:4548,(anonymous_166)
FN:4562,(anonymous_167)
FN:4563,(anonymous_168)
FN:4564,(anonymous_169)
FN:4565,(anonymous_170)
FN:4566,(anonymous_171)
FN:4577,(anonymous_172)
FN:4610,(anonymous_173)
FN:4629,(anonymous_174)
FN:4687,(anonymous_175)
FN:4709,(anonymous_176)
FN:4737,(anonymous_177)
FN:4769,(anonymous_178)
FN:4800,(anonymous_179)
FN:4823,(anonymous_180)
FN:4840,(anonymous_181)
FN:4863,(anonymous_182)
FN:4923,(anonymous_183)
FN:4979,(anonymous_184)
FN:5012,(anonymous_185)
FN:5031,(anonymous_186)
FN:5037,(anonymous_187)
FNF:188
FNH:0
FNDA:0,(anonymous_0)
FNDA:0,(anonymous_1)
FNDA:0,(anonymous_2)
FNDA:0,(anonymous_3)
FNDA:0,(anonymous_4)
FNDA:0,(anonymous_5)
FNDA:0,(anonymous_6)
FNDA:0,(anonymous_7)
FNDA:0,(anonymous_8)
FNDA:0,(anonymous_9)
FNDA:0,(anonymous_10)
FNDA:0,(anonymous_11)
FNDA:0,(anonymous_12)
FNDA:0,(anonymous_13)
FNDA:0,(anonymous_14)
FNDA:0,(anonymous_15)
FNDA:0,(anonymous_16)
FNDA:0,(anonymous_17)
FNDA:0,(anonymous_18)
FNDA:0,(anonymous_19)
FNDA:0,(anonymous_20)
FNDA:0,(anonymous_21)
FNDA:0,(anonymous_22)
FNDA:0,(anonymous_23)
FNDA:0,(anonymous_24)
FNDA:0,(anonymous_25)
FNDA:0,(anonymous_26)
FNDA:0,(anonymous_27)
FNDA:0,(anonymous_28)
FNDA:0,(anonymous_29)
FNDA:0,(anonymous_30)
FNDA:0,(anonymous_31)
FNDA:0,(anonymous_32)
FNDA:0,(anonymous_33)
FNDA:0,(anonymous_34)
FNDA:0,(anonymous_35)
FNDA:0,(anonymous_36)
FNDA:0,(anonymous_37)
FNDA:0,(anonymous_38)
FNDA:0,(anonymous_39)
FNDA:0,(anonymous_40)
FNDA:0,(anonymous_41)
FNDA:0,(anonymous_42)
FNDA:0,(anonymous_43)
FNDA:0,(anonymous_44)
FNDA:0,(anonymous_45)
FNDA:0,(anonymous_46)
FNDA:0,(anonymous_47)
FNDA:0,(anonymous_48)
FNDA:0,(anonymous_49)
FNDA:0,(anonymous_50)
FNDA:0,(anonymous_51)
FNDA:0,(anonymous_52)
FNDA:0,(anonymous_53)
FNDA:0,(anonymous_54)
FNDA:0,(anonymous_55)
FNDA:0,(anonymous_56)
FNDA:0,(anonymous_57)
FNDA:0,(anonymous_58)
FNDA:0,(anonymous_59)
FNDA:0,(anonymous_60)
FNDA:0,(anonymous_61)
FNDA:0,(anonymous_62)
FNDA:0,(anonymous_63)
FNDA:0,(anonymous_64)
FNDA:0,(anonymous_65)
FNDA:0,(anonymous_66)
FNDA:0,(anonymous_67)
FNDA:0,(anonymous_68)
FNDA:0,(anonymous_69)
FNDA:0,(anonymous_70)
FNDA:0,(anonymous_71)
FNDA:0,(anonymous_72)
FNDA:0,(anonymous_73)
FNDA:0,(anonymous_74)
FNDA:0,(anonymous_75)
FNDA:0,(anonymous_76)
FNDA:0,(anonymous_77)
FNDA:0,(anonymous_78)
FNDA:0,(anonymous_79)
FNDA:0,(anonymous_80)
FNDA:0,(anonymous_81)
FNDA:0,(anonymous_82)
FNDA:0,(anonymous_83)
FNDA:0,(anonymous_84)
FNDA:0,(anonymous_85)
FNDA:0,(anonymous_86)
FNDA:0,(anonymous_87)
FNDA:0,(anonymous_88)
FNDA:0,(anonymous_89)
FNDA:0,(anonymous_90)
FNDA:0,(anonymous_91)
FNDA:0,(anonymous_92)
FNDA:0,(anonymous_93)
FNDA:0,(anonymous_94)
FNDA:0,(anonymous_95)
FNDA:0,(anonymous_96)
FNDA:0,(anonymous_97)
FNDA:0,(anonymous_98)
FNDA:0,(anonymous_99)
FNDA:0,(anonymous_100)
FNDA:0,(anonymous_101)
FNDA:0,(anonymous_102)
FNDA:0,(anonymous_103)
FNDA:0,(anonymous_104)
FNDA:0,(anonymous_105)
FNDA:0,(anonymous_106)
FNDA:0,(anonymous_107)
FNDA:0,(anonymous_108)
FNDA:0,(anonymous_109)
FNDA:0,(anonymous_110)
FNDA:0,(anonymous_111)
FNDA:0,(anonymous_112)
FNDA:0,(anonymous_113)
FNDA:0,(anonymous_114)
FNDA:0,(anonymous_115)
FNDA:0,(anonymous_116)
FNDA:0,(anonymous_117)
FNDA:0,(anonymous_118)
FNDA:0,(anonymous_119)
FNDA:0,(anonymous_120)
FNDA:0,(anonymous_121)
FNDA:0,(anonymous_122)
FNDA:0,(anonymous_123)
FNDA:0,(anonymous_124)
FNDA:0,(anonymous_125)
FNDA:0,(anonymous_126)
FNDA:0,(anonymous_127)
FNDA:0,(anonymous_128)
FNDA:0,(anonymous_129)
FNDA:0,(anonymous_130)
FNDA:0,(anonymous_131)
FNDA:0,(anonymous_132)
FNDA:0,(anonymous_133)
FNDA:0,(anonymous_134)
FNDA:0,(anonymous_135)
FNDA:0,(anonymous_136)
FNDA:0,(anonymous_137)
FNDA:0,(anonymous_138)
FNDA:0,(anonymous_139)
FNDA:0,(anonymous_140)
FNDA:0,(anonymous_141)
FNDA:0,(anonymous_142)
FNDA:0,(anonymous_143)
FNDA:0,(anonymous_144)
FNDA:0,(anonymous_145)
FNDA:0,(anonymous_146)
FNDA:0,(anonymous_147)
FNDA:0,(anonymous_148)
FNDA:0,(anonymous_149)
FNDA:0,(anonymous_150)
FNDA:0,(anonymous_151)
FNDA:0,(anonymous_152)
FNDA:0,(anonymous_153)
FNDA:0,(anonymous_154)
FNDA:0,(anonymous_155)
FNDA:0,(anonymous_156)
FNDA:0,(anonymous_157)
FNDA:0,(anonymous_158)
FNDA:0,(anonymous_159)
FNDA:0,(anonymous_160)
FNDA:0,(anonymous_161)
FNDA:0,(anonymous_162)
FNDA:0,(anonymous_163)
FNDA:0,(anonymous_164)
FNDA:0,(anonymous_165)
FNDA:0,(anonymous_166)
FNDA:0,(anonymous_167)
FNDA:0,(anonymous_168)
FNDA:0,(anonymous_169)
FNDA:0,(anonymous_170)
FNDA:0,(anonymous_171)
FNDA:0,(anonymous_172)
FNDA:0,(anonymous_173)
FNDA:0,(anonymous_174)
FNDA:0,(anonymous_175)
FNDA:0,(anonymous_176)
FNDA:0,(anonymous_177)
FNDA:0,(anonymous_178)
FNDA:0,(anonymous_179)
FNDA:0,(anonymous_180)
FNDA:0,(anonymous_181)
FNDA:0,(anonymous_182)
FNDA:0,(anonymous_183)
FNDA:0,(anonymous_184)
FNDA:0,(anonymous_185)
FNDA:0,(anonymous_186)
FNDA:0,(anonymous_187)
DA:23,0
DA:24,0
DA:25,0
DA:27,0
DA:28,0
DA:32,0
DA:38,0
DA:39,0
DA:40,0
DA:41,0
DA:45,0
DA:47,0
DA:48,0
DA:56,0
DA:57,0
DA:58,0
DA:59,0
DA:66,0
DA:70,0
DA:73,0
DA:74,0
DA:75,0
DA:78,0
DA:79,0
DA:80,0
DA:82,0
DA:83,0
DA:87,0
DA:88,0
DA:89,0
DA:91,0
DA:94,0
DA:96,0
DA:98,0
DA:99,0
DA:100,0
DA:102,0
DA:103,0
DA:106,0
DA:111,0
DA:112,0
DA:113,0
DA:115,0
DA:116,0
DA:117,0
DA:119,0
DA:122,0
DA:123,0
DA:124,0
DA:125,0
DA:126,0
DA:128,0
DA:131,0
DA:138,0
DA:139,0
DA:140,0
DA:141,0
DA:142,0
DA:148,0
DA:149,0
DA:154,0
DA:165,0
DA:166,0
DA:167,0
DA:170,0
DA:171,0
DA:175,0
DA:176,0
DA:180,0
DA:181,0
DA:184,0
DA:198,0
DA:200,0
DA:201,0
DA:208,0
DA:209,0
DA:210,0
DA:213,0
DA:214,0
DA:219,0
DA:220,0
DA:226,0
DA:228,0
DA:230,0
DA:231,0
DA:232,0
DA:234,0
DA:239,0
DA:240,0
DA:246,0
DA:247,0
DA:248,0
DA:252,0
DA:258,0
DA:259,0
DA:260,0
DA:262,0
DA:263,0
DA:264,0
DA:265,0
DA:269,0
DA:281,0
DA:284,0
DA:285,0
DA:286,0
DA:289,0
DA:303,0
DA:306,0
DA:324,0
DA:325,0
DA:332,0
DA:333,0
DA:336,0
DA:352,0
DA:357,0
DA:360,0
DA:361,0
DA:366,0
DA:367,0
DA:368,0
DA:369,0
DA:371,0
DA:372,0
DA:373,0
DA:379,0
DA:380,0
DA:381,0
DA:382,0
DA:384,0
DA:385,0
DA:386,0
DA:390,0
DA:395,0
DA:413,0
DA:414,0
DA:419,0
DA:420,0
DA:421,0
DA:424,0
DA:425,0
DA:431,0
DA:432,0
DA:433,0
DA:437,0
DA:438,0
DA:439,0
DA:443,0
DA:445,0
DA:448,0
DA:453,0
DA:461,0
DA:464,0
DA:466,0
DA:484,0
DA:485,0
DA:490,0
DA:491,0
DA:492,0
DA:494,0
DA:495,0
DA:499,0
DA:503,0
DA:504,0
DA:511,0
DA:514,0
DA:517,0
DA:520,0
DA:523,0
DA:524,0
DA:525,0
DA:526,0
DA:529,0
DA:530,0
DA:533,0
DA:536,0
DA:538,0
DA:539,0
DA:540,0
DA:547,0
DA:556,0
DA:561,0
DA:562,0
DA:567,0
DA:568,0
DA:569,0
DA:571,0
DA:572,0
DA:576,0
DA:578,0
DA:579,0
DA:586,0
DA:587,0
DA:594,0
DA:595,0
DA:597,0
DA:598,0
DA:604,0
DA:609,0
DA:610,0
DA:615,0
DA:616,0
DA:617,0
DA:619,0
DA:620,0
DA:624,0
DA:625,0
DA:629,0
DA:631,0
DA:632,0
DA:639,0
DA:640,0
DA:647,0
DA:648,0
DA:650,0
DA:651,0
DA:658,0
DA:660,0
DA:661,0
DA:665,0
DA:668,0
DA:671,0
DA:674,0
DA:677,0
DA:686,0
DA:691,0
DA:692,0
DA:697,0
DA:698,0
DA:699,0
DA:700,0
DA:701,0
DA:704,0
DA:719,0
DA:720,0
DA:725,0
DA:726,0
DA:727,0
DA:730,0
DA:731,0
DA:738,0
DA:740,0
DA:742,0
DA:743,0
DA:744,0
DA:746,0
DA:751,0
DA:752,0
DA:758,0
DA:761,0
DA:762,0
DA:763,0
DA:764,0
DA:765,0
DA:766,0
DA:768,0
DA:769,0
DA:770,0
DA:771,0
DA:773,0
DA:778,0
DA:781,0
DA:792,0
DA:795,0
DA:818,0
DA:821,0
DA:822,0
DA:823,0
DA:824,0
DA:830,0
DA:831,0
DA:834,0
DA:853,0
DA:859,0
DA:860,0
DA:861,0
DA:863,0
DA:868,0
DA:885,0
DA:886,0
DA:891,0
DA:892,0
DA:893,0
DA:896,0
DA:897,0
DA:903,0
DA:904,0
DA:905,0
DA:911,0
DA:912,0
DA:913,0
DA:917,0
DA:924,0
DA:927,0
DA:941,0
DA:942,0
DA:943,0
DA:949,0
DA:950,0
DA:953,0
DA:972,0
DA:977,0
DA:978,0
DA:980,0
DA:984,0
DA:1001,0
DA:1002,0
DA:1007,0
DA:1008,0
DA:1009,0
DA:1012,0
DA:1013,0
DA:1018,0
DA:1019,0
DA:1024,0
DA:1025,0
DA:1031,0
DA:1032,0
DA:1033,0
DA:1037,0
DA:1038,0
DA:1039,0
DA:1043,0
DA:1046,0
DA:1049,0
DA:1058,0
DA:1060,0
DA:1061,0
DA:1068,0
DA:1069,0
DA:1070,0
DA:1071,0
DA:1076,0
DA:1077,0
DA:1082,0
DA:1083,0
DA:1084,0
DA:1085,0
DA:1086,0
DA:1090,0
DA:1091,0
DA:1095,0
DA:1098,0
DA:1103,0
DA:1109,0
DA:1110,0
DA:1115,0
DA:1116,0
DA:1117,0
DA:1119,0
DA:1120,0
DA:1124,0
DA:1125,0
DA:1127,0
DA:1128,0
DA:1132,0
DA:1134,0
DA:1135,0
DA:1139,0
DA:1142,0
DA:1145,0
DA:1148,0
DA:1157,0
DA:1162,0
DA:1163,0
DA:1168,0
DA:1169,0
DA:1170,0
DA:1172,0
DA:1173,0
DA:1177,0
DA:1178,0
DA:1180,0
DA:1181,0
DA:1185,0
DA:1188,0
DA:1197,0
DA:1199,0
DA:1200,0
DA:1205,0
DA:1206,0
DA:1207,0
DA:1209,0
DA:1210,0
DA:1214,0
DA:1216,0
DA:1217,0
DA:1221,0
DA:1222,0
DA:1223,0
DA:1226,0
DA:1228,0
DA:1230,0
DA:1231,0
DA:1234,0
DA:1237,0
DA:1238,0
DA:1242,0
DA:1245,0
DA:1248,0
DA:1250,0
DA:1267,0
DA:1268,0
DA:1274,0
DA:1275,0
DA:1276,0
DA:1277,0
DA:1279,0
DA:1280,0
DA:1284,0
DA:1285,0
DA:1286,0
DA:1288,0
DA:1289,0
DA:1293,0
DA:1294,0
DA:1295,0
DA:1296,0
DA:1299,0
DA:1300,0
DA:1302,0
DA:1310,0
DA:1313,0
DA:1314,0
DA:1317,0
DA:1319,0
DA:1331,0
DA:1338,0
DA:1339,0
DA:1341,0
DA:1342,0
DA:1343,0
DA:1344,0
DA:1345,0
DA:1346,0
DA:1347,0
DA:1351,0
DA:1352,0
DA:1353,0
DA:1354,0
DA:1357,0
DA:1358,0
DA:1359,0
DA:1361,0
DA:1362,0
DA:1368,0
DA:1369,0
DA:1372,0
DA:1379,0
DA:1384,0
DA:1385,0
DA:1388,0
DA:1390,0
DA:1391,0
DA:1393,0
DA:1394,0
DA:1395,0
DA:1397,0
DA:1398,0
DA:1402,0
DA:1403,0
DA:1404,0
DA:1406,0
DA:1407,0
DA:1412,0
DA:1416,0
DA:1420,0
DA:1424,0
DA:1426,0
DA:1436,0
DA:1437,0
DA:1439,0
DA:1440,0
DA:1447,0
DA:1448,0
DA:1453,0
DA:1458,0
DA:1467,0
DA:1469,0
DA:1470,0
DA:1472,0
DA:1478,0
DA:1480,0
DA:1481,0
DA:1485,0
DA:1486,0
DA:1487,0
DA:1488,0
DA:1491,0
DA:1492,0
DA:1495,0
DA:1496,0
DA:1498,0
DA:1500,0
DA:1501,0
DA:1502,0
DA:1505,0
DA:1506,0
DA:1508,0
DA:1509,0
DA:1513,0
DA:1514,0
DA:1517,0
DA:1519,0
DA:1520,0
DA:1521,0
DA:1532,0
DA:1533,0
DA:1534,0
DA:1535,0
DA:1536,0
DA:1537,0
DA:1539,0
DA:1544,0
DA:1550,0
DA:1556,0
DA:1560,0
DA:1569,0
DA:1570,0
DA:1576,0
DA:1578,0
DA:1579,0
DA:1583,0
DA:1584,0
DA:1585,0
DA:1586,0
DA:1589,0
DA:1590,0
DA:1592,0
DA:1593,0
DA:1597,0
DA:1598,0
DA:1599,0
DA:1600,0
DA:1601,0
DA:1603,0
DA:1606,0
DA:1610,0
DA:1611,0
DA:1612,0
DA:1616,0
DA:1617,0
DA:1621,0
DA:1625,0
DA:1626,0
DA:1630,0
DA:1631,0
DA:1636,0
DA:1638,0
DA:1639,0
DA:1642,0
DA:1644,0
DA:1645,0
DA:1646,0
DA:1647,0
DA:1652,0
DA:1653,0
DA:1657,0
DA:1672,0
DA:1673,0
DA:1677,0
DA:1678,0
DA:1681,0
DA:1682,0
DA:1684,0
DA:1686,0
DA:1688,0
DA:1689,0
DA:1693,0
DA:1694,0
DA:1695,0
DA:1697,0
DA:1698,0
DA:1701,0
DA:1702,0
DA:1704,0
DA:1705,0
DA:1710,0
DA:1711,0
DA:1712,0
DA:1713,0
DA:1715,0
DA:1716,0
DA:1721,0
DA:1722,0
DA:1723,0
DA:1724,0
DA:1726,0
DA:1727,0
DA:1728,0
DA:1731,0
DA:1732,0
DA:1735,0
DA:1736,0
DA:1739,0
DA:1740,0
DA:1741,0
DA:1742,0
DA:1743,0
DA:1744,0
DA:1746,0
DA:1747,0
DA:1748,0
DA:1749,0
DA:1751,0
DA:1755,0
DA:1757,0
DA:1767,0
DA:1769,0
DA:1793,0
DA:1797,0
DA:1798,0
DA:1799,0
DA:1800,0
DA:1806,0
DA:1810,0
DA:1825,0
DA:1826,0
DA:1831,0
DA:1832,0
DA:1833,0
DA:1834,0
DA:1837,0
DA:1838,0
DA:1843,0
DA:1844,0
DA:1845,0
DA:1849,0
DA:1850,0
DA:1855,0
DA:1856,0
DA:1857,0
DA:1860,0
DA:1873,0
DA:1889,0
DA:1890,0
DA:1895,0
DA:1896,0
DA:1897,0
DA:1900,0
DA:1901,0
DA:1906,0
DA:1907,0
DA:1908,0
DA:1912,0
DA:1926,0
DA:1927,0
DA:1929,0
DA:1930,0
DA:1937,0
DA:1938,0
DA:1939,0
DA:1941,0
DA:1942,0
DA:1950,0
DA:1951,0
DA:1956,0
DA:1957,0
DA:1958,0
DA:1961,0
DA:1962,0
DA:1963,0
DA:1970,0
DA:1971,0
DA:1972,0
DA:1975,0
DA:1976,0
DA:1977,0
DA:1980,0
DA:1983,0
DA:1984,0
DA:1988,0
DA:1997,0
DA:1999,0
DA:2000,0
DA:2005,0
DA:2006,0
DA:2007,0
DA:2008,0
DA:2010,0
DA:2011,0
DA:2015,0
DA:2016,0
DA:2029,0
DA:2031,0
DA:2046,0
DA:2047,0
DA:2048,0
DA:2052,0
DA:2053,0
DA:2054,0
DA:2058,0
DA:2059,0
DA:2060,0
DA:2063,0
DA:2077,0
DA:2080,0
DA:2081,0
DA:2082,0
DA:2083,0
DA:2084,0
DA:2085,0
DA:2086,0
DA:2087,0
DA:2089,0
DA:2098,0
DA:2100,0
DA:2101,0
DA:2105,0
DA:2106,0
DA:2107,0
DA:2109,0
DA:2118,0
DA:2120,0
DA:2121,0
DA:2126,0
DA:2127,0
DA:2128,0
DA:2129,0
DA:2136,0
DA:2141,0
DA:2151,0
DA:2153,0
DA:2154,0
DA:2158,0
DA:2159,0
DA:2160,0
DA:2167,0
DA:2168,0
DA:2173,0
DA:2176,0
DA:2177,0
DA:2183,0
DA:2184,0
DA:2186,0
DA:2192,0
DA:2200,0
DA:2209,0
DA:2214,0
DA:2215,0
DA:2220,0
DA:2221,0
DA:2222,0
DA:2231,0
DA:2232,0
DA:2233,0
DA:2235,0
DA:2236,0
DA:2240,0
DA:2241,0
DA:2242,0
DA:2244,0
DA:2245,0
DA:2248,0
DA:2249,0
DA:2251,0
DA:2257,0
DA:2258,0
DA:2262,0
DA:2263,0
DA:2264,0
DA:2267,0
DA:2268,0
DA:2269,0
DA:2272,0
DA:2273,0
DA:2274,0
DA:2279,0
DA:2280,0
DA:2282,0
DA:2289,0
DA:2290,0
DA:2291,0
DA:2292,0
DA:2294,0
DA:2295,0
DA:2300,0
DA:2301,0
DA:2302,0
DA:2304,0
DA:2312,0
DA:2321,0
DA:2322,0
DA:2324,0
DA:2325,0
DA:2330,0
DA:2331,0
DA:2332,0
DA:2334,0
DA:2335,0
DA:2338,0
DA:2340,0
DA:2341,0
DA:2343,0
DA:2346,0
DA:2347,0
DA:2352,0
DA:2353,0
DA:2356,0
DA:2357,0
DA:2359,0
DA:2360,0
DA:2361,0
DA:2362,0
DA:2367,0
DA:2369,0
DA:2370,0
DA:2373,0
DA:2376,0
DA:2378,0
DA:2380,0
DA:2387,0
DA:2390,0
DA:2401,0
DA:2407,0
DA:2416,0
DA:2421,0
DA:2424,0
DA:2435,0
DA:2437,0
DA:2440,0
DA:2441,0
DA:2446,0
DA:2447,0
DA:2448,0
DA:2449,0
DA:2450,0
DA:2452,0
DA:2453,0
DA:2460,0
DA:2461,0
DA:2462,0
DA:2463,0
DA:2465,0
DA:2466,0
DA:2471,0
DA:2472,0
DA:2485,0
DA:2488,0
DA:2502,0
DA:2503,0
DA:2504,0
DA:2505,0
DA:2507,0
DA:2508,0
DA:2512,0
DA:2514,0
DA:2517,0
DA:2520,0
DA:2530,0
DA:2531,0
DA:2533,0
DA:2534,0
DA:2539,0
DA:2540,0
DA:2541,0
DA:2544,0
DA:2545,0
DA:2546,0
DA:2552,0
DA:2554,0
DA:2556,0
DA:2565,0
DA:2571,0
DA:2578,0
DA:2579,0
DA:2589,0
DA:2592,0
DA:2593,0
DA:2594,0
DA:2595,0
DA:2596,0
DA:2597,0
DA:2598,0
DA:2605,0
DA:2615,0
DA:2616,0
DA:2617,0
DA:2618,0
DA:2622,0
DA:2625,0
DA:2631,0
DA:2632,0
DA:2633,0
DA:2637,0
DA:2638,0
DA:2640,0
DA:2641,0
DA:2646,0
DA:2647,0
DA:2648,0
DA:2649,0
DA:2652,0
DA:2655,0
DA:2656,0
DA:2657,0
DA:2664,0
DA:2665,0
DA:2669,0
DA:2671,0
DA:2672,0
DA:2676,0
DA:2679,0
DA:2680,0
DA:2683,0
DA:2686,0
DA:2689,0
DA:2691,0
DA:2693,0
DA:2695,0
DA:2697,0
DA:2698,0
DA:2701,0
DA:2702,0
DA:2714,0
DA:2717,0
DA:2729,0
DA:2732,0
DA:2734,0
DA:2752,0
DA:2753,0
DA:2758,0
DA:2759,0
DA:2760,0
DA:2761,0
DA:2762,0
DA:2764,0
DA:2770,0
DA:2771,0
DA:2776,0
DA:2777,0
DA:2778,0
DA:2781,0
DA:2783,0
DA:2785,0
DA:2786,0
DA:2791,0
DA:2792,0
DA:2793,0
DA:2794,0
DA:2795,0
DA:2797,0
DA:2799,0
DA:2800,0
DA:2805,0
DA:2806,0
DA:2807,0
DA:2814,0
DA:2815,0
DA:2817,0
DA:2818,0
DA:2823,0
DA:2824,0
DA:2825,0
DA:2828,0
DA:2829,0
DA:2830,0
DA:2839,0
DA:2840,0
DA:2842,0
DA:2843,0
DA:2845,0
DA:2846,0
DA:2847,0
DA:2848,0
DA:2851,0
DA:2852,0
DA:2853,0
DA:2854,0
DA:2857,0
DA:2858,0
DA:2859,0
DA:2860,0
DA:2863,0
DA:2864,0
DA:2865,0
DA:2866,0
DA:2869,0
DA:2886,0
DA:2887,0
DA:2889,0
DA:2891,0
DA:2909,0
DA:2911,0
DA:2912,0
DA:2913,0
DA:2914,0
DA:2916,0
DA:2921,0
DA:2928,0
DA:2929,0
DA:2931,0
DA:2936,0
DA:2937,0
DA:2950,0
DA:2953,0
DA:2954,0
DA:2961,0
DA:2962,0
DA:2967,0
DA:2968,0
DA:2971,0
DA:2972,0
DA:2992,0
DA:2997,0
DA:2999,0
DA:3000,0
DA:3005,0
DA:3014,0
DA:3015,0
DA:3016,0
DA:3018,0
DA:3019,0
DA:3022,0
DA:3023,0
DA:3026,0
DA:3027,0
DA:3028,0
DA:3034,0
DA:3037,0
DA:3038,0
DA:3040,0
DA:3041,0
DA:3044,0
DA:3045,0
DA:3046,0
DA:3047,0
DA:3048,0
DA:3052,0
DA:3053,0
DA:3054,0
DA:3057,0
DA:3058,0
DA:3059,0
DA:3067,0
DA:3068,0
DA:3072,0
DA:3073,0
DA:3074,0
DA:3075,0
DA:3091,0
DA:3097,0
DA:3098,0
DA:3103,0
DA:3104,0
DA:3105,0
DA:3107,0
DA:3108,0
DA:3112,0
DA:3113,0
DA:3115,0
DA:3116,0
DA:3119,0
DA:3120,0
DA:3121,0
DA:3122,0
DA:3123,0
DA:3126,0
DA:3127,0
DA:3128,0
DA:3131,0
DA:3138,0
DA:3161,0
DA:3162,0
DA:3165,0
DA:3171,0
DA:3172,0
DA:3177,0
DA:3178,0
DA:3179,0
DA:3181,0
DA:3182,0
DA:3185,0
DA:3186,0
DA:3190,0
DA:3191,0
DA:3192,0
DA:3196,0
DA:3197,0
DA:3199,0
DA:3200,0
DA:3203,0
DA:3204,0
DA:3205,0
DA:3206,0
DA:3207,0
DA:3210,0
DA:3211,0
DA:3212,0
DA:3215,0
DA:3222,0
DA:3239,0
DA:3240,0
DA:3243,0
DA:3249,0
DA:3250,0
DA:3255,0
DA:3256,0
DA:3257,0
DA:3259,0
DA:3260,0
DA:3263,0
DA:3264,0
DA:3265,0
DA:3271,0
DA:3272,0
DA:3273,0
DA:3276,0
DA:3277,0
DA:3278,0
DA:3281,0
DA:3282,0
DA:3295,0
DA:3300,0
DA:3301,0
DA:3306,0
DA:3307,0
DA:3308,0
DA:3309,0
DA:3310,0
DA:3313,0
DA:3317,0
DA:3319,0
DA:3321,0
DA:3322,0
DA:3340,0
DA:3343,0
DA:3344,0
DA:3345,0
DA:3346,0
DA:3349,0
DA:3350,0
DA:3357,0
DA:3358,0
DA:3364,0
DA:3366,0
DA:3368,0
DA:3369,0
DA:3374,0
DA:3375,0
DA:3381,0
DA:3382,0
DA:3388,0
DA:3389,0
DA:3392,0
DA:3393,0
DA:3405,0
DA:3410,0
DA:3412,0
DA:3413,0
DA:3418,0
DA:3423,0
DA:3424,0
DA:3425,0
DA:3426,0
DA:3427,0
DA:3430,0
DA:3433,0
DA:3434,0
DA:3438,0
DA:3439,0
DA:3442,0
DA:3462,0
DA:3464,0
DA:3473,0
DA:3474,0
DA:3481,0
DA:3482,0
DA:3483,0
DA:3484,0
DA:3486,0
DA:3487,0
DA:3492,0
DA:3493,0
DA:3494,0
DA:3496,0
DA:3497,0
DA:3499,0
DA:3500,0
DA:3505,0
DA:3506,0
DA:3507,0
DA:3510,0
DA:3511,0
DA:3512,0
DA:3513,0
DA:3515,0
DA:3516,0
DA:3517,0
DA:3518,0
DA:3520,0
DA:3521,0
DA:3522,0
DA:3525,0
DA:3526,0
DA:3527,0
DA:3528,0
DA:3529,0
DA:3532,0
DA:3533,0
DA:3535,0
DA:3544,0
DA:3546,0
DA:3550,0
DA:3557,0
DA:3558,0
DA:3560,0
DA:3565,0
DA:3566,0
DA:3567,0
DA:3568,0
DA:3569,0
DA:3571,0
DA:3573,0
DA:3574,0
DA:3579,0
DA:3580,0
DA:3581,0
DA:3584,0
DA:3585,0
DA:3591,0
DA:3592,0
DA:3593,0
DA:3598,0
DA:3599,0
DA:3601,0
DA:3606,0
DA:3608,0
DA:3609,0
DA:3614,0
DA:3619,0
DA:3620,0
DA:3621,0
DA:3622,0
DA:3623,0
DA:3626,0
DA:3628,0
DA:3629,0
DA:3635,0
DA:3636,0
DA:3637,0
DA:3642,0
DA:3643,0
DA:3645,0
DA:3650,0
DA:3652,0
DA:3653,0
DA:3658,0
DA:3663,0
DA:3664,0
DA:3665,0
DA:3666,0
DA:3667,0
DA:3671,0
DA:3672,0
DA:3677,0
DA:3678,0
DA:3680,0
DA:3681,0
DA:3688,0
DA:3689,0
DA:3690,0
DA:3691,0
DA:3693,0
DA:3694,0
DA:3699,0
DA:3700,0
DA:3701,0
DA:3704,0
DA:3706,0
DA:3707,0
DA:3711,0
DA:3713,0
DA:3714,0
DA:3719,0
DA:3720,0
DA:3721,0
DA:3724,0
DA:3725,0
DA:3729,0
DA:3730,0
DA:3731,0
DA:3734,0
DA:3742,0
DA:3745,0
DA:3754,0
DA:3756,0
DA:3757,0
DA:3762,0
DA:3763,0
DA:3764,0
DA:3765,0
DA:3767,0
DA:3768,0
DA:3769,0
DA:3773,0
DA:3774,0
DA:3775,0
DA:3776,0
DA:3780,0
DA:3781,0
DA:3782,0
DA:3783,0
DA:3784,0
DA:3785,0
DA:3787,0
DA:3788,0
DA:3791,0
DA:3800,0
DA:3802,0
DA:3803,0
DA:3808,0
DA:3809,0
DA:3810,0
DA:3812,0
DA:3813,0
DA:3814,0
DA:3818,0
DA:3819,0
DA:3820,0
DA:3826,0
DA:3829,0
DA:3838,0
DA:3840,0
DA:3841,0
DA:3846,0
DA:3847,0
DA:3848,0
DA:3850,0
DA:3851,0
DA:3854,0
DA:3857,0
DA:3866,0
DA:3868,0
DA:3869,0
DA:3876,0
DA:3877,0
DA:3878,0
DA:3880,0
DA:3890,0
DA:3893,0
DA:3895,0
DA:3899,0
DA:3901,0
DA:3902,0
DA:3907,0
DA:3908,0
DA:3909,0
DA:3910,0
DA:3912,0
DA:3913,0
DA:3918,0
DA:3919,0
DA:3920,0
DA:3921,0
DA:3922,0
DA:3924,0
DA:3925,0
DA:3930,0
DA:3931,0
DA:3932,0
DA:3933,0
DA:3935,0
DA:3936,0
DA:3941,0
DA:3942,0
DA:3943,0
DA:3945,0
DA:3953,0
DA:3956,0
DA:3958,0
DA:3963,0
DA:3964,0
DA:3966,0
DA:3967,0
DA:3976,0
DA:3979,0
DA:3981,0
DA:3982,0
DA:3983,0
DA:3985,0
DA:3986,0
DA:3991,0
DA:3992,0
DA:3993,0
DA:3994,0
DA:3998,0
DA:4000,0
DA:4003,0
DA:4004,0
DA:4008,0
DA:4017,0
DA:4018,0
DA:4019,0
DA:4020,0
DA:4023,0
DA:4025,0
DA:4028,0
DA:4031,0
DA:4034,0
DA:4037,0
DA:4038,0
DA:4039,0
DA:4042,0
DA:4044,0
DA:4045,0
DA:4050,0
DA:4051,0
DA:4052,0
DA:4053,0
DA:4057,0
DA:4058,0
DA:4060,0
DA:4064,0
DA:4065,0
DA:4066,0
DA:4068,0
DA:4069,0
DA:4071,0
DA:4074,0
DA:4075,0
DA:4076,0
DA:4077,0
DA:4082,0
DA:4083,0
DA:4084,0
DA:4085,0
DA:4087,0
DA:4088,0
DA:4089,0
DA:4093,0
DA:4094,0
DA:4095,0
DA:4098,0
DA:4099,0
DA:4100,0
DA:4102,0
DA:4104,0
DA:4105,0
DA:4107,0
DA:4110,0
DA:4111,0
DA:4112,0
DA:4113,0
DA:4116,0
DA:4117,0
DA:4118,0
DA:4119,0
DA:4120,0
DA:4124,0
DA:4125,0
DA:4126,0
DA:4130,0
DA:4140,0
DA:4141,0
DA:4146,0
DA:4147,0
DA:4148,0
DA:4149,0
DA:4152,0
DA:4153,0
DA:4156,0
DA:4157,0
DA:4158,0
DA:4159,0
DA:4160,0
DA:4162,0
DA:4163,0
DA:4164,0
DA:4168,0
DA:4169,0
DA:4173,0
DA:4174,0
DA:4175,0
DA:4176,0
DA:4178,0
DA:4179,0
DA:4180,0
DA:4183,0
DA:4184,0
DA:4185,0
DA:4186,0
DA:4188,0
DA:4189,0
DA:4190,0
DA:4194,0
DA:4195,0
DA:4197,0
DA:4205,0
DA:4212,0
DA:4213,0
DA:4218,0
DA:4219,0
DA:4220,0
DA:4221,0
DA:4225,0
DA:4226,0
DA:4228,0
DA:4232,0
DA:4235,0
DA:4236,0
DA:4239,0
DA:4240,0
DA:4241,0
DA:4242,0
DA:4243,0
DA:4244,0
DA:4245,0
DA:4252,0
DA:4257,0
DA:4258,0
DA:4259,0
DA:4260,0
DA:4261,0
DA:4262,0
DA:4263,0
DA:4264,0
DA:4265,0
DA:4267,0
DA:4269,0
DA:4274,0
DA:4275,0
DA:4276,0
DA:4278,0
DA:4279,0
DA:4280,0
DA:4281,0
DA:4282,0
DA:4283,0
DA:4285,0
DA:4291,0
DA:4292,0
DA:4293,0
DA:4295,0
DA:4296,0
DA:4298,0
DA:4299,0
DA:4301,0
DA:4302,0
DA:4306,0
DA:4307,0
DA:4308,0
DA:4309,0
DA:4311,0
DA:4345,0
DA:4346,0
DA:4348,0
DA:4358,0
DA:4359,0
DA:4364,0
DA:4365,0
DA:4366,0
DA:4367,0
DA:4368,0
DA:4370,0
DA:4374,0
DA:4375,0
DA:4377,0
DA:4381,0
DA:4382,0
DA:4385,0
DA:4386,0
DA:4389,0
DA:4390,0
DA:4392,0
DA:4393,0
DA:4394,0
DA:4396,0
DA:4397,0
DA:4398,0
DA:4401,0
DA:4403,0
DA:4406,0
DA:4410,0
DA:4411,0
DA:4412,0
DA:4413,0
DA:4414,0
DA:4416,0
DA:4419,0
DA:4420,0
DA:4421,0
DA:4422,0
DA:4427,0
DA:4431,0
DA:4432,0
DA:4433,0
DA:4435,0
DA:4436,0
DA:4437,0
DA:4440,0
DA:4441,0
DA:4442,0
DA:4445,0
DA:4446,0
DA:4448,0
DA:4449,0
DA:4451,0
DA:4457,0
DA:4463,0
DA:4469,0
DA:4479,0
DA:4480,0
DA:4487,0
DA:4488,0
DA:4489,0
DA:4491,0
DA:4492,0
DA:4496,0
DA:4497,0
DA:4501,0
DA:4502,0
DA:4505,0
DA:4518,0
DA:4520,0
DA:4529,0
DA:4531,0
DA:4532,0
DA:4537,0
DA:4538,0
DA:4539,0
DA:4540,0
DA:4542,0
DA:4543,0
DA:4548,0
DA:4549,0
DA:4550,0
DA:4552,0
DA:4553,0
DA:4557,0
DA:4560,0
DA:4562,0
DA:4563,0
DA:4564,0
DA:4565,0
DA:4566,0
DA:4569,0
DA:4571,0
DA:4572,0
DA:4577,0
DA:4578,0
DA:4579,0
DA:4581,0
DA:4582,0
DA:4583,0
DA:4584,0
DA:4585,0
DA:4586,0
DA:4587,0
DA:4588,0
DA:4590,0
DA:4592,0
DA:4593,0
DA:4602,0
DA:4604,0
DA:4605,0
DA:4610,0
DA:4611,0
DA:4612,0
DA:4614,0
DA:4615,0
DA:4618,0
DA:4619,0
DA:4623,0
DA:4626,0
DA:4627,0
DA:4628,0
DA:4629,0
DA:4631,0
DA:4632,0
DA:4637,0
DA:4638,0
DA:4640,0
DA:4642,0
DA:4647,0
DA:4650,0
DA:4651,0
DA:4652,0
DA:4654,0
DA:4655,0
DA:4656,0
DA:4659,0
DA:4665,0
DA:4670,0
DA:4679,0
DA:4681,0
DA:4682,0
DA:4687,0
DA:4688,0
DA:4689,0
DA:4690,0
DA:4692,0
DA:4701,0
DA:4703,0
DA:4704,0
DA:4709,0
DA:4710,0
DA:4711,0
DA:4713,0
DA:4714,0
DA:4718,0
DA:4720,0
DA:4729,0
DA:4731,0
DA:4732,0
DA:4737,0
DA:4738,0
DA:4739,0
DA:4741,0
DA:4742,0
DA:4746,0
DA:4747,0
DA:4749,0
DA:4750,0
DA:4751,0
DA:4752,0
DA:4761,0
DA:4763,0
DA:4764,0
DA:4769,0
DA:4770,0
DA:4771,0
DA:4773,0
DA:4774,0
DA:4777,0
DA:4780,0
DA:4782,0
DA:4783,0
DA:4784,0
DA:4785,0
DA:4786,0
DA:4790,0
DA:4791,0
DA:4792,0
DA:4794,0
DA:4795,0
DA:4800,0
DA:4801,0
DA:4802,0
DA:4803,0
DA:4805,0
DA:4806,0
DA:4807,0
DA:4808,0
DA:4815,0
DA:4817,0
DA:4818,0
DA:4823,0
DA:4824,0
DA:4825,0
DA:4827,0
DA:4828,0
DA:4832,0
DA:4833,0
DA:4836,0
DA:4839,0
DA:4840,0
DA:4843,0
DA:4846,0
DA:4848,0
DA:4857,0
DA:4858,0
DA:4863,0
DA:4864,0
DA:4865,0
DA:4867,0
DA:4868,0
DA:4872,0
DA:4873,0
DA:4876,0
DA:4877,0
DA:4879,0
DA:4880,0
DA:4884,0
DA:4894,0
DA:4895,0
DA:4902,0
DA:4903,0
DA:4905,0
DA:4915,0
DA:4917,0
DA:4918,0
DA:4923,0
DA:4924,0
DA:4925,0
DA:4927,0
DA:4928,0
DA:4932,0
DA:4933,0
DA:4936,0
DA:4938,0
DA:4939,0
DA:4943,0
DA:4955,0
DA:4956,0
DA:4962,0
DA:4971,0
DA:4973,0
DA:4974,0
DA:4979,0
DA:4980,0
DA:4981,0
DA:4983,0
DA:4984,0
DA:4988,0
DA:4989,0
DA:4993,0
DA:4998,0
DA:5000,0
DA:5010,0
DA:5011,0
DA:5012,0
DA:5014,0
DA:5015,0
DA:5016,0
DA:5017,0
DA:5020,0
DA:5023,0
DA:5025,0
DA:5026,0
DA:5031,0
DA:5032,0
DA:5033,0
DA:5034,0
DA:5035,0
DA:5037,0
DA:5038,0
DA:5039,0
DA:5042,0
DA:5043,0
DA:5047,0
LF:1830
LH:0
BRDA:24,0,0,0
BRDA:24,0,1,0
BRDA:27,1,0,0
BRDA:27,1,1,0
BRDA:33,2,0,0
BRDA:33,2,1,0
BRDA:34,3,0,0
BRDA:34,3,1,0
BRDA:35,4,0,0
BRDA:35,4,1,0
BRDA:38,5,0,0
BRDA:39,6,0,0
BRDA:39,6,1,0
BRDA:39,7,0,0
BRDA:39,7,1,0
BRDA:47,8,0,0
BRDA:47,8,1,0
BRDA:47,9,0,0
BRDA:47,9,1,0
BRDA:47,9,2,0
BRDA:49,10,0,0
BRDA:49,10,1,0
BRDA:50,11,0,0
BRDA:50,11,1,0
BRDA:51,12,0,0
BRDA:51,12,1,0
BRDA:58,13,0,0
BRDA:58,13,1,0
BRDA:60,14,0,0
BRDA:60,14,1,0
BRDA:61,15,0,0
BRDA:61,15,1,0
BRDA:62,16,0,0
BRDA:62,16,1,0
BRDA:74,17,0,0
BRDA:74,17,1,0
BRDA:94,18,0,0
BRDA:94,18,1,0
BRDA:103,19,0,0
BRDA:103,19,1,0
BRDA:119,20,0,0
BRDA:119,20,1,0
BRDA:119,20,2,0
BRDA:125,21,0,0
BRDA:125,21,1,0
BRDA:125,22,0,0
BRDA:125,22,1,0
BRDA:141,23,0,0
BRDA:141,23,1,0
BRDA:156,24,0,0
BRDA:156,24,1,0
BRDA:170,25,0,0
BRDA:170,25,1,0
BRDA:175,26,0,0
BRDA:175,26,1,0
BRDA:175,27,0,0
BRDA:175,27,1,0
BRDA:213,28,0,0
BRDA:213,28,1,0
BRDA:213,29,0,0
BRDA:213,29,1,0
BRDA:219,30,0,0
BRDA:219,30,1,0
BRDA:219,31,0,0
BRDA:219,31,1,0
BRDA:219,31,2,0
BRDA:226,32,0,0
BRDA:226,32,1,0
BRDA:226,33,0,0
BRDA:226,33,1,0
BRDA:228,34,0,0
BRDA:228,34,1,0
BRDA:231,35,0,0
BRDA:231,35,1,0
BRDA:232,36,0,0
BRDA:232,36,1,0
BRDA:239,37,0,0
BRDA:239,37,1,0
BRDA:247,38,0,0
BRDA:247,38,1,0
BRDA:260,39,0,0
BRDA:260,39,1,0
BRDA:263,40,0,0
BRDA:263,40,1,0
BRDA:263,41,0,0
BRDA:263,41,1,0
BRDA:265,42,0,0
BRDA:265,42,1,0
BRDA:272,43,0,0
BRDA:272,43,1,0
BRDA:273,44,0,0
BRDA:273,44,1,0
BRDA:274,45,0,0
BRDA:274,45,1,0
BRDA:285,46,0,0
BRDA:285,46,1,0
BRDA:285,47,0,0
BRDA:285,47,1,0
BRDA:332,48,0,0
BRDA:332,48,1,0
BRDA:360,49,0,0
BRDA:360,49,1,0
BRDA:367,50,0,0
BRDA:367,50,1,0
BRDA:367,51,0,0
BRDA:367,51,1,0
BRDA:369,52,0,0
BRDA:369,52,1,0
BRDA:380,53,0,0
BRDA:380,53,1,0
BRDA:380,54,0,0
BRDA:380,54,1,0
BRDA:382,55,0,0
BRDA:382,55,1,0
BRDA:424,56,0,0
BRDA:424,56,1,0
BRDA:424,57,0,0
BRDA:424,57,1,0
BRDA:432,58,0,0
BRDA:432,58,1,0
BRDA:438,59,0,0
BRDA:438,59,1,0
BRDA:443,60,0,0
BRDA:443,60,1,0
BRDA:494,61,0,0
BRDA:494,61,1,0
BRDA:503,62,0,0
BRDA:503,62,1,0
BRDA:524,63,0,0
BRDA:524,63,1,0
BRDA:529,64,0,0
BRDA:529,64,1,0
BRDA:529,65,0,0
BRDA:529,65,1,0
BRDA:538,66,0,0
BRDA:538,66,1,0
BRDA:571,67,0,0
BRDA:571,67,1,0
BRDA:578,68,0,0
BRDA:578,68,1,0
BRDA:586,69,0,0
BRDA:586,69,1,0
BRDA:597,70,0,0
BRDA:597,70,1,0
BRDA:619,71,0,0
BRDA:619,71,1,0
BRDA:619,72,0,0
BRDA:619,72,1,0
BRDA:624,73,0,0
BRDA:624,73,1,0
BRDA:631,74,0,0
BRDA:631,74,1,0
BRDA:639,75,0,0
BRDA:639,75,1,0
BRDA:650,76,0,0
BRDA:650,76,1,0
BRDA:660,77,0,0
BRDA:660,77,1,0
BRDA:700,78,0,0
BRDA:700,78,1,0
BRDA:730,79,0,0
BRDA:730,79,1,0
BRDA:730,80,0,0
BRDA:730,80,1,0
BRDA:738,81,0,0
BRDA:738,81,1,0
BRDA:738,82,0,0
BRDA:738,82,1,0
BRDA:740,83,0,0
BRDA:740,83,1,0
BRDA:743,84,0,0
BRDA:743,84,1,0
BRDA:744,85,0,0
BRDA:744,85,1,0
BRDA:751,86,0,0
BRDA:751,86,1,0
BRDA:762,87,0,0
BRDA:762,87,1,0
BRDA:763,88,0,0
BRDA:763,88,1,0
BRDA:765,89,0,0
BRDA:765,89,1,0
BRDA:765,90,0,0
BRDA:765,90,1,0
BRDA:768,91,0,0
BRDA:768,91,1,0
BRDA:770,92,0,0
BRDA:770,92,1,0
BRDA:818,93,0,0
BRDA:818,93,1,0
BRDA:818,93,2,0
BRDA:821,94,0,0
BRDA:821,94,1,0
BRDA:830,95,0,0
BRDA:830,95,1,0
BRDA:859,96,0,0
BRDA:859,96,1,0
BRDA:859,97,0,0
BRDA:859,97,1,0
BRDA:859,97,2,0
BRDA:896,98,0,0
BRDA:896,98,1,0
BRDA:896,99,0,0
BRDA:896,99,1,0
BRDA:896,99,2,0
BRDA:904,100,0,0
BRDA:904,100,1,0
BRDA:912,101,0,0
BRDA:912,101,1,0
BRDA:949,102,0,0
BRDA:949,102,1,0
BRDA:1012,103,0,0
BRDA:1012,103,1,0
BRDA:1012,104,0,0
BRDA:1012,104,1,0
BRDA:1012,104,2,0
BRDA:1018,105,0,0
BRDA:1018,105,1,0
BRDA:1024,106,0,0
BRDA:1024,106,1,0
BRDA:1032,107,0,0
BRDA:1032,107,1,0
BRDA:1038,108,0,0
BRDA:1038,108,1,0
BRDA:1073,109,0,0
BRDA:1073,109,1,0
BRDA:1085,110,0,0
BRDA:1085,110,1,0
BRDA:1090,111,0,0
BRDA:1090,111,1,0
BRDA:1119,112,0,0
BRDA:1119,112,1,0
BRDA:1127,113,0,0
BRDA:1127,113,1,0
BRDA:1134,114,0,0
BRDA:1134,114,1,0
BRDA:1172,115,0,0
BRDA:1172,115,1,0
BRDA:1180,116,0,0
BRDA:1180,116,1,0
BRDA:1209,117,0,0
BRDA:1209,117,1,0
BRDA:1209,118,0,0
BRDA:1209,118,1,0
BRDA:1216,119,0,0
BRDA:1216,119,1,0
BRDA:1222,120,0,0
BRDA:1222,120,1,0
BRDA:1228,121,0,0
BRDA:1228,121,1,0
BRDA:1237,122,0,0
BRDA:1237,122,1,0
BRDA:1295,123,0,0
BRDA:1295,123,1,0
BRDA:1314,124,0,0
BRDA:1314,124,1,0
BRDA:1323,125,0,0
BRDA:1323,125,1,0
BRDA:1334,126,0,0
BRDA:1334,126,1,0
BRDA:1353,127,0,0
BRDA:1353,127,1,0
BRDA:1368,128,0,0
BRDA:1368,128,1,0
BRDA:1384,129,0,0
BRDA:1384,129,1,0
BRDA:1384,130,0,0
BRDA:1384,130,1,0
BRDA:1391,131,0,0
BRDA:1391,131,1,0
BRDA:1393,132,0,0
BRDA:1393,132,1,0
BRDA:1402,133,0,0
BRDA:1402,133,1,0
BRDA:1403,134,0,0
BRDA:1403,134,1,0
BRDA:1404,135,0,0
BRDA:1404,135,1,0
BRDA:1412,136,0,0
BRDA:1412,136,1,0
BRDA:1413,137,0,0
BRDA:1413,137,1,0
BRDA:1416,138,0,0
BRDA:1416,138,1,0
BRDA:1417,139,0,0
BRDA:1417,139,1,0
BRDA:1420,140,0,0
BRDA:1420,140,1,0
BRDA:1420,140,2,0
BRDA:1427,141,0,0
BRDA:1427,141,1,0
BRDA:1427,141,2,0
BRDA:1429,142,0,0
BRDA:1429,142,1,0
BRDA:1429,142,2,0
BRDA:1436,143,0,0
BRDA:1436,143,1,0
BRDA:1437,144,0,0
BRDA:1437,144,1,0
BRDA:1439,145,0,0
BRDA:1439,145,1,0
BRDA:1439,146,0,0
BRDA:1439,146,1,0
BRDA:1443,147,0,0
BRDA:1443,147,1,0
BRDA:1444,148,0,0
BRDA:1444,148,1,0
BRDA:1454,149,0,0
BRDA:1454,149,1,0
BRDA:1455,150,0,0
BRDA:1455,150,1,0
BRDA:1460,151,0,0
BRDA:1460,151,1,0
BRDA:1464,152,0,0
BRDA:1464,152,1,0
BRDA:1474,153,0,0
BRDA:1474,153,1,0
BRDA:1475,154,0,0
BRDA:1475,154,1,0
BRDA:1487,155,0,0
BRDA:1487,155,1,0
BRDA:1498,156,0,0
BRDA:1498,156,1,0
BRDA:1501,157,0,0
BRDA:1501,157,1,0
BRDA:1508,158,0,0
BRDA:1508,158,1,0
BRDA:1514,159,0,0
BRDA:1514,159,1,0
BRDA:1519,160,0,0
BRDA:1519,160,1,0
BRDA:1526,161,0,0
BRDA:1526,161,1,0
BRDA:1527,162,0,0
BRDA:1527,162,1,0
BRDA:1534,163,0,0
BRDA:1534,163,1,0
BRDA:1534,164,0,0
BRDA:1534,164,1,0
BRDA:1553,165,0,0
BRDA:1553,165,1,0
BRDA:1569,166,0,0
BRDA:1569,166,1,0
BRDA:1572,167,0,0
BRDA:1572,167,1,0
BRDA:1585,168,0,0
BRDA:1585,168,1,0
BRDA:1592,169,0,0
BRDA:1592,169,1,0
BRDA:1599,170,0,0
BRDA:1599,170,1,0
BRDA:1601,171,0,0
BRDA:1601,171,1,0
BRDA:1611,172,0,0
BRDA:1611,172,1,0
BRDA:1616,173,0,0
BRDA:1616,173,1,0
BRDA:1616,174,0,0
BRDA:1616,174,1,0
BRDA:1621,175,0,0
BRDA:1621,175,1,0
BRDA:1625,176,0,0
BRDA:1625,176,1,0
BRDA:1630,177,0,0
BRDA:1630,177,1,0
BRDA:1638,178,0,0
BRDA:1638,178,1,0
BRDA:1638,179,0,0
BRDA:1638,179,1,0
BRDA:1642,180,0,0
BRDA:1642,180,1,0
BRDA:1645,181,0,0
BRDA:1645,181,1,0
BRDA:1645,182,0,0
BRDA:1645,182,1,0
BRDA:1652,183,0,0
BRDA:1652,183,1,0
BRDA:1665,184,0,0
BRDA:1665,184,1,0
BRDA:1665,185,0,0
BRDA:1665,185,1,0
BRDA:1668,186,0,0
BRDA:1668,186,1,0
BRDA:1672,187,0,0
BRDA:1672,187,1,0
BRDA:1672,188,0,0
BRDA:1672,188,1,0
BRDA:1677,189,0,0
BRDA:1677,189,1,0
BRDA:1697,190,0,0
BRDA:1697,190,1,0
BRDA:1697,191,0,0
BRDA:1697,191,1,0
BRDA:1727,192,0,0
BRDA:1727,192,1,0
BRDA:1731,193,0,0
BRDA:1731,193,1,0
BRDA:1731,194,0,0
BRDA:1731,194,1,0
BRDA:1735,195,0,0
BRDA:1735,195,1,0
BRDA:1735,196,0,0
BRDA:1735,196,1,0
BRDA:1735,196,2,0
BRDA:1740,197,0,0
BRDA:1740,197,1,0
BRDA:1741,198,0,0
BRDA:1741,198,1,0
BRDA:1743,199,0,0
BRDA:1743,199,1,0
BRDA:1743,200,0,0
BRDA:1743,200,1,0
BRDA:1746,201,0,0
BRDA:1746,201,1,0
BRDA:1748,202,0,0
BRDA:1748,202,1,0
BRDA:1793,203,0,0
BRDA:1793,203,1,0
BRDA:1793,203,2,0
BRDA:1797,204,0,0
BRDA:1797,204,1,0
BRDA:1837,205,0,0
BRDA:1837,205,1,0
BRDA:1837,206,0,0
BRDA:1837,206,1,0
BRDA:1844,207,0,0
BRDA:1844,207,1,0
BRDA:1849,208,0,0
BRDA:1849,208,1,0
BRDA:1849,209,0,0
BRDA:1849,209,1,0
BRDA:1900,210,0,0
BRDA:1900,210,1,0
BRDA:1907,211,0,0
BRDA:1907,211,1,0
BRDA:1941,212,0,0
BRDA:1941,212,1,0
BRDA:1944,213,0,0
BRDA:1944,213,1,0
BRDA:1945,214,0,0
BRDA:1945,214,1,0
BRDA:1946,215,0,0
BRDA:1946,215,1,0
BRDA:1961,216,0,0
BRDA:1961,216,1,0
BRDA:1962,217,0,0
BRDA:1962,217,1,0
BRDA:1962,218,0,0
BRDA:1962,218,1,0
BRDA:1962,218,2,0
BRDA:1971,219,0,0
BRDA:1971,219,1,0
BRDA:1971,220,0,0
BRDA:1971,220,1,0
BRDA:1975,221,0,0
BRDA:1975,221,1,0
BRDA:1976,222,0,0
BRDA:1976,222,1,0
BRDA:1977,223,0,0
BRDA:1977,223,1,0
BRDA:1983,224,0,0
BRDA:1983,224,1,0
BRDA:2008,225,0,0
BRDA:2008,225,1,0
BRDA:2035,226,0,0
BRDA:2035,226,1,0
BRDA:2036,227,0,0
BRDA:2036,227,1,0
BRDA:2046,228,0,0
BRDA:2046,228,1,0
BRDA:2046,229,0,0
BRDA:2046,229,1,0
BRDA:2052,230,0,0
BRDA:2052,230,1,0
BRDA:2052,231,0,0
BRDA:2052,231,1,0
BRDA:2058,232,0,0
BRDA:2058,232,1,0
BRDA:2058,233,0,0
BRDA:2058,233,1,0
BRDA:2081,234,0,0
BRDA:2081,234,1,0
BRDA:2082,235,0,0
BRDA:2082,235,1,0
BRDA:2083,236,0,0
BRDA:2083,236,1,0
BRDA:2084,237,0,0
BRDA:2084,237,1,0
BRDA:2085,238,0,0
BRDA:2085,238,1,0
BRDA:2086,239,0,0
BRDA:2086,239,1,0
BRDA:2086,240,0,0
BRDA:2086,240,1,0
BRDA:2087,241,0,0
BRDA:2087,241,1,0
BRDA:2087,242,0,0
BRDA:2087,242,1,0
BRDA:2094,243,0,0
BRDA:2094,243,1,0
BRDA:2130,244,0,0
BRDA:2130,244,1,0
BRDA:2130,244,2,0
BRDA:2130,244,3,0
BRDA:2136,245,0,0
BRDA:2136,245,1,0
BRDA:2142,246,0,0
BRDA:2142,246,1,0
BRDA:2142,246,2,0
BRDA:2143,247,0,0
BRDA:2143,247,1,0
BRDA:2143,247,2,0
BRDA:2144,248,0,0
BRDA:2144,248,1,0
BRDA:2144,248,2,0
BRDA:2161,249,0,0
BRDA:2161,249,1,0
BRDA:2161,249,2,0
BRDA:2161,249,3,0
BRDA:2167,250,0,0
BRDA:2167,250,1,0
BRDA:2173,251,0,0
BRDA:2176,252,0,0
BRDA:2176,252,1,0
BRDA:2176,253,0,0
BRDA:2176,253,1,0
BRDA:2176,253,2,0
BRDA:2244,254,0,0
BRDA:2244,254,1,0
BRDA:2258,255,0,0
BRDA:2258,255,1,0
BRDA:2263,256,0,0
BRDA:2263,256,1,0
BRDA:2267,257,0,0
BRDA:2267,257,1,0
BRDA:2280,258,0,0
BRDA:2280,258,1,0
BRDA:2325,259,0,0
BRDA:2325,259,1,0
BRDA:2334,260,0,0
BRDA:2334,260,1,0
BRDA:2340,261,0,0
BRDA:2340,261,1,0
BRDA:2347,262,0,0
BRDA:2347,262,1,0
BRDA:2360,263,0,0
BRDA:2360,263,1,0
BRDA:2360,264,0,0
BRDA:2360,264,1,0
BRDA:2369,265,0,0
BRDA:2369,265,1,0
BRDA:2397,266,0,0
BRDA:2397,266,1,0
BRDA:2441,267,0,0
BRDA:2441,267,1,0
BRDA:2448,268,0,0
BRDA:2448,268,1,0
BRDA:2502,269,0,0
BRDA:2502,269,1,0
BRDA:2502,270,0,0
BRDA:2502,270,1,0
BRDA:2502,270,2,0
BRDA:2512,271,0,0
BRDA:2512,271,1,0
BRDA:2525,272,0,0
BRDA:2525,272,1,0
BRDA:2545,273,0,0
BRDA:2545,273,1,0
BRDA:2545,274,0,0
BRDA:2545,274,1,0
BRDA:2554,275,0,0
BRDA:2554,275,1,0
BRDA:2561,276,0,0
BRDA:2561,276,1,0
BRDA:2581,277,0,0
BRDA:2581,277,1,0
BRDA:2595,278,0,0
BRDA:2595,278,1,0
BRDA:2596,279,0,0
BRDA:2596,279,1,0
BRDA:2597,280,0,0
BRDA:2597,280,1,0
BRDA:2599,281,0,0
BRDA:2599,281,1,0
BRDA:2617,282,0,0
BRDA:2617,282,1,0
BRDA:2632,283,0,0
BRDA:2632,283,1,0
BRDA:2648,284,0,0
BRDA:2648,284,1,0
BRDA:2655,285,0,0
BRDA:2655,285,1,0
BRDA:2659,286,0,0
BRDA:2659,286,1,0
BRDA:2664,287,0,0
BRDA:2664,287,1,0
BRDA:2664,288,0,0
BRDA:2664,288,1,0
BRDA:2671,289,0,0
BRDA:2671,289,1,0
BRDA:2691,290,0,0
BRDA:2691,290,1,0
BRDA:2695,291,0,0
BRDA:2695,291,1,0
BRDA:2794,292,0,0
BRDA:2794,292,1,0
BRDA:2824,293,0,0
BRDA:2824,293,1,0
BRDA:2848,294,0,0
BRDA:2848,294,1,0
BRDA:2852,295,0,0
BRDA:2852,295,1,0
BRDA:2857,296,0,0
BRDA:2857,296,1,0
BRDA:2858,297,0,0
BRDA:2858,297,1,0
BRDA:2858,298,0,0
BRDA:2858,298,1,0
BRDA:2863,299,0,0
BRDA:2863,299,1,0
BRDA:2864,300,0,0
BRDA:2864,300,1,0
BRDA:2873,301,0,0
BRDA:2873,301,1,0
BRDA:2874,302,0,0
BRDA:2874,302,1,0
BRDA:2875,303,0,0
BRDA:2875,303,1,0
BRDA:2878,304,0,0
BRDA:2878,304,1,0
BRDA:2879,305,0,0
BRDA:2879,305,1,0
BRDA:2883,306,0,0
BRDA:2883,306,1,0
BRDA:2913,307,0,0
BRDA:2913,307,1,0
BRDA:2913,308,0,0
BRDA:2913,308,1,0
BRDA:2922,309,0,0
BRDA:2922,309,1,0
BRDA:2953,310,0,0
BRDA:2953,310,1,0
BRDA:2953,311,0,0
BRDA:2953,311,1,0
BRDA:2953,311,2,0
BRDA:2953,311,3,0
BRDA:2953,311,4,0
BRDA:2953,311,5,0
BRDA:2953,311,6,0
BRDA:2961,312,0,0
BRDA:2961,312,1,0
BRDA:2999,313,0,0
BRDA:2999,313,1,0
BRDA:3018,314,0,0
BRDA:3018,314,1,0
BRDA:3018,315,0,0
BRDA:3018,315,1,0
BRDA:3018,315,2,0
BRDA:3022,316,0,0
BRDA:3022,316,1,0
BRDA:3027,317,0,0
BRDA:3027,317,1,0
BRDA:3046,318,0,0
BRDA:3046,318,1,0
BRDA:3052,319,0,0
BRDA:3052,319,1,0
BRDA:3052,320,0,0
BRDA:3052,320,1,0
BRDA:3067,321,0,0
BRDA:3067,321,1,0
BRDA:3083,322,0,0
BRDA:3083,322,1,0
BRDA:3107,323,0,0
BRDA:3107,323,1,0
BRDA:3107,324,0,0
BRDA:3107,324,1,0
BRDA:3107,324,2,0
BRDA:3121,325,0,0
BRDA:3121,325,1,0
BRDA:3128,326,0,0
BRDA:3128,326,1,0
BRDA:3128,327,0,0
BRDA:3128,327,1,0
BRDA:3161,328,0,0
BRDA:3161,328,1,0
BRDA:3181,329,0,0
BRDA:3181,329,1,0
BRDA:3181,330,0,0
BRDA:3181,330,1,0
BRDA:3181,330,2,0
BRDA:3185,331,0,0
BRDA:3185,331,1,0
BRDA:3185,332,0,0
BRDA:3185,332,1,0
BRDA:3191,333,0,0
BRDA:3191,333,1,0
BRDA:3205,334,0,0
BRDA:3205,334,1,0
BRDA:3212,335,0,0
BRDA:3212,335,1,0
BRDA:3212,336,0,0
BRDA:3212,336,1,0
BRDA:3239,337,0,0
BRDA:3239,337,1,0
BRDA:3259,338,0,0
BRDA:3259,338,1,0
BRDA:3264,339,0,0
BRDA:3264,339,1,0
BRDA:3272,340,0,0
BRDA:3272,340,1,0
BRDA:3290,341,0,0
BRDA:3290,341,1,0
BRDA:3309,342,0,0
BRDA:3309,342,1,0
BRDA:3317,343,0,0
BRDA:3317,343,1,0
BRDA:3317,343,2,0
BRDA:3317,343,3,0
BRDA:3321,344,0,0
BRDA:3321,344,1,0
BRDA:3321,345,0,0
BRDA:3321,345,1,0
BRDA:3343,346,0,0
BRDA:3343,346,1,0
BRDA:3343,347,0,0
BRDA:3343,347,1,0
BRDA:3349,348,0,0
BRDA:3349,348,1,0
BRDA:3349,349,0,0
BRDA:3349,349,1,0
BRDA:3349,349,2,0
BRDA:3349,349,3,0
BRDA:3349,349,4,0
BRDA:3349,349,5,0
BRDA:3349,349,6,0
BRDA:3357,350,0,0
BRDA:3357,350,1,0
BRDA:3364,351,0,0
BRDA:3364,351,1,0
BRDA:3364,352,0,0
BRDA:3364,352,1,0
BRDA:3364,352,2,0
BRDA:3368,353,0,0
BRDA:3368,353,1,0
BRDA:3368,354,0,0
BRDA:3368,354,1,0
BRDA:3374,355,0,0
BRDA:3374,355,1,0
BRDA:3374,356,0,0
BRDA:3374,356,1,0
BRDA:3381,357,0,0
BRDA:3381,357,1,0
BRDA:3381,358,0,0
BRDA:3381,358,1,0
BRDA:3381,358,2,0
BRDA:3412,359,0,0
BRDA:3412,359,1,0
BRDA:3426,360,0,0
BRDA:3426,360,1,0
BRDA:3433,361,0,0
BRDA:3433,361,1,0
BRDA:3433,362,0,0
BRDA:3433,362,1,0
BRDA:3439,363,0,0
BRDA:3439,363,1,0
BRDA:3439,364,0,0
BRDA:3439,364,1,0
BRDA:3506,365,0,0
BRDA:3506,365,1,0
BRDA:3517,366,0,0
BRDA:3517,366,1,0
BRDA:3518,367,0,0
BRDA:3518,367,1,0
BRDA:3520,368,0,0
BRDA:3520,368,1,0
BRDA:3527,369,0,0
BRDA:3527,369,1,0
BRDA:3551,370,0,0
BRDA:3551,370,1,0
BRDA:3568,371,0,0
BRDA:3568,371,1,0
BRDA:3584,372,0,0
BRDA:3584,372,1,0
BRDA:3584,373,0,0
BRDA:3584,373,1,0
BRDA:3592,374,0,0
BRDA:3592,374,1,0
BRDA:3608,375,0,0
BRDA:3608,375,1,0
BRDA:3622,376,0,0
BRDA:3622,376,1,0
BRDA:3628,377,0,0
BRDA:3628,377,1,0
BRDA:3628,378,0,0
BRDA:3628,378,1,0
BRDA:3636,379,0,0
BRDA:3636,379,1,0
BRDA:3636,380,0,0
BRDA:3636,380,1,0
BRDA:3652,381,0,0
BRDA:3652,381,1,0
BRDA:3666,382,0,0
BRDA:3666,382,1,0
BRDA:3671,383,0,0
BRDA:3671,383,1,0
BRDA:3724,384,0,0
BRDA:3724,384,1,0
BRDA:3724,385,0,0
BRDA:3724,385,1,0
BRDA:3730,386,0,0
BRDA:3730,386,1,0
BRDA:3738,387,0,0
BRDA:3738,387,1,0
BRDA:3739,388,0,0
BRDA:3739,388,1,0
BRDA:3768,389,0,0
BRDA:3768,389,1,0
BRDA:3773,390,0,0
BRDA:3773,390,1,0
BRDA:3773,391,0,0
BRDA:3773,391,1,0
BRDA:3775,392,0,0
BRDA:3775,392,1,0
BRDA:3781,393,0,0
BRDA:3781,393,1,0
BRDA:3782,394,0,0
BRDA:3782,394,1,0
BRDA:3783,395,0,0
BRDA:3783,395,1,0
BRDA:3784,396,0,0
BRDA:3784,396,1,0
BRDA:3785,397,0,0
BRDA:3785,397,1,0
BRDA:3813,398,0,0
BRDA:3813,398,1,0
BRDA:3819,399,0,0
BRDA:3819,399,1,0
BRDA:3850,400,0,0
BRDA:3850,400,1,0
BRDA:3850,401,0,0
BRDA:3850,401,1,0
BRDA:3887,402,0,0
BRDA:3887,402,1,0
BRDA:3893,403,0,0
BRDA:3893,403,1,0
BRDA:3920,404,0,0
BRDA:3920,404,1,0
BRDA:3956,405,0,0
BRDA:3956,405,1,0
BRDA:3972,406,0,0
BRDA:3972,406,1,0
BRDA:3973,407,0,0
BRDA:3973,407,1,0
BRDA:3974,408,0,0
BRDA:3974,408,1,0
BRDA:3998,409,0,0
BRDA:3998,409,1,0
BRDA:3998,410,0,0
BRDA:3998,410,1,0
BRDA:4025,411,0,0
BRDA:4025,411,1,0
BRDA:4028,412,0,0
BRDA:4028,412,1,0
BRDA:4031,413,0,0
BRDA:4031,413,1,0
BRDA:4031,414,0,0
BRDA:4031,414,1,0
BRDA:4034,415,0,0
BRDA:4034,415,1,0
BRDA:4037,416,0,0
BRDA:4037,416,1,0
BRDA:4038,417,0,0
BRDA:4038,417,1,0
BRDA:4039,418,0,0
BRDA:4039,418,1,0
BRDA:4057,419,0,0
BRDA:4057,419,1,0
BRDA:4057,420,0,0
BRDA:4057,420,1,0
BRDA:4076,421,0,0
BRDA:4076,421,1,0
BRDA:4084,422,0,0
BRDA:4084,422,1,0
BRDA:4085,423,0,0
BRDA:4085,423,1,0
BRDA:4095,424,0,0
BRDA:4095,424,1,0
BRDA:4095,425,0,0
BRDA:4095,425,1,0
BRDA:4098,426,0,0
BRDA:4098,426,1,0
BRDA:4100,427,0,0
BRDA:4100,427,1,0
BRDA:4118,428,0,0
BRDA:4118,428,1,0
BRDA:4119,429,0,0
BRDA:4119,429,1,0
BRDA:4120,430,0,0
BRDA:4120,430,1,0
BRDA:4126,431,0,0
BRDA:4126,431,1,0
BRDA:4148,432,0,0
BRDA:4148,432,1,0
BRDA:4159,433,0,0
BRDA:4159,433,1,0
BRDA:4162,434,0,0
BRDA:4162,434,1,0
BRDA:4163,435,0,0
BRDA:4163,435,1,0
BRDA:4175,436,0,0
BRDA:4175,436,1,0
BRDA:4176,437,0,0
BRDA:4176,437,1,0
BRDA:4185,438,0,0
BRDA:4185,438,1,0
BRDA:4186,439,0,0
BRDA:4186,439,1,0
BRDA:4225,440,0,0
BRDA:4225,440,1,0
BRDA:4225,441,0,0
BRDA:4225,441,1,0
BRDA:4232,442,0,0
BRDA:4232,442,1,0
BRDA:4247,443,0,0
BRDA:4247,443,1,0
BRDA:4263,444,0,0
BRDA:4263,444,1,0
BRDA:4264,445,0,0
BRDA:4264,445,1,0
BRDA:4280,446,0,0
BRDA:4280,446,1,0
BRDA:4295,447,0,0
BRDA:4295,447,1,0
BRDA:4298,448,0,0
BRDA:4298,448,1,0
BRDA:4301,449,0,0
BRDA:4301,449,1,0
BRDA:4314,450,0,0
BRDA:4314,450,1,0
BRDA:4319,451,0,0
BRDA:4319,451,1,0
BRDA:4324,452,0,0
BRDA:4324,452,1,0
BRDA:4329,453,0,0
BRDA:4329,453,1,0
BRDA:4334,454,0,0
BRDA:4334,454,1,0
BRDA:4339,455,0,0
BRDA:4339,455,1,0
BRDA:4339,456,0,0
BRDA:4339,456,1,0
BRDA:4367,457,0,0
BRDA:4367,457,1,0
BRDA:4368,458,0,0
BRDA:4368,458,1,0
BRDA:4374,459,0,0
BRDA:4374,459,1,0
BRDA:4374,460,0,0
BRDA:4374,460,1,0
BRDA:4394,461,0,0
BRDA:4394,461,1,0
BRDA:4394,462,0,0
BRDA:4394,462,1,0
BRDA:4401,463,0,0
BRDA:4401,463,1,0
BRDA:4420,464,0,0
BRDA:4420,464,1,0
BRDA:4421,465,0,0
BRDA:4421,465,1,0
BRDA:4437,466,0,0
BRDA:4437,466,1,0
BRDA:4442,467,0,0
BRDA:4442,467,1,0
BRDA:4453,468,0,0
BRDA:4453,468,1,0
BRDA:4459,469,0,0
BRDA:4459,469,1,0
BRDA:4491,470,0,0
BRDA:4491,470,1,0
BRDA:4491,471,0,0
BRDA:4491,471,1,0
BRDA:4496,472,0,0
BRDA:4496,472,1,0
BRDA:4496,473,0,0
BRDA:4496,473,1,0
BRDA:4501,474,0,0
BRDA:4501,474,1,0
BRDA:4501,475,0,0
BRDA:4501,475,1,0
BRDA:4501,475,2,0
BRDA:4501,475,3,0
BRDA:4511,476,0,0
BRDA:4511,476,1,0
BRDA:4512,477,0,0
BRDA:4512,477,1,0
BRDA:4513,478,0,0
BRDA:4513,478,1,0
BRDA:4514,479,0,0
BRDA:4514,479,1,0
BRDA:4525,480,0,0
BRDA:4525,480,1,0
BRDA:4552,481,0,0
BRDA:4552,481,1,0
BRDA:4582,482,0,0
BRDA:4582,482,1,0
BRDA:4583,483,0,0
BRDA:4583,483,1,0
BRDA:4584,484,0,0
BRDA:4584,484,1,0
BRDA:4585,485,0,0
BRDA:4585,485,1,0
BRDA:4586,486,0,0
BRDA:4586,486,1,0
BRDA:4587,487,0,0
BRDA:4587,487,1,0
BRDA:4588,488,0,0
BRDA:4588,488,1,0
BRDA:4597,489,0,0
BRDA:4597,489,1,0
BRDA:4614,490,0,0
BRDA:4614,490,1,0
BRDA:4618,491,0,0
BRDA:4618,491,1,0
BRDA:4626,492,0,0
BRDA:4626,492,1,0
BRDA:4626,493,0,0
BRDA:4626,493,1,0
BRDA:4650,494,0,0
BRDA:4650,494,1,0
BRDA:4655,495,0,0
BRDA:4655,495,1,0
BRDA:4696,496,0,0
BRDA:4696,496,1,0
BRDA:4713,497,0,0
BRDA:4713,497,1,0
BRDA:4741,498,0,0
BRDA:4741,498,1,0
BRDA:4751,499,0,0
BRDA:4751,499,1,0
BRDA:4755,500,0,0
BRDA:4755,500,1,0
BRDA:4755,501,0,0
BRDA:4755,501,1,0
BRDA:4755,502,0,0
BRDA:4755,502,1,0
BRDA:4773,503,0,0
BRDA:4773,503,1,0
BRDA:4784,504,0,0
BRDA:4784,504,1,0
BRDA:4785,505,0,0
BRDA:4785,505,1,0
BRDA:4785,506,0,0
BRDA:4785,506,1,0
BRDA:4785,507,0,0
BRDA:4785,507,1,0
BRDA:4786,508,0,0
BRDA:4786,508,1,0
BRDA:4786,509,0,0
BRDA:4786,509,1,0
BRDA:4786,510,0,0
BRDA:4786,510,1,0
BRDA:4786,511,0,0
BRDA:4786,511,1,0
BRDA:4807,512,0,0
BRDA:4807,512,1,0
BRDA:4807,513,0,0
BRDA:4807,513,1,0
BRDA:4827,514,0,0
BRDA:4827,514,1,0
BRDA:4832,515,0,0
BRDA:4832,515,1,0
BRDA:4832,516,0,0
BRDA:4832,516,1,0
BRDA:4867,517,0,0
BRDA:4867,517,1,0
BRDA:4872,518,0,0
BRDA:4872,518,1,0
BRDA:4879,519,0,0
BRDA:4879,519,1,0
BRDA:4894,520,0,0
BRDA:4894,520,1,0
BRDA:4902,521,0,0
BRDA:4902,521,1,0
BRDA:4902,522,0,0
BRDA:4902,522,1,0
BRDA:4909,523,0,0
BRDA:4909,523,1,0
BRDA:4909,523,2,0
BRDA:4927,524,0,0
BRDA:4927,524,1,0
BRDA:4932,525,0,0
BRDA:4932,525,1,0
BRDA:4938,526,0,0
BRDA:4938,526,1,0
BRDA:4938,527,0,0
BRDA:4938,527,1,0
BRDA:4938,527,2,0
BRDA:4955,528,0,0
BRDA:4955,528,1,0
BRDA:4983,529,0,0
BRDA:4983,529,1,0
BRDA:4988,530,0,0
BRDA:4988,530,1,0
BRDA:5004,531,0,0
BRDA:5004,531,1,0
BRDA:5005,532,0,0
BRDA:5005,532,1,0
BRDA:5014,533,0,0
BRDA:5014,533,1,0
BRDA:5016,534,0,0
BRDA:5016,534,1,0
BRDA:5016,535,0,0
BRDA:5016,535,1,0
BRDA:5016,536,0,0
BRDA:5016,536,1,0
BRF:1115
BRH:0
end_of_record
TN:
SF:services/attestationScheduler.js
FN:13,(anonymous_0)
FN:16,(anonymous_1)
FN:28,(anonymous_2)
FN:62,(anonymous_3)
FN:65,(anonymous_4)
FN:77,(anonymous_5)
FN:116,(anonymous_6)
FN:119,(anonymous_7)
FN:145,(anonymous_8)
FNF:9
FNH:0
FNDA:0,(anonymous_0)
FNDA:0,(anonymous_1)
FNDA:0,(anonymous_2)
FNDA:0,(anonymous_3)
FNDA:0,(anonymous_4)
FNDA:0,(anonymous_5)
FNDA:0,(anonymous_6)
FNDA:0,(anonymous_7)
FNDA:0,(anonymous_8)
DA:13,0
DA:14,0
DA:15,0
DA:16,0
DA:18,0
DA:19,0
DA:20,0
DA:21,0
DA:24,0
DA:25,0
DA:28,0
DA:29,0
DA:32,0
DA:33,0
DA:34,0
DA:35,0
DA:37,0
DA:39,0
DA:41,0
DA:44,0
DA:51,0
DA:53,0
DA:54,0
DA:62,0
DA:63,0
DA:64,0
DA:65,0
DA:67,0
DA:68,0
DA:69,0
DA:70,0
DA:73,0
DA:74,0
DA:77,0
DA:78,0
DA:81,0
DA:82,0
DA:83,0
DA:84,0
DA:86,0
DA:93,0
DA:95,0
DA:98,0
DA:105,0
DA:107,0
DA:108,0
DA:116,0
DA:117,0
DA:118,0
DA:119,0
DA:121,0
DA:123,0
DA:124,0
DA:126,0
DA:127,0
DA:130,0
DA:134,0
DA:136,0
DA:137,0
DA:145,0
DA:146,0
DA:148,0
DA:149,0
DA:150,0
DA:152,0
DA:156,0
DA:157,0
DA:160,0
DA:163,0
DA:165,0
LF:70
LH:0
BRDA:24,0,0,0
BRDA:24,0,1,0
BRDA:29,1,0,0
BRDA:29,1,1,0
BRDA:34,2,0,0
BRDA:34,2,1,0
BRDA:34,3,0,0
BRDA:34,3,1,0
BRDA:35,4,0,0
BRDA:35,4,1,0
BRDA:39,5,0,0
BRDA:39,5,1,0
BRDA:73,6,0,0
BRDA:73,6,1,0
BRDA:78,7,0,0
BRDA:78,7,1,0
BRDA:83,8,0,0
BRDA:83,8,1,0
BRDA:83,9,0,0
BRDA:83,9,1,0
BRDA:83,9,2,0
BRDA:84,10,0,0
BRDA:84,10,1,0
BRDA:93,11,0,0
BRDA:93,11,1,0
BRDA:119,12,0,0
BRDA:119,12,1,0
BRDA:126,13,0,0
BRDA:126,13,1,0
BRDA:156,14,0,0
BRDA:156,14,1,0
BRF:31
BRH:0
end_of_record
TN:
SF:services/smtpMailer.js
FN:14,(anonymous_0)
FN:24,(anonymous_1)
FN:94,(anonymous_2)
FN:109,(anonymous_3)
FN:204,(anonymous_4)
FN:228,(anonymous_5)
FN:318,(anonymous_6)
FN:385,(anonymous_7)
FN:448,(anonymous_8)
FN:509,(anonymous_9)
FNF:10
FNH:4
FNDA:0,(anonymous_0)
FNDA:8,(anonymous_1)
FNDA:5,(anonymous_2)
FNDA:9,(anonymous_3)
FNDA:2,(anonymous_4)
FNDA:0,(anonymous_5)
FNDA:0,(anonymous_6)
FNDA:0,(anonymous_7)
FNDA:0,(anonymous_8)
FNDA:0,(anonymous_9)
DA:14,1
DA:15,0
DA:16,0
DA:24,1
DA:25,8
DA:27,8
DA:28,0
DA:31,8
DA:32,0
DA:36,8
DA:37,8
DA:38,8
DA:39,3
DA:40,3
DA:42,1
DA:47,7
DA:48,7
DA:49,2
DA:55,2
DA:56,0
DA:63,7
DA:64,7
DA:79,7
DA:94,1
DA:95,5
DA:101,5
DA:109,1
DA:110,9
DA:111,9
DA:113,9
DA:114,1
DA:120,8
DA:121,1
DA:128,7
DA:129,7
DA:130,1
DA:136,6
DA:139,5
DA:140,5
DA:142,5
DA:153,5
DA:166,5
DA:168,2
DA:176,4
DA:178,4
DA:179,1
DA:180,3
DA:181,1
DA:182,2
DA:183,1
DA:184,1
DA:185,0
DA:186,1
DA:187,0
DA:192,4
DA:204,1
DA:205,2
DA:206,2
DA:207,2
DA:208,1
DA:214,1
DA:228,1
DA:229,0
DA:230,0
DA:232,0
DA:233,0
DA:239,0
DA:240,0
DA:246,0
DA:249,0
DA:250,0
DA:252,0
DA:270,0
DA:284,0
DA:286,0
DA:293,0
DA:295,0
DA:296,0
DA:297,0
DA:298,0
DA:299,0
DA:300,0
DA:303,0
DA:318,1
DA:319,0
DA:320,0
DA:322,0
DA:323,0
DA:326,0
DA:327,0
DA:330,0
DA:331,0
DA:332,0
DA:335,0
DA:336,0
DA:337,0
DA:340,0
DA:358,0
DA:370,0
DA:371,0
DA:373,0
DA:374,0
DA:385,1
DA:386,0
DA:387,0
DA:389,0
DA:390,0
DA:393,0
DA:394,0
DA:397,0
DA:398,0
DA:399,0
DA:402,0
DA:403,0
DA:404,0
DA:407,0
DA:420,0
DA:432,0
DA:433,0
DA:435,0
DA:436,0
DA:448,1
DA:449,0
DA:450,0
DA:452,0
DA:453,0
DA:456,0
DA:457,0
DA:460,0
DA:461,0
DA:462,0
DA:464,0
DA:478,0
DA:493,0
DA:494,0
DA:496,0
DA:497,0
DA:509,1
DA:510,0
DA:511,0
DA:513,0
DA:514,0
DA:517,0
DA:518,0
DA:521,0
DA:522,0
DA:523,0
DA:525,0
DA:535,0
DA:547,0
DA:548,0
DA:550,0
DA:551,0
LF:153
LH:59
BRDA:16,0,0,0
BRDA:16,0,1,0
BRDA:16,0,2,0
BRDA:16,0,3,0
BRDA:27,1,0,0
BRDA:27,1,1,8
BRDA:27,2,0,8
BRDA:27,2,1,8
BRDA:31,3,0,0
BRDA:31,3,1,8
BRDA:31,4,0,8
BRDA:31,4,1,8
BRDA:38,5,0,3
BRDA:38,5,1,5
BRDA:48,6,0,2
BRDA:48,6,1,5
BRDA:51,7,0,2
BRDA:51,7,1,0
BRDA:55,8,0,0
BRDA:55,8,1,2
BRDA:55,9,0,2
BRDA:55,9,1,0
BRDA:63,10,0,7
BRDA:63,10,1,3
BRDA:67,11,0,7
BRDA:67,11,1,4
BRDA:76,12,0,7
BRDA:76,12,1,4
BRDA:95,13,0,0
BRDA:95,13,1,5
BRDA:95,14,0,5
BRDA:95,14,1,0
BRDA:113,15,0,1
BRDA:113,15,1,8
BRDA:113,16,0,9
BRDA:113,16,1,9
BRDA:120,17,0,1
BRDA:120,17,1,7
BRDA:128,18,0,7
BRDA:128,18,1,2
BRDA:129,19,0,1
BRDA:129,19,1,6
BRDA:140,20,0,5
BRDA:140,20,1,0
BRDA:154,21,0,5
BRDA:154,21,1,4
BRDA:178,22,0,1
BRDA:178,22,1,3
BRDA:180,23,0,1
BRDA:180,23,1,2
BRDA:180,24,0,3
BRDA:180,24,1,2
BRDA:182,25,0,1
BRDA:182,25,1,1
BRDA:182,26,0,2
BRDA:182,26,1,1
BRDA:184,27,0,0
BRDA:184,27,1,1
BRDA:184,28,0,1
BRDA:184,28,1,1
BRDA:186,29,0,0
BRDA:186,29,1,1
BRDA:186,30,0,1
BRDA:186,30,1,0
BRDA:187,31,0,0
BRDA:187,31,1,0
BRDA:195,32,0,0
BRDA:195,32,1,4
BRDA:232,33,0,0
BRDA:232,33,1,0
BRDA:232,34,0,0
BRDA:232,34,1,0
BRDA:239,35,0,0
BRDA:239,35,1,0
BRDA:250,36,0,0
BRDA:250,36,1,0
BRDA:271,37,0,0
BRDA:271,37,1,0
BRDA:295,38,0,0
BRDA:295,38,1,0
BRDA:297,39,0,0
BRDA:297,39,1,0
BRDA:297,40,0,0
BRDA:297,40,1,0
BRDA:299,41,0,0
BRDA:299,41,1,0
BRDA:299,42,0,0
BRDA:299,42,1,0
BRDA:306,43,0,0
BRDA:306,43,1,0
BRDA:318,44,0,0
BRDA:322,45,0,0
BRDA:322,45,1,0
BRDA:322,46,0,0
BRDA:322,46,1,0
BRDA:326,47,0,0
BRDA:326,47,1,0
BRDA:332,48,0,0
BRDA:332,48,1,0
BRDA:335,49,0,0
BRDA:335,49,1,0
BRDA:343,50,0,0
BRDA:343,50,1,0
BRDA:359,51,0,0
BRDA:359,51,1,0
BRDA:363,52,0,0
BRDA:363,52,1,0
BRDA:385,53,0,0
BRDA:389,54,0,0
BRDA:389,54,1,0
BRDA:389,55,0,0
BRDA:389,55,1,0
BRDA:393,56,0,0
BRDA:393,56,1,0
BRDA:399,57,0,0
BRDA:399,57,1,0
BRDA:402,58,0,0
BRDA:402,58,1,0
BRDA:421,59,0,0
BRDA:421,59,1,0
BRDA:452,60,0,0
BRDA:452,60,1,0
BRDA:452,61,0,0
BRDA:452,61,1,0
BRDA:456,62,0,0
BRDA:456,62,1,0
BRDA:462,63,0,0
BRDA:462,63,1,0
BRDA:479,64,0,0
BRDA:479,64,1,0
BRDA:513,65,0,0
BRDA:513,65,1,0
BRDA:513,66,0,0
BRDA:513,66,1,0
BRDA:517,67,0,0
BRDA:517,67,1,0
BRDA:523,68,0,0
BRDA:523,68,1,0
BRDA:536,69,0,0
BRDA:536,69,1,0
BRF:140
BRH:50
end_of_record
TN:
SF:utils/encryption.js
FN:9,(anonymous_0)
FN:41,(anonymous_1)
FN:75,(anonymous_2)
FN:112,(anonymous_3)
FNF:4
FNH:4
FNDA:26,(anonymous_0)
FNDA:17,(anonymous_1)
FNDA:13,(anonymous_2)
FNDA:25,(anonymous_3)
DA:9,2
DA:10,26
DA:12,26
DA:13,2
DA:18,24
DA:19,24
DA:20,24
DA:22,1
DA:25,0
DA:28,24
DA:29,1
DA:32,23
DA:41,2
DA:42,17
DA:43,2
DA:46,15
DA:47,15
DA:50,13
DA:53,13
DA:56,13
DA:57,13
DA:60,13
DA:63,13
DA:65,2
DA:75,2
DA:76,13
DA:77,2
DA:80,11
DA:81,11
DA:84,10
DA:85,10
DA:86,1
DA:89,9
DA:90,9
DA:91,9
DA:94,9
DA:95,9
DA:98,9
DA:99,9
DA:101,7
DA:103,4
DA:112,2
DA:113,25
DA:114,25
LF:44
LH:43
BRDA:12,0,0,2
BRDA:12,0,1,24
BRDA:20,1,0,1
BRDA:20,1,1,23
BRDA:28,2,0,1
BRDA:28,2,1,23
BRDA:42,3,0,2
BRDA:42,3,1,15
BRDA:76,4,0,2
BRDA:76,4,1,11
BRDA:85,5,0,1
BRDA:85,5,1,9
BRDA:112,6,0,2
BRF:13
BRH:13
end_of_record
